ERROR - 2024-01-12 00:52:15 --> Data truncated for column 'activity_type' at row 1
CRITICAL - 2024-01-12 00:52:15 --> Data truncated for column 'activity_type' at row 1
#0 C:\laragon\www\ci4dev\system\Database\MySQLi\Connection.php(292): mysqli->query('UPDATE `kategor...', 0)
#1 C:\laragon\www\ci4dev\system\Database\BaseConnection.php(670): CodeIgniter\Database\MySQLi\Connection->execute('UPDATE `kategor...')
#2 C:\laragon\www\ci4dev\system\Database\BaseConnection.php(598): CodeIgniter\Database\BaseConnection->simpleQuery('UPDATE `kategor...')
#3 C:\laragon\www\ci4dev\system\Database\BaseBuilder.php(1913): CodeIgniter\Database\BaseConnection->query('UPDATE `kategor...', Array, false)
#4 C:\laragon\www\ci4dev\system\Model.php(298): CodeIgniter\Database\BaseBuilder->update()
#5 C:\laragon\www\ci4dev\system\BaseModel.php(865): CodeIgniter\Model->doUpdate(Array, Array)
#6 C:\laragon\www\ci4dev\system\Model.php(651): CodeIgniter\BaseModel->update(Array, Array)
#7 C:\laragon\www\ci4dev\system\BaseModel.php(656): CodeIgniter\Model->update('23', Array)
#8 C:\laragon\www\ci4dev\app\Controllers\UP3.php(392): CodeIgniter\BaseModel->save(Array)
#9 C:\laragon\www\ci4dev\system\CodeIgniter.php(832): App\Controllers\UP3->updateva('23')
#10 C:\laragon\www\ci4dev\system\CodeIgniter.php(419): CodeIgniter\CodeIgniter->runController(Object(App\Controllers\UP3))
#11 C:\laragon\www\ci4dev\system\CodeIgniter.php(326): CodeIgniter\CodeIgniter->handleRequest(NULL, Object(Config\Cache), false)
#12 C:\laragon\www\ci4dev\public\index.php(37): CodeIgniter\CodeIgniter->run()
#13 C:\laragon\www\ci4dev\system\Commands\Server\rewrite.php(43): require_once('C:\\laragon\\www\\...')
#14 {main}
ERROR - 2024-01-12 00:54:02 --> Unknown column 'id_pengguna' in 'NEW'
CRITICAL - 2024-01-12 00:54:02 --> Unknown column 'id_pengguna' in 'NEW'
#0 C:\laragon\www\ci4dev\system\Database\MySQLi\Connection.php(292): mysqli->query('UPDATE `kategor...', 0)
#1 C:\laragon\www\ci4dev\system\Database\BaseConnection.php(670): CodeIgniter\Database\MySQLi\Connection->execute('UPDATE `kategor...')
#2 C:\laragon\www\ci4dev\system\Database\BaseConnection.php(598): CodeIgniter\Database\BaseConnection->simpleQuery('UPDATE `kategor...')
#3 C:\laragon\www\ci4dev\system\Database\BaseBuilder.php(1913): CodeIgniter\Database\BaseConnection->query('UPDATE `kategor...', Array, false)
#4 C:\laragon\www\ci4dev\system\Model.php(298): CodeIgniter\Database\BaseBuilder->update()
#5 C:\laragon\www\ci4dev\system\BaseModel.php(865): CodeIgniter\Model->doUpdate(Array, Array)
#6 C:\laragon\www\ci4dev\system\Model.php(651): CodeIgniter\BaseModel->update(Array, Array)
#7 C:\laragon\www\ci4dev\system\BaseModel.php(656): CodeIgniter\Model->update('23', Array)
#8 C:\laragon\www\ci4dev\app\Controllers\UP3.php(392): CodeIgniter\BaseModel->save(Array)
#9 C:\laragon\www\ci4dev\system\CodeIgniter.php(832): App\Controllers\UP3->updateva('23')
#10 C:\laragon\www\ci4dev\system\CodeIgniter.php(419): CodeIgniter\CodeIgniter->runController(Object(App\Controllers\UP3))
#11 C:\laragon\www\ci4dev\system\CodeIgniter.php(326): CodeIgniter\CodeIgniter->handleRequest(NULL, Object(Config\Cache), false)
#12 C:\laragon\www\ci4dev\public\index.php(37): CodeIgniter\CodeIgniter->run()
#13 C:\laragon\www\ci4dev\system\Commands\Server\rewrite.php(43): require_once('C:\\laragon\\www\\...')
#14 {main}
ERROR - 2024-01-12 00:54:24 --> Unknown column 'id_pengguna' in 'NEW'
CRITICAL - 2024-01-12 00:54:24 --> Unknown column 'id_pengguna' in 'NEW'
#0 C:\laragon\www\ci4dev\system\Database\MySQLi\Connection.php(292): mysqli->query('UPDATE `kategor...', 0)
#1 C:\laragon\www\ci4dev\system\Database\BaseConnection.php(670): CodeIgniter\Database\MySQLi\Connection->execute('UPDATE `kategor...')
#2 C:\laragon\www\ci4dev\system\Database\BaseConnection.php(598): CodeIgniter\Database\BaseConnection->simpleQuery('UPDATE `kategor...')
#3 C:\laragon\www\ci4dev\system\Database\BaseBuilder.php(1913): CodeIgniter\Database\BaseConnection->query('UPDATE `kategor...', Array, false)
#4 C:\laragon\www\ci4dev\system\Model.php(298): CodeIgniter\Database\BaseBuilder->update()
#5 C:\laragon\www\ci4dev\system\BaseModel.php(865): CodeIgniter\Model->doUpdate(Array, Array)
#6 C:\laragon\www\ci4dev\system\Model.php(651): CodeIgniter\BaseModel->update(Array, Array)
#7 C:\laragon\www\ci4dev\system\BaseModel.php(656): CodeIgniter\Model->update('23', Array)
#8 C:\laragon\www\ci4dev\app\Controllers\UP3.php(392): CodeIgniter\BaseModel->save(Array)
#9 C:\laragon\www\ci4dev\system\CodeIgniter.php(832): App\Controllers\UP3->updateva('23')
#10 C:\laragon\www\ci4dev\system\CodeIgniter.php(419): CodeIgniter\CodeIgniter->runController(Object(App\Controllers\UP3))
#11 C:\laragon\www\ci4dev\system\CodeIgniter.php(326): CodeIgniter\CodeIgniter->handleRequest(NULL, Object(Config\Cache), false)
#12 C:\laragon\www\ci4dev\public\index.php(37): CodeIgniter\CodeIgniter->run()
#13 C:\laragon\www\ci4dev\system\Commands\Server\rewrite.php(43): require_once('C:\\laragon\\www\\...')
#14 {main}
CRITICAL - 2024-01-12 04:35:37 --> Undefined constant "App\Controllers\vaTotal"
#0 C:\laragon\www\ci4dev\system\CodeIgniter.php(832): App\Controllers\UP3->datava()
#1 C:\laragon\www\ci4dev\system\CodeIgniter.php(419): CodeIgniter\CodeIgniter->runController(Object(App\Controllers\UP3))
#2 C:\laragon\www\ci4dev\system\CodeIgniter.php(326): CodeIgniter\CodeIgniter->handleRequest(NULL, Object(Config\Cache), false)
#3 C:\laragon\www\ci4dev\public\index.php(37): CodeIgniter\CodeIgniter->run()
#4 C:\laragon\www\ci4dev\system\Commands\Server\rewrite.php(43): require_once('C:\\laragon\\www\\...')
#5 {main}
CRITICAL - 2024-01-12 23:31:19 --> Undefined variable $csrf_fiel
#0 C:\laragon\www\ci4dev\app\Views\up3\tambahkwh.php(34): CodeIgniter\Debug\Exceptions->errorHandler(2, 'Undefined varia...', 'C:\\laragon\\www\\...', 34)
#1 C:\laragon\www\ci4dev\system\View\View.php(210): include('C:\\laragon\\www\\...')
#2 C:\laragon\www\ci4dev\system\View\View.php(213): CodeIgniter\View\View->CodeIgniter\View\{closure}()
#3 C:\laragon\www\ci4dev\system\Common.php(1089): CodeIgniter\View\View->render('up3/tambahkwh', Array, true)
#4 C:\laragon\www\ci4dev\app\Controllers\UP3.php(514): view('up3/tambahkwh', Array)
#5 C:\laragon\www\ci4dev\system\CodeIgniter.php(832): App\Controllers\UP3->tambahkwh()
#6 C:\laragon\www\ci4dev\system\CodeIgniter.php(419): CodeIgniter\CodeIgniter->runController(Object(App\Controllers\UP3))
#7 C:\laragon\www\ci4dev\system\CodeIgniter.php(326): CodeIgniter\CodeIgniter->handleRequest(NULL, Object(Config\Cache), false)
#8 C:\laragon\www\ci4dev\public\index.php(37): CodeIgniter\CodeIgniter->run()
#9 C:\laragon\www\ci4dev\system\Commands\Server\rewrite.php(43): require_once('C:\\laragon\\www\\...')
#10 {main}
CRITICAL - 2024-01-12 23:31:32 --> Undefined variable $csrf_field
#0 C:\laragon\www\ci4dev\app\Views\up3\tambahkwh.php(34): CodeIgniter\Debug\Exceptions->errorHandler(2, 'Undefined varia...', 'C:\\laragon\\www\\...', 34)
#1 C:\laragon\www\ci4dev\system\View\View.php(210): include('C:\\laragon\\www\\...')
#2 C:\laragon\www\ci4dev\system\View\View.php(213): CodeIgniter\View\View->CodeIgniter\View\{closure}()
#3 C:\laragon\www\ci4dev\system\Common.php(1089): CodeIgniter\View\View->render('up3/tambahkwh', Array, true)
#4 C:\laragon\www\ci4dev\app\Controllers\UP3.php(514): view('up3/tambahkwh', Array)
#5 C:\laragon\www\ci4dev\system\CodeIgniter.php(832): App\Controllers\UP3->tambahkwh()
#6 C:\laragon\www\ci4dev\system\CodeIgniter.php(419): CodeIgniter\CodeIgniter->runController(Object(App\Controllers\UP3))
#7 C:\laragon\www\ci4dev\system\CodeIgniter.php(326): CodeIgniter\CodeIgniter->handleRequest(NULL, Object(Config\Cache), false)
#8 C:\laragon\www\ci4dev\public\index.php(37): CodeIgniter\CodeIgniter->run()
#9 C:\laragon\www\ci4dev\system\Commands\Server\rewrite.php(43): require_once('C:\\laragon\\www\\...')
#10 {main}
CRITICAL - 2024-01-12 23:39:14 --> Undefined variable $csrf_field
#0 C:\laragon\www\ci4dev\app\Views\up3\tambahkwh.php(34): CodeIgniter\Debug\Exceptions->errorHandler(2, 'Undefined varia...', 'C:\\laragon\\www\\...', 34)
#1 C:\laragon\www\ci4dev\system\View\View.php(210): include('C:\\laragon\\www\\...')
#2 C:\laragon\www\ci4dev\system\View\View.php(213): CodeIgniter\View\View->CodeIgniter\View\{closure}()
#3 C:\laragon\www\ci4dev\system\Common.php(1089): CodeIgniter\View\View->render('up3/tambahkwh', Array, true)
#4 C:\laragon\www\ci4dev\app\Controllers\UP3.php(514): view('up3/tambahkwh', Array)
#5 C:\laragon\www\ci4dev\system\CodeIgniter.php(832): App\Controllers\UP3->tambahkwh()
#6 C:\laragon\www\ci4dev\system\CodeIgniter.php(419): CodeIgniter\CodeIgniter->runController(Object(App\Controllers\UP3))
#7 C:\laragon\www\ci4dev\system\CodeIgniter.php(326): CodeIgniter\CodeIgniter->handleRequest(NULL, Object(Config\Cache), false)
#8 C:\laragon\www\ci4dev\public\index.php(37): CodeIgniter\CodeIgniter->run()
#9 C:\laragon\www\ci4dev\system\Commands\Server\rewrite.php(43): require_once('C:\\laragon\\www\\...')
#10 {main}
CRITICAL - 2024-01-12 23:40:29 --> Undefined variable $csrf_field
#0 C:\laragon\www\ci4dev\app\Views\up3\tambahkwh.php(34): CodeIgniter\Debug\Exceptions->errorHandler(2, 'Undefined varia...', 'C:\\laragon\\www\\...', 34)
#1 C:\laragon\www\ci4dev\system\View\View.php(210): include('C:\\laragon\\www\\...')
#2 C:\laragon\www\ci4dev\system\View\View.php(213): CodeIgniter\View\View->CodeIgniter\View\{closure}()
#3 C:\laragon\www\ci4dev\system\Common.php(1089): CodeIgniter\View\View->render('up3/tambahkwh', Array, true)
#4 C:\laragon\www\ci4dev\app\Controllers\UP3.php(514): view('up3/tambahkwh', Array)
#5 C:\laragon\www\ci4dev\system\CodeIgniter.php(832): App\Controllers\UP3->tambahkwh()
#6 C:\laragon\www\ci4dev\system\CodeIgniter.php(419): CodeIgniter\CodeIgniter->runController(Object(App\Controllers\UP3))
#7 C:\laragon\www\ci4dev\system\CodeIgniter.php(326): CodeIgniter\CodeIgniter->handleRequest(NULL, Object(Config\Cache), false)
#8 C:\laragon\www\ci4dev\public\index.php(37): CodeIgniter\CodeIgniter->run()
#9 C:\laragon\www\ci4dev\system\Commands\Server\rewrite.php(43): require_once('C:\\laragon\\www\\...')
#10 {main}
CRITICAL - 2024-01-12 23:47:41 --> Undefined variable $csrf_field
#0 C:\laragon\www\ci4dev\app\Views\up3\tambahkwh.php(34): CodeIgniter\Debug\Exceptions->errorHandler(2, 'Undefined varia...', 'C:\\laragon\\www\\...', 34)
#1 C:\laragon\www\ci4dev\system\View\View.php(210): include('C:\\laragon\\www\\...')
#2 C:\laragon\www\ci4dev\system\View\View.php(213): CodeIgniter\View\View->CodeIgniter\View\{closure}()
#3 C:\laragon\www\ci4dev\system\Common.php(1089): CodeIgniter\View\View->render('up3/tambahkwh', Array, true)
#4 C:\laragon\www\ci4dev\app\Controllers\UP3.php(514): view('up3/tambahkwh', Array)
#5 C:\laragon\www\ci4dev\system\CodeIgniter.php(832): App\Controllers\UP3->tambahkwh()
#6 C:\laragon\www\ci4dev\system\CodeIgniter.php(419): CodeIgniter\CodeIgniter->runController(Object(App\Controllers\UP3))
#7 C:\laragon\www\ci4dev\system\CodeIgniter.php(326): CodeIgniter\CodeIgniter->handleRequest(NULL, Object(Config\Cache), false)
#8 C:\laragon\www\ci4dev\public\index.php(37): CodeIgniter\CodeIgniter->run()
#9 C:\laragon\www\ci4dev\system\Commands\Server\rewrite.php(43): require_once('C:\\laragon\\www\\...')
#10 {main}
