CRITICAL - 2024-01-11 00:12:04 --> Undefined variable $uniqueYears
#0 C:\laragon\www\ci4dev\app\Views\up3\dataplg.php(19): CodeIgniter\Debug\Exceptions->errorHandler(2, 'Undefined varia...', 'C:\\laragon\\www\\...', 19)
#1 C:\laragon\www\ci4dev\system\View\View.php(210): include('C:\\laragon\\www\\...')
#2 C:\laragon\www\ci4dev\system\View\View.php(213): CodeIgniter\View\View->CodeIgniter\View\{closure}()
#3 C:\laragon\www\ci4dev\system\Common.php(1089): CodeIgniter\View\View->render('up3/dataplg', Array, true)
#4 C:\laragon\www\ci4dev\app\Controllers\UP3.php(43): view('up3/dataplg', Array)
#5 C:\laragon\www\ci4dev\system\CodeIgniter.php(832): App\Controllers\UP3->dataplg()
#6 C:\laragon\www\ci4dev\system\CodeIgniter.php(419): CodeIgniter\CodeIgniter->runController(Object(App\Controllers\UP3))
#7 C:\laragon\www\ci4dev\system\CodeIgniter.php(326): CodeIgniter\CodeIgniter->handleRequest(NULL, Object(Config\Cache), false)
#8 C:\laragon\www\ci4dev\public\index.php(37): CodeIgniter\CodeIgniter->run()
#9 C:\laragon\www\ci4dev\system\Commands\Server\rewrite.php(43): require_once('C:\\laragon\\www\\...')
#10 {main}
CRITICAL - 2024-01-11 00:29:56 --> Undefined variable $selectedMonth
#0 C:\laragon\www\ci4dev\app\Views\up3\datakwh.php(86): CodeIgniter\Debug\Exceptions->errorHandler(2, 'Undefined varia...', 'C:\\laragon\\www\\...', 86)
#1 C:\laragon\www\ci4dev\system\View\View.php(210): include('C:\\laragon\\www\\...')
#2 C:\laragon\www\ci4dev\system\View\View.php(213): CodeIgniter\View\View->CodeIgniter\View\{closure}()
#3 C:\laragon\www\ci4dev\system\Common.php(1089): CodeIgniter\View\View->render('up3/datakwh', Array, true)
#4 C:\laragon\www\ci4dev\app\Controllers\UP3.php(382): view('up3/datakwh', Array)
#5 C:\laragon\www\ci4dev\system\CodeIgniter.php(832): App\Controllers\UP3->datakwh()
#6 C:\laragon\www\ci4dev\system\CodeIgniter.php(419): CodeIgniter\CodeIgniter->runController(Object(App\Controllers\UP3))
#7 C:\laragon\www\ci4dev\system\CodeIgniter.php(326): CodeIgniter\CodeIgniter->handleRequest(NULL, Object(Config\Cache), false)
#8 C:\laragon\www\ci4dev\public\index.php(37): CodeIgniter\CodeIgniter->run()
#9 C:\laragon\www\ci4dev\system\Commands\Server\rewrite.php(43): require_once('C:\\laragon\\www\\...')
#10 {main}
CRITICAL - 2024-01-11 02:02:32 --> Undefined array key "tarif_s"
#0 C:\laragon\www\ci4dev\app\Controllers\UP3.php(58): CodeIgniter\Debug\Exceptions->errorHandler(2, 'Undefined array...', 'C:\\laragon\\www\\...', 58)
#1 C:\laragon\www\ci4dev\system\CodeIgniter.php(832): App\Controllers\UP3->dataplg()
#2 C:\laragon\www\ci4dev\system\CodeIgniter.php(419): CodeIgniter\CodeIgniter->runController(Object(App\Controllers\UP3))
#3 C:\laragon\www\ci4dev\system\CodeIgniter.php(326): CodeIgniter\CodeIgniter->handleRequest(NULL, Object(Config\Cache), false)
#4 C:\laragon\www\ci4dev\public\index.php(37): CodeIgniter\CodeIgniter->run()
#5 C:\laragon\www\ci4dev\system\Commands\Server\rewrite.php(43): require_once('C:\\laragon\\www\\...')
#6 {main}
ERROR - 2024-01-11 02:04:53 --> Operand should contain 1 column(s)
CRITICAL - 2024-01-11 02:04:53 --> Operand should contain 1 column(s)
#0 C:\laragon\www\ci4dev\system\Database\MySQLi\Connection.php(292): mysqli->query('SELECT *\nFROM `...', 0)
#1 C:\laragon\www\ci4dev\system\Database\BaseConnection.php(670): CodeIgniter\Database\MySQLi\Connection->execute('SELECT *\nFROM `...')
#2 C:\laragon\www\ci4dev\system\Database\BaseConnection.php(598): CodeIgniter\Database\BaseConnection->simpleQuery('SELECT *\nFROM `...')
#3 C:\laragon\www\ci4dev\system\Database\BaseBuilder.php(1455): CodeIgniter\Database\BaseConnection->query('SELECT *\nFROM `...', Array, false)
#4 C:\laragon\www\ci4dev\system\Model.php(183): CodeIgniter\Database\BaseBuilder->get()
#5 C:\laragon\www\ci4dev\system\BaseModel.php(584): CodeIgniter\Model->doFindAll(0, 0)
#6 C:\laragon\www\ci4dev\app\Controllers\UP3.php(46): CodeIgniter\BaseModel->findAll()
#7 C:\laragon\www\ci4dev\system\CodeIgniter.php(832): App\Controllers\UP3->dataplg()
#8 C:\laragon\www\ci4dev\system\CodeIgniter.php(419): CodeIgniter\CodeIgniter->runController(Object(App\Controllers\UP3))
#9 C:\laragon\www\ci4dev\system\CodeIgniter.php(326): CodeIgniter\CodeIgniter->handleRequest(NULL, Object(Config\Cache), false)
#10 C:\laragon\www\ci4dev\public\index.php(37): CodeIgniter\CodeIgniter->run()
#11 C:\laragon\www\ci4dev\system\Commands\Server\rewrite.php(43): require_once('C:\\laragon\\www\\...')
#12 {main}
CRITICAL - 2024-01-11 02:05:15 --> whereIn() expects $values to be of type array or closure
#0 C:\laragon\www\ci4dev\system\Database\BaseBuilder.php(731): CodeIgniter\Database\BaseBuilder->_whereIn('kategori.klasif...', 'Pra Bayar', false, 'AND ', true)
#1 C:\laragon\www\ci4dev\system\Model.php(728): CodeIgniter\Database\BaseBuilder->whereIn('kategori.klasif...', 'Pra Bayar', true)
#2 C:\laragon\www\ci4dev\app\Controllers\UP3.php(43): CodeIgniter\Model->__call('whereIN', Array)
#3 C:\laragon\www\ci4dev\system\CodeIgniter.php(832): App\Controllers\UP3->dataplg()
#4 C:\laragon\www\ci4dev\system\CodeIgniter.php(419): CodeIgniter\CodeIgniter->runController(Object(App\Controllers\UP3))
#5 C:\laragon\www\ci4dev\system\CodeIgniter.php(326): CodeIgniter\CodeIgniter->handleRequest(NULL, Object(Config\Cache), false)
#6 C:\laragon\www\ci4dev\public\index.php(37): CodeIgniter\CodeIgniter->run()
#7 C:\laragon\www\ci4dev\system\Commands\Server\rewrite.php(43): require_once('C:\\laragon\\www\\...')
#8 {main}
CRITICAL - 2024-01-11 02:05:16 --> whereIn() expects $values to be of type array or closure
#0 C:\laragon\www\ci4dev\system\Database\BaseBuilder.php(731): CodeIgniter\Database\BaseBuilder->_whereIn('kategori.klasif...', 'Pra Bayar', false, 'AND ', true)
#1 C:\laragon\www\ci4dev\system\Model.php(728): CodeIgniter\Database\BaseBuilder->whereIn('kategori.klasif...', 'Pra Bayar', true)
#2 C:\laragon\www\ci4dev\app\Controllers\UP3.php(43): CodeIgniter\Model->__call('whereIN', Array)
#3 C:\laragon\www\ci4dev\system\CodeIgniter.php(832): App\Controllers\UP3->dataplg()
#4 C:\laragon\www\ci4dev\system\CodeIgniter.php(419): CodeIgniter\CodeIgniter->runController(Object(App\Controllers\UP3))
#5 C:\laragon\www\ci4dev\system\CodeIgniter.php(326): CodeIgniter\CodeIgniter->handleRequest(NULL, Object(Config\Cache), false)
#6 C:\laragon\www\ci4dev\public\index.php(37): CodeIgniter\CodeIgniter->run()
#7 C:\laragon\www\ci4dev\system\Commands\Server\rewrite.php(43): require_once('C:\\laragon\\www\\...')
#8 {main}
ERROR - 2024-01-11 02:13:55 --> Incorrect DATE value: 'Jan'
CRITICAL - 2024-01-11 02:13:55 --> Incorrect DATE value: 'Jan'
#0 C:\laragon\www\ci4dev\system\Database\MySQLi\Connection.php(292): mysqli->query('SELECT *\nFROM `...', 0)
#1 C:\laragon\www\ci4dev\system\Database\BaseConnection.php(670): CodeIgniter\Database\MySQLi\Connection->execute('SELECT *\nFROM `...')
#2 C:\laragon\www\ci4dev\system\Database\BaseConnection.php(598): CodeIgniter\Database\BaseConnection->simpleQuery('SELECT *\nFROM `...')
#3 C:\laragon\www\ci4dev\system\Database\BaseBuilder.php(1455): CodeIgniter\Database\BaseConnection->query('SELECT *\nFROM `...', Array, false)
#4 C:\laragon\www\ci4dev\system\Model.php(183): CodeIgniter\Database\BaseBuilder->get()
#5 C:\laragon\www\ci4dev\system\BaseModel.php(584): CodeIgniter\Model->doFindAll(0, 0)
#6 C:\laragon\www\ci4dev\app\Controllers\UP3.php(46): CodeIgniter\BaseModel->findAll()
#7 C:\laragon\www\ci4dev\system\CodeIgniter.php(832): App\Controllers\UP3->dataplg()
#8 C:\laragon\www\ci4dev\system\CodeIgniter.php(419): CodeIgniter\CodeIgniter->runController(Object(App\Controllers\UP3))
#9 C:\laragon\www\ci4dev\system\CodeIgniter.php(326): CodeIgniter\CodeIgniter->handleRequest(NULL, Object(Config\Cache), false)
#10 C:\laragon\www\ci4dev\public\index.php(37): CodeIgniter\CodeIgniter->run()
#11 C:\laragon\www\ci4dev\system\Commands\Server\rewrite.php(43): require_once('C:\\laragon\\www\\...')
#12 {main}
ERROR - 2024-01-11 02:14:14 --> Incorrect DATE value: 'Jan'
CRITICAL - 2024-01-11 02:14:14 --> Incorrect DATE value: 'Jan'
#0 C:\laragon\www\ci4dev\system\Database\MySQLi\Connection.php(292): mysqli->query('SELECT *\nFROM `...', 0)
#1 C:\laragon\www\ci4dev\system\Database\BaseConnection.php(670): CodeIgniter\Database\MySQLi\Connection->execute('SELECT *\nFROM `...')
#2 C:\laragon\www\ci4dev\system\Database\BaseConnection.php(598): CodeIgniter\Database\BaseConnection->simpleQuery('SELECT *\nFROM `...')
#3 C:\laragon\www\ci4dev\system\Database\BaseBuilder.php(1455): CodeIgniter\Database\BaseConnection->query('SELECT *\nFROM `...', Array, false)
#4 C:\laragon\www\ci4dev\system\Model.php(183): CodeIgniter\Database\BaseBuilder->get()
#5 C:\laragon\www\ci4dev\system\BaseModel.php(584): CodeIgniter\Model->doFindAll(0, 0)
#6 C:\laragon\www\ci4dev\app\Controllers\UP3.php(46): CodeIgniter\BaseModel->findAll()
#7 C:\laragon\www\ci4dev\system\CodeIgniter.php(832): App\Controllers\UP3->dataplg()
#8 C:\laragon\www\ci4dev\system\CodeIgniter.php(419): CodeIgniter\CodeIgniter->runController(Object(App\Controllers\UP3))
#9 C:\laragon\www\ci4dev\system\CodeIgniter.php(326): CodeIgniter\CodeIgniter->handleRequest(NULL, Object(Config\Cache), false)
#10 C:\laragon\www\ci4dev\public\index.php(37): CodeIgniter\CodeIgniter->run()
#11 C:\laragon\www\ci4dev\system\Commands\Server\rewrite.php(43): require_once('C:\\laragon\\www\\...')
#12 {main}
ERROR - 2024-01-11 02:14:16 --> Incorrect DATE value: 'Jan'
CRITICAL - 2024-01-11 02:14:16 --> Incorrect DATE value: 'Jan'
#0 C:\laragon\www\ci4dev\system\Database\MySQLi\Connection.php(292): mysqli->query('SELECT *\nFROM `...', 0)
#1 C:\laragon\www\ci4dev\system\Database\BaseConnection.php(670): CodeIgniter\Database\MySQLi\Connection->execute('SELECT *\nFROM `...')
#2 C:\laragon\www\ci4dev\system\Database\BaseConnection.php(598): CodeIgniter\Database\BaseConnection->simpleQuery('SELECT *\nFROM `...')
#3 C:\laragon\www\ci4dev\system\Database\BaseBuilder.php(1455): CodeIgniter\Database\BaseConnection->query('SELECT *\nFROM `...', Array, false)
#4 C:\laragon\www\ci4dev\system\Model.php(183): CodeIgniter\Database\BaseBuilder->get()
#5 C:\laragon\www\ci4dev\system\BaseModel.php(584): CodeIgniter\Model->doFindAll(0, 0)
#6 C:\laragon\www\ci4dev\app\Controllers\UP3.php(46): CodeIgniter\BaseModel->findAll()
#7 C:\laragon\www\ci4dev\system\CodeIgniter.php(832): App\Controllers\UP3->dataplg()
#8 C:\laragon\www\ci4dev\system\CodeIgniter.php(419): CodeIgniter\CodeIgniter->runController(Object(App\Controllers\UP3))
#9 C:\laragon\www\ci4dev\system\CodeIgniter.php(326): CodeIgniter\CodeIgniter->handleRequest(NULL, Object(Config\Cache), false)
#10 C:\laragon\www\ci4dev\public\index.php(37): CodeIgniter\CodeIgniter->run()
#11 C:\laragon\www\ci4dev\system\Commands\Server\rewrite.php(43): require_once('C:\\laragon\\www\\...')
#12 {main}
CRITICAL - 2024-01-11 02:15:32 --> strtotime(): Passing null to parameter #1 ($datetime) of type string is deprecated
#0 [internal function]: CodeIgniter\Debug\Exceptions->errorHandler(8192, 'strtotime(): Pa...', 'C:\\laragon\\www\\...', 124)
#1 C:\laragon\www\ci4dev\app\Views\up3\dataplg.php(124): strtotime(NULL)
#2 C:\laragon\www\ci4dev\system\View\View.php(210): include('C:\\laragon\\www\\...')
#3 C:\laragon\www\ci4dev\system\View\View.php(213): CodeIgniter\View\View->CodeIgniter\View\{closure}()
#4 C:\laragon\www\ci4dev\system\Common.php(1089): CodeIgniter\View\View->render('up3/dataplg', Array, true)
#5 C:\laragon\www\ci4dev\app\Controllers\UP3.php(87): view('up3/dataplg', Array)
#6 C:\laragon\www\ci4dev\system\CodeIgniter.php(832): App\Controllers\UP3->dataplg()
#7 C:\laragon\www\ci4dev\system\CodeIgniter.php(419): CodeIgniter\CodeIgniter->runController(Object(App\Controllers\UP3))
#8 C:\laragon\www\ci4dev\system\CodeIgniter.php(326): CodeIgniter\CodeIgniter->handleRequest(NULL, Object(Config\Cache), false)
#9 C:\laragon\www\ci4dev\public\index.php(37): CodeIgniter\CodeIgniter->run()
#10 C:\laragon\www\ci4dev\system\Commands\Server\rewrite.php(43): require_once('C:\\laragon\\www\\...')
#11 {main}
CRITICAL - 2024-01-11 02:18:49 --> count(): Argument #1 ($value) must be of type Countable|array, string given
#0 C:\laragon\www\ci4dev\app\Controllers\UP3.php(59): count('11')
#1 C:\laragon\www\ci4dev\system\CodeIgniter.php(832): App\Controllers\UP3->dataplg()
#2 C:\laragon\www\ci4dev\system\CodeIgniter.php(419): CodeIgniter\CodeIgniter->runController(Object(App\Controllers\UP3))
#3 C:\laragon\www\ci4dev\system\CodeIgniter.php(326): CodeIgniter\CodeIgniter->handleRequest(NULL, Object(Config\Cache), false)
#4 C:\laragon\www\ci4dev\public\index.php(37): CodeIgniter\CodeIgniter->run()
#5 C:\laragon\www\ci4dev\system\Commands\Server\rewrite.php(43): require_once('C:\\laragon\\www\\...')
#6 {main}
CRITICAL - 2024-01-11 18:17:51 --> Undefined array key "tarif_s"
#0 C:\laragon\www\ci4dev\app\Controllers\UP3.php(411): CodeIgniter\Debug\Exceptions->errorHandler(2, 'Undefined array...', 'C:\\laragon\\www\\...', 411)
#1 C:\laragon\www\ci4dev\system\CodeIgniter.php(832): App\Controllers\UP3->datakwh()
#2 C:\laragon\www\ci4dev\system\CodeIgniter.php(419): CodeIgniter\CodeIgniter->runController(Object(App\Controllers\UP3))
#3 C:\laragon\www\ci4dev\system\CodeIgniter.php(326): CodeIgniter\CodeIgniter->handleRequest(NULL, Object(Config\Cache), false)
#4 C:\laragon\www\ci4dev\public\index.php(37): CodeIgniter\CodeIgniter->run()
#5 C:\laragon\www\ci4dev\system\Commands\Server\rewrite.php(43): require_once('C:\\laragon\\www\\...')
#6 {main}
CRITICAL - 2024-01-11 18:22:50 --> Cannot access offset of type string on string
#0 C:\laragon\www\ci4dev\system\CodeIgniter.php(832): App\Controllers\UP3->datakwh()
#1 C:\laragon\www\ci4dev\system\CodeIgniter.php(419): CodeIgniter\CodeIgniter->runController(Object(App\Controllers\UP3))
#2 C:\laragon\www\ci4dev\system\CodeIgniter.php(326): CodeIgniter\CodeIgniter->handleRequest(NULL, Object(Config\Cache), false)
#3 C:\laragon\www\ci4dev\public\index.php(37): CodeIgniter\CodeIgniter->run()
#4 C:\laragon\www\ci4dev\system\Commands\Server\rewrite.php(43): require_once('C:\\laragon\\www\\...')
#5 {main}
ERROR - 2024-01-11 18:31:32 --> Expression #3 of SELECT list is not in GROUP BY clause and contains nonaggregated column 'simpel.kategori.tarif_s' which is not functionally dependent on columns in GROUP BY clause; this is incompatible with sql_mode=only_full_group_by
CRITICAL - 2024-01-11 18:31:32 --> Expression #3 of SELECT list is not in GROUP BY clause and contains nonaggregated column 'simpel.kategori.tarif_s' which is not functionally dependent on columns in GROUP BY clause; this is incompatible with sql_mode=only_full_group_by
#0 C:\laragon\www\ci4dev\system\Database\MySQLi\Connection.php(292): mysqli->query('SELECT `bulan`,...', 0)
#1 C:\laragon\www\ci4dev\system\Database\BaseConnection.php(670): CodeIgniter\Database\MySQLi\Connection->execute('SELECT `bulan`,...')
#2 C:\laragon\www\ci4dev\system\Database\BaseConnection.php(598): CodeIgniter\Database\BaseConnection->simpleQuery('SELECT `bulan`,...')
#3 C:\laragon\www\ci4dev\system\Database\BaseBuilder.php(1455): CodeIgniter\Database\BaseConnection->query('SELECT `bulan`,...', Array, false)
#4 C:\laragon\www\ci4dev\system\Model.php(145): CodeIgniter\Database\BaseBuilder->get()
#5 C:\laragon\www\ci4dev\system\BaseModel.php(523): CodeIgniter\Model->doFind(false, NULL)
#6 C:\laragon\www\ci4dev\app\Controllers\UP3.php(409): CodeIgniter\BaseModel->find()
#7 C:\laragon\www\ci4dev\system\CodeIgniter.php(832): App\Controllers\UP3->datakwh()
#8 C:\laragon\www\ci4dev\system\CodeIgniter.php(419): CodeIgniter\CodeIgniter->runController(Object(App\Controllers\UP3))
#9 C:\laragon\www\ci4dev\system\CodeIgniter.php(326): CodeIgniter\CodeIgniter->handleRequest(NULL, Object(Config\Cache), false)
#10 C:\laragon\www\ci4dev\public\index.php(37): CodeIgniter\CodeIgniter->run()
#11 C:\laragon\www\ci4dev\system\Commands\Server\rewrite.php(43): require_once('C:\\laragon\\www\\...')
#12 {main}
ERROR - 2024-01-11 18:33:07 --> Expression #1 of SELECT list is not in GROUP BY clause and contains nonaggregated column 'simpel.kategori.kategori_id' which is not functionally dependent on columns in GROUP BY clause; this is incompatible with sql_mode=only_full_group_by
CRITICAL - 2024-01-11 18:33:07 --> Expression #1 of SELECT list is not in GROUP BY clause and contains nonaggregated column 'simpel.kategori.kategori_id' which is not functionally dependent on columns in GROUP BY clause; this is incompatible with sql_mode=only_full_group_by
#0 C:\laragon\www\ci4dev\system\Database\MySQLi\Connection.php(292): mysqli->query('SELECT *\nFROM `...', 0)
#1 C:\laragon\www\ci4dev\system\Database\BaseConnection.php(670): CodeIgniter\Database\MySQLi\Connection->execute('SELECT *\nFROM `...')
#2 C:\laragon\www\ci4dev\system\Database\BaseConnection.php(598): CodeIgniter\Database\BaseConnection->simpleQuery('SELECT *\nFROM `...')
#3 C:\laragon\www\ci4dev\system\Database\BaseBuilder.php(1455): CodeIgniter\Database\BaseConnection->query('SELECT *\nFROM `...', Array, false)
#4 C:\laragon\www\ci4dev\system\Model.php(145): CodeIgniter\Database\BaseBuilder->get()
#5 C:\laragon\www\ci4dev\system\BaseModel.php(523): CodeIgniter\Model->doFind(false, NULL)
#6 C:\laragon\www\ci4dev\app\Controllers\UP3.php(410): CodeIgniter\BaseModel->find()
#7 C:\laragon\www\ci4dev\system\CodeIgniter.php(832): App\Controllers\UP3->datakwh()
#8 C:\laragon\www\ci4dev\system\CodeIgniter.php(419): CodeIgniter\CodeIgniter->runController(Object(App\Controllers\UP3))
#9 C:\laragon\www\ci4dev\system\CodeIgniter.php(326): CodeIgniter\CodeIgniter->handleRequest(NULL, Object(Config\Cache), false)
#10 C:\laragon\www\ci4dev\public\index.php(37): CodeIgniter\CodeIgniter->run()
#11 C:\laragon\www\ci4dev\system\Commands\Server\rewrite.php(43): require_once('C:\\laragon\\www\\...')
#12 {main}
ERROR - 2024-01-11 18:33:09 --> Expression #1 of SELECT list is not in GROUP BY clause and contains nonaggregated column 'simpel.kategori.kategori_id' which is not functionally dependent on columns in GROUP BY clause; this is incompatible with sql_mode=only_full_group_by
CRITICAL - 2024-01-11 18:33:09 --> Expression #1 of SELECT list is not in GROUP BY clause and contains nonaggregated column 'simpel.kategori.kategori_id' which is not functionally dependent on columns in GROUP BY clause; this is incompatible with sql_mode=only_full_group_by
#0 C:\laragon\www\ci4dev\system\Database\MySQLi\Connection.php(292): mysqli->query('SELECT *\nFROM `...', 0)
#1 C:\laragon\www\ci4dev\system\Database\BaseConnection.php(670): CodeIgniter\Database\MySQLi\Connection->execute('SELECT *\nFROM `...')
#2 C:\laragon\www\ci4dev\system\Database\BaseConnection.php(598): CodeIgniter\Database\BaseConnection->simpleQuery('SELECT *\nFROM `...')
#3 C:\laragon\www\ci4dev\system\Database\BaseBuilder.php(1455): CodeIgniter\Database\BaseConnection->query('SELECT *\nFROM `...', Array, false)
#4 C:\laragon\www\ci4dev\system\Model.php(145): CodeIgniter\Database\BaseBuilder->get()
#5 C:\laragon\www\ci4dev\system\BaseModel.php(523): CodeIgniter\Model->doFind(false, NULL)
#6 C:\laragon\www\ci4dev\app\Controllers\UP3.php(410): CodeIgniter\BaseModel->find()
#7 C:\laragon\www\ci4dev\system\CodeIgniter.php(832): App\Controllers\UP3->datakwh()
#8 C:\laragon\www\ci4dev\system\CodeIgniter.php(419): CodeIgniter\CodeIgniter->runController(Object(App\Controllers\UP3))
#9 C:\laragon\www\ci4dev\system\CodeIgniter.php(326): CodeIgniter\CodeIgniter->handleRequest(NULL, Object(Config\Cache), false)
#10 C:\laragon\www\ci4dev\public\index.php(37): CodeIgniter\CodeIgniter->run()
#11 C:\laragon\www\ci4dev\system\Commands\Server\rewrite.php(43): require_once('C:\\laragon\\www\\...')
#12 {main}
CRITICAL - 2024-01-11 18:34:00 --> Undefined array key "tarif_s"
#0 C:\laragon\www\ci4dev\app\Controllers\UP3.php(423): CodeIgniter\Debug\Exceptions->errorHandler(2, 'Undefined array...', 'C:\\laragon\\www\\...', 423)
#1 C:\laragon\www\ci4dev\system\CodeIgniter.php(832): App\Controllers\UP3->datakwh()
#2 C:\laragon\www\ci4dev\system\CodeIgniter.php(419): CodeIgniter\CodeIgniter->runController(Object(App\Controllers\UP3))
#3 C:\laragon\www\ci4dev\system\CodeIgniter.php(326): CodeIgniter\CodeIgniter->handleRequest(NULL, Object(Config\Cache), false)
#4 C:\laragon\www\ci4dev\public\index.php(37): CodeIgniter\CodeIgniter->run()
#5 C:\laragon\www\ci4dev\system\Commands\Server\rewrite.php(43): require_once('C:\\laragon\\www\\...')
#6 {main}
ERROR - 2024-01-11 18:34:42 --> Expression #3 of SELECT list is not in GROUP BY clause and contains nonaggregated column 'simpel.kategori.tarif_s' which is not functionally dependent on columns in GROUP BY clause; this is incompatible with sql_mode=only_full_group_by
CRITICAL - 2024-01-11 18:34:42 --> Expression #3 of SELECT list is not in GROUP BY clause and contains nonaggregated column 'simpel.kategori.tarif_s' which is not functionally dependent on columns in GROUP BY clause; this is incompatible with sql_mode=only_full_group_by
#0 C:\laragon\www\ci4dev\system\Database\MySQLi\Connection.php(292): mysqli->query('SELECT `bulan`,...', 0)
#1 C:\laragon\www\ci4dev\system\Database\BaseConnection.php(670): CodeIgniter\Database\MySQLi\Connection->execute('SELECT `bulan`,...')
#2 C:\laragon\www\ci4dev\system\Database\BaseConnection.php(598): CodeIgniter\Database\BaseConnection->simpleQuery('SELECT `bulan`,...')
#3 C:\laragon\www\ci4dev\system\Database\BaseBuilder.php(1455): CodeIgniter\Database\BaseConnection->query('SELECT `bulan`,...', Array, false)
#4 C:\laragon\www\ci4dev\system\Model.php(145): CodeIgniter\Database\BaseBuilder->get()
#5 C:\laragon\www\ci4dev\system\BaseModel.php(523): CodeIgniter\Model->doFind(false, NULL)
#6 C:\laragon\www\ci4dev\app\Controllers\UP3.php(416): CodeIgniter\BaseModel->find()
#7 C:\laragon\www\ci4dev\system\CodeIgniter.php(832): App\Controllers\UP3->datakwh()
#8 C:\laragon\www\ci4dev\system\CodeIgniter.php(419): CodeIgniter\CodeIgniter->runController(Object(App\Controllers\UP3))
#9 C:\laragon\www\ci4dev\system\CodeIgniter.php(326): CodeIgniter\CodeIgniter->handleRequest(NULL, Object(Config\Cache), false)
#10 C:\laragon\www\ci4dev\public\index.php(37): CodeIgniter\CodeIgniter->run()
#11 C:\laragon\www\ci4dev\system\Commands\Server\rewrite.php(43): require_once('C:\\laragon\\www\\...')
#12 {main}
ERROR - 2024-01-11 18:35:04 --> Expression #3 of SELECT list is not in GROUP BY clause and contains nonaggregated column 'simpel.kategori.tarif_s' which is not functionally dependent on columns in GROUP BY clause; this is incompatible with sql_mode=only_full_group_by
CRITICAL - 2024-01-11 18:35:04 --> Expression #3 of SELECT list is not in GROUP BY clause and contains nonaggregated column 'simpel.kategori.tarif_s' which is not functionally dependent on columns in GROUP BY clause; this is incompatible with sql_mode=only_full_group_by
#0 C:\laragon\www\ci4dev\system\Database\MySQLi\Connection.php(292): mysqli->query('SELECT `bulan`,...', 0)
#1 C:\laragon\www\ci4dev\system\Database\BaseConnection.php(670): CodeIgniter\Database\MySQLi\Connection->execute('SELECT `bulan`,...')
#2 C:\laragon\www\ci4dev\system\Database\BaseConnection.php(598): CodeIgniter\Database\BaseConnection->simpleQuery('SELECT `bulan`,...')
#3 C:\laragon\www\ci4dev\system\Database\BaseBuilder.php(1455): CodeIgniter\Database\BaseConnection->query('SELECT `bulan`,...', Array, false)
#4 C:\laragon\www\ci4dev\system\Model.php(145): CodeIgniter\Database\BaseBuilder->get()
#5 C:\laragon\www\ci4dev\system\BaseModel.php(523): CodeIgniter\Model->doFind(false, NULL)
#6 C:\laragon\www\ci4dev\app\Controllers\UP3.php(415): CodeIgniter\BaseModel->find()
#7 C:\laragon\www\ci4dev\system\CodeIgniter.php(832): App\Controllers\UP3->datakwh()
#8 C:\laragon\www\ci4dev\system\CodeIgniter.php(419): CodeIgniter\CodeIgniter->runController(Object(App\Controllers\UP3))
#9 C:\laragon\www\ci4dev\system\CodeIgniter.php(326): CodeIgniter\CodeIgniter->handleRequest(NULL, Object(Config\Cache), false)
#10 C:\laragon\www\ci4dev\public\index.php(37): CodeIgniter\CodeIgniter->run()
#11 C:\laragon\www\ci4dev\system\Commands\Server\rewrite.php(43): require_once('C:\\laragon\\www\\...')
#12 {main}
ERROR - 2024-01-11 18:35:05 --> Expression #3 of SELECT list is not in GROUP BY clause and contains nonaggregated column 'simpel.kategori.tarif_s' which is not functionally dependent on columns in GROUP BY clause; this is incompatible with sql_mode=only_full_group_by
CRITICAL - 2024-01-11 18:35:05 --> Expression #3 of SELECT list is not in GROUP BY clause and contains nonaggregated column 'simpel.kategori.tarif_s' which is not functionally dependent on columns in GROUP BY clause; this is incompatible with sql_mode=only_full_group_by
#0 C:\laragon\www\ci4dev\system\Database\MySQLi\Connection.php(292): mysqli->query('SELECT `bulan`,...', 0)
#1 C:\laragon\www\ci4dev\system\Database\BaseConnection.php(670): CodeIgniter\Database\MySQLi\Connection->execute('SELECT `bulan`,...')
#2 C:\laragon\www\ci4dev\system\Database\BaseConnection.php(598): CodeIgniter\Database\BaseConnection->simpleQuery('SELECT `bulan`,...')
#3 C:\laragon\www\ci4dev\system\Database\BaseBuilder.php(1455): CodeIgniter\Database\BaseConnection->query('SELECT `bulan`,...', Array, false)
#4 C:\laragon\www\ci4dev\system\Model.php(145): CodeIgniter\Database\BaseBuilder->get()
#5 C:\laragon\www\ci4dev\system\BaseModel.php(523): CodeIgniter\Model->doFind(false, NULL)
#6 C:\laragon\www\ci4dev\app\Controllers\UP3.php(415): CodeIgniter\BaseModel->find()
#7 C:\laragon\www\ci4dev\system\CodeIgniter.php(832): App\Controllers\UP3->datakwh()
#8 C:\laragon\www\ci4dev\system\CodeIgniter.php(419): CodeIgniter\CodeIgniter->runController(Object(App\Controllers\UP3))
#9 C:\laragon\www\ci4dev\system\CodeIgniter.php(326): CodeIgniter\CodeIgniter->handleRequest(NULL, Object(Config\Cache), false)
#10 C:\laragon\www\ci4dev\public\index.php(37): CodeIgniter\CodeIgniter->run()
#11 C:\laragon\www\ci4dev\system\Commands\Server\rewrite.php(43): require_once('C:\\laragon\\www\\...')
#12 {main}
ERROR - 2024-01-11 18:35:05 --> Expression #3 of SELECT list is not in GROUP BY clause and contains nonaggregated column 'simpel.kategori.tarif_s' which is not functionally dependent on columns in GROUP BY clause; this is incompatible with sql_mode=only_full_group_by
CRITICAL - 2024-01-11 18:35:05 --> Expression #3 of SELECT list is not in GROUP BY clause and contains nonaggregated column 'simpel.kategori.tarif_s' which is not functionally dependent on columns in GROUP BY clause; this is incompatible with sql_mode=only_full_group_by
#0 C:\laragon\www\ci4dev\system\Database\MySQLi\Connection.php(292): mysqli->query('SELECT `bulan`,...', 0)
#1 C:\laragon\www\ci4dev\system\Database\BaseConnection.php(670): CodeIgniter\Database\MySQLi\Connection->execute('SELECT `bulan`,...')
#2 C:\laragon\www\ci4dev\system\Database\BaseConnection.php(598): CodeIgniter\Database\BaseConnection->simpleQuery('SELECT `bulan`,...')
#3 C:\laragon\www\ci4dev\system\Database\BaseBuilder.php(1455): CodeIgniter\Database\BaseConnection->query('SELECT `bulan`,...', Array, false)
#4 C:\laragon\www\ci4dev\system\Model.php(145): CodeIgniter\Database\BaseBuilder->get()
#5 C:\laragon\www\ci4dev\system\BaseModel.php(523): CodeIgniter\Model->doFind(false, NULL)
#6 C:\laragon\www\ci4dev\app\Controllers\UP3.php(415): CodeIgniter\BaseModel->find()
#7 C:\laragon\www\ci4dev\system\CodeIgniter.php(832): App\Controllers\UP3->datakwh()
#8 C:\laragon\www\ci4dev\system\CodeIgniter.php(419): CodeIgniter\CodeIgniter->runController(Object(App\Controllers\UP3))
#9 C:\laragon\www\ci4dev\system\CodeIgniter.php(326): CodeIgniter\CodeIgniter->handleRequest(NULL, Object(Config\Cache), false)
#10 C:\laragon\www\ci4dev\public\index.php(37): CodeIgniter\CodeIgniter->run()
#11 C:\laragon\www\ci4dev\system\Commands\Server\rewrite.php(43): require_once('C:\\laragon\\www\\...')
#12 {main}
ERROR - 2024-01-11 18:35:57 --> Expression #3 of SELECT list is not in GROUP BY clause and contains nonaggregated column 'simpel.kategori.tarif_s' which is not functionally dependent on columns in GROUP BY clause; this is incompatible with sql_mode=only_full_group_by
CRITICAL - 2024-01-11 18:35:57 --> Expression #3 of SELECT list is not in GROUP BY clause and contains nonaggregated column 'simpel.kategori.tarif_s' which is not functionally dependent on columns in GROUP BY clause; this is incompatible with sql_mode=only_full_group_by
#0 C:\laragon\www\ci4dev\system\Database\MySQLi\Connection.php(292): mysqli->query('SELECT `bulan`,...', 0)
#1 C:\laragon\www\ci4dev\system\Database\BaseConnection.php(670): CodeIgniter\Database\MySQLi\Connection->execute('SELECT `bulan`,...')
#2 C:\laragon\www\ci4dev\system\Database\BaseConnection.php(598): CodeIgniter\Database\BaseConnection->simpleQuery('SELECT `bulan`,...')
#3 C:\laragon\www\ci4dev\system\Database\BaseBuilder.php(1455): CodeIgniter\Database\BaseConnection->query('SELECT `bulan`,...', Array, false)
#4 C:\laragon\www\ci4dev\system\Model.php(145): CodeIgniter\Database\BaseBuilder->get()
#5 C:\laragon\www\ci4dev\system\BaseModel.php(523): CodeIgniter\Model->doFind(false, NULL)
#6 C:\laragon\www\ci4dev\app\Controllers\UP3.php(410): CodeIgniter\BaseModel->find()
#7 C:\laragon\www\ci4dev\system\CodeIgniter.php(832): App\Controllers\UP3->datakwh()
#8 C:\laragon\www\ci4dev\system\CodeIgniter.php(419): CodeIgniter\CodeIgniter->runController(Object(App\Controllers\UP3))
#9 C:\laragon\www\ci4dev\system\CodeIgniter.php(326): CodeIgniter\CodeIgniter->handleRequest(NULL, Object(Config\Cache), false)
#10 C:\laragon\www\ci4dev\public\index.php(37): CodeIgniter\CodeIgniter->run()
#11 C:\laragon\www\ci4dev\system\Commands\Server\rewrite.php(43): require_once('C:\\laragon\\www\\...')
#12 {main}
ERROR - 2024-01-11 18:35:58 --> Expression #3 of SELECT list is not in GROUP BY clause and contains nonaggregated column 'simpel.kategori.tarif_s' which is not functionally dependent on columns in GROUP BY clause; this is incompatible with sql_mode=only_full_group_by
CRITICAL - 2024-01-11 18:35:58 --> Expression #3 of SELECT list is not in GROUP BY clause and contains nonaggregated column 'simpel.kategori.tarif_s' which is not functionally dependent on columns in GROUP BY clause; this is incompatible with sql_mode=only_full_group_by
#0 C:\laragon\www\ci4dev\system\Database\MySQLi\Connection.php(292): mysqli->query('SELECT `bulan`,...', 0)
#1 C:\laragon\www\ci4dev\system\Database\BaseConnection.php(670): CodeIgniter\Database\MySQLi\Connection->execute('SELECT `bulan`,...')
#2 C:\laragon\www\ci4dev\system\Database\BaseConnection.php(598): CodeIgniter\Database\BaseConnection->simpleQuery('SELECT `bulan`,...')
#3 C:\laragon\www\ci4dev\system\Database\BaseBuilder.php(1455): CodeIgniter\Database\BaseConnection->query('SELECT `bulan`,...', Array, false)
#4 C:\laragon\www\ci4dev\system\Model.php(145): CodeIgniter\Database\BaseBuilder->get()
#5 C:\laragon\www\ci4dev\system\BaseModel.php(523): CodeIgniter\Model->doFind(false, NULL)
#6 C:\laragon\www\ci4dev\app\Controllers\UP3.php(410): CodeIgniter\BaseModel->find()
#7 C:\laragon\www\ci4dev\system\CodeIgniter.php(832): App\Controllers\UP3->datakwh()
#8 C:\laragon\www\ci4dev\system\CodeIgniter.php(419): CodeIgniter\CodeIgniter->runController(Object(App\Controllers\UP3))
#9 C:\laragon\www\ci4dev\system\CodeIgniter.php(326): CodeIgniter\CodeIgniter->handleRequest(NULL, Object(Config\Cache), false)
#10 C:\laragon\www\ci4dev\public\index.php(37): CodeIgniter\CodeIgniter->run()
#11 C:\laragon\www\ci4dev\system\Commands\Server\rewrite.php(43): require_once('C:\\laragon\\www\\...')
#12 {main}
ERROR - 2024-01-11 18:35:59 --> Expression #3 of SELECT list is not in GROUP BY clause and contains nonaggregated column 'simpel.kategori.tarif_s' which is not functionally dependent on columns in GROUP BY clause; this is incompatible with sql_mode=only_full_group_by
CRITICAL - 2024-01-11 18:35:59 --> Expression #3 of SELECT list is not in GROUP BY clause and contains nonaggregated column 'simpel.kategori.tarif_s' which is not functionally dependent on columns in GROUP BY clause; this is incompatible with sql_mode=only_full_group_by
#0 C:\laragon\www\ci4dev\system\Database\MySQLi\Connection.php(292): mysqli->query('SELECT `bulan`,...', 0)
#1 C:\laragon\www\ci4dev\system\Database\BaseConnection.php(670): CodeIgniter\Database\MySQLi\Connection->execute('SELECT `bulan`,...')
#2 C:\laragon\www\ci4dev\system\Database\BaseConnection.php(598): CodeIgniter\Database\BaseConnection->simpleQuery('SELECT `bulan`,...')
#3 C:\laragon\www\ci4dev\system\Database\BaseBuilder.php(1455): CodeIgniter\Database\BaseConnection->query('SELECT `bulan`,...', Array, false)
#4 C:\laragon\www\ci4dev\system\Model.php(145): CodeIgniter\Database\BaseBuilder->get()
#5 C:\laragon\www\ci4dev\system\BaseModel.php(523): CodeIgniter\Model->doFind(false, NULL)
#6 C:\laragon\www\ci4dev\app\Controllers\UP3.php(410): CodeIgniter\BaseModel->find()
#7 C:\laragon\www\ci4dev\system\CodeIgniter.php(832): App\Controllers\UP3->datakwh()
#8 C:\laragon\www\ci4dev\system\CodeIgniter.php(419): CodeIgniter\CodeIgniter->runController(Object(App\Controllers\UP3))
#9 C:\laragon\www\ci4dev\system\CodeIgniter.php(326): CodeIgniter\CodeIgniter->handleRequest(NULL, Object(Config\Cache), false)
#10 C:\laragon\www\ci4dev\public\index.php(37): CodeIgniter\CodeIgniter->run()
#11 C:\laragon\www\ci4dev\system\Commands\Server\rewrite.php(43): require_once('C:\\laragon\\www\\...')
#12 {main}
ERROR - 2024-01-11 18:36:15 --> Expression #3 of SELECT list is not in GROUP BY clause and contains nonaggregated column 'simpel.kategori.tarif_s' which is not functionally dependent on columns in GROUP BY clause; this is incompatible with sql_mode=only_full_group_by
CRITICAL - 2024-01-11 18:36:15 --> Expression #3 of SELECT list is not in GROUP BY clause and contains nonaggregated column 'simpel.kategori.tarif_s' which is not functionally dependent on columns in GROUP BY clause; this is incompatible with sql_mode=only_full_group_by
#0 C:\laragon\www\ci4dev\system\Database\MySQLi\Connection.php(292): mysqli->query('SELECT `bulan`,...', 0)
#1 C:\laragon\www\ci4dev\system\Database\BaseConnection.php(670): CodeIgniter\Database\MySQLi\Connection->execute('SELECT `bulan`,...')
#2 C:\laragon\www\ci4dev\system\Database\BaseConnection.php(598): CodeIgniter\Database\BaseConnection->simpleQuery('SELECT `bulan`,...')
#3 C:\laragon\www\ci4dev\system\Database\BaseBuilder.php(1455): CodeIgniter\Database\BaseConnection->query('SELECT `bulan`,...', Array, false)
#4 C:\laragon\www\ci4dev\system\Model.php(145): CodeIgniter\Database\BaseBuilder->get()
#5 C:\laragon\www\ci4dev\system\BaseModel.php(523): CodeIgniter\Model->doFind(false, NULL)
#6 C:\laragon\www\ci4dev\app\Controllers\UP3.php(410): CodeIgniter\BaseModel->find()
#7 C:\laragon\www\ci4dev\system\CodeIgniter.php(832): App\Controllers\UP3->datakwh()
#8 C:\laragon\www\ci4dev\system\CodeIgniter.php(419): CodeIgniter\CodeIgniter->runController(Object(App\Controllers\UP3))
#9 C:\laragon\www\ci4dev\system\CodeIgniter.php(326): CodeIgniter\CodeIgniter->handleRequest(NULL, Object(Config\Cache), false)
#10 C:\laragon\www\ci4dev\public\index.php(37): CodeIgniter\CodeIgniter->run()
#11 C:\laragon\www\ci4dev\system\Commands\Server\rewrite.php(43): require_once('C:\\laragon\\www\\...')
#12 {main}
CRITICAL - 2024-01-11 18:36:28 --> Undefined array key "tarif_s"
#0 C:\laragon\www\ci4dev\app\Controllers\UP3.php(422): CodeIgniter\Debug\Exceptions->errorHandler(2, 'Undefined array...', 'C:\\laragon\\www\\...', 422)
#1 C:\laragon\www\ci4dev\system\CodeIgniter.php(832): App\Controllers\UP3->datakwh()
#2 C:\laragon\www\ci4dev\system\CodeIgniter.php(419): CodeIgniter\CodeIgniter->runController(Object(App\Controllers\UP3))
#3 C:\laragon\www\ci4dev\system\CodeIgniter.php(326): CodeIgniter\CodeIgniter->handleRequest(NULL, Object(Config\Cache), false)
#4 C:\laragon\www\ci4dev\public\index.php(37): CodeIgniter\CodeIgniter->run()
#5 C:\laragon\www\ci4dev\system\Commands\Server\rewrite.php(43): require_once('C:\\laragon\\www\\...')
#6 {main}
ERROR - 2024-01-11 18:39:32 --> Column 'klasifikasi_id' in field list is ambiguous
CRITICAL - 2024-01-11 18:39:32 --> Column 'klasifikasi_id' in field list is ambiguous
#0 C:\laragon\www\ci4dev\system\Database\MySQLi\Connection.php(292): mysqli->query('SELECT `bulan`,...', 0)
#1 C:\laragon\www\ci4dev\system\Database\BaseConnection.php(670): CodeIgniter\Database\MySQLi\Connection->execute('SELECT `bulan`,...')
#2 C:\laragon\www\ci4dev\system\Database\BaseConnection.php(598): CodeIgniter\Database\BaseConnection->simpleQuery('SELECT `bulan`,...')
#3 C:\laragon\www\ci4dev\system\Database\BaseBuilder.php(1455): CodeIgniter\Database\BaseConnection->query('SELECT `bulan`,...', Array, false)
#4 C:\laragon\www\ci4dev\system\Model.php(145): CodeIgniter\Database\BaseBuilder->get()
#5 C:\laragon\www\ci4dev\system\BaseModel.php(523): CodeIgniter\Model->doFind(false, NULL)
#6 C:\laragon\www\ci4dev\app\Controllers\UP3.php(413): CodeIgniter\BaseModel->find()
#7 C:\laragon\www\ci4dev\system\CodeIgniter.php(832): App\Controllers\UP3->datakwh()
#8 C:\laragon\www\ci4dev\system\CodeIgniter.php(419): CodeIgniter\CodeIgniter->runController(Object(App\Controllers\UP3))
#9 C:\laragon\www\ci4dev\system\CodeIgniter.php(326): CodeIgniter\CodeIgniter->handleRequest(NULL, Object(Config\Cache), false)
#10 C:\laragon\www\ci4dev\public\index.php(37): CodeIgniter\CodeIgniter->run()
#11 C:\laragon\www\ci4dev\system\Commands\Server\rewrite.php(43): require_once('C:\\laragon\\www\\...')
#12 {main}
ERROR - 2024-01-11 18:40:41 --> Column 'klasifikasi_id' in field list is ambiguous
CRITICAL - 2024-01-11 18:40:41 --> Column 'klasifikasi_id' in field list is ambiguous
#0 C:\laragon\www\ci4dev\system\Database\MySQLi\Connection.php(292): mysqli->query('SELECT `bulan`,...', 0)
#1 C:\laragon\www\ci4dev\system\Database\BaseConnection.php(670): CodeIgniter\Database\MySQLi\Connection->execute('SELECT `bulan`,...')
#2 C:\laragon\www\ci4dev\system\Database\BaseConnection.php(598): CodeIgniter\Database\BaseConnection->simpleQuery('SELECT `bulan`,...')
#3 C:\laragon\www\ci4dev\system\Database\BaseBuilder.php(1455): CodeIgniter\Database\BaseConnection->query('SELECT `bulan`,...', Array, false)
#4 C:\laragon\www\ci4dev\system\Model.php(145): CodeIgniter\Database\BaseBuilder->get()
#5 C:\laragon\www\ci4dev\system\BaseModel.php(523): CodeIgniter\Model->doFind(false, NULL)
#6 C:\laragon\www\ci4dev\app\Controllers\UP3.php(414): CodeIgniter\BaseModel->find()
#7 C:\laragon\www\ci4dev\system\CodeIgniter.php(832): App\Controllers\UP3->datakwh()
#8 C:\laragon\www\ci4dev\system\CodeIgniter.php(419): CodeIgniter\CodeIgniter->runController(Object(App\Controllers\UP3))
#9 C:\laragon\www\ci4dev\system\CodeIgniter.php(326): CodeIgniter\CodeIgniter->handleRequest(NULL, Object(Config\Cache), false)
#10 C:\laragon\www\ci4dev\public\index.php(37): CodeIgniter\CodeIgniter->run()
#11 C:\laragon\www\ci4dev\system\Commands\Server\rewrite.php(43): require_once('C:\\laragon\\www\\...')
#12 {main}
ERROR - 2024-01-11 18:40:43 --> Column 'klasifikasi_id' in field list is ambiguous
CRITICAL - 2024-01-11 18:40:43 --> Column 'klasifikasi_id' in field list is ambiguous
#0 C:\laragon\www\ci4dev\system\Database\MySQLi\Connection.php(292): mysqli->query('SELECT `bulan`,...', 0)
#1 C:\laragon\www\ci4dev\system\Database\BaseConnection.php(670): CodeIgniter\Database\MySQLi\Connection->execute('SELECT `bulan`,...')
#2 C:\laragon\www\ci4dev\system\Database\BaseConnection.php(598): CodeIgniter\Database\BaseConnection->simpleQuery('SELECT `bulan`,...')
#3 C:\laragon\www\ci4dev\system\Database\BaseBuilder.php(1455): CodeIgniter\Database\BaseConnection->query('SELECT `bulan`,...', Array, false)
#4 C:\laragon\www\ci4dev\system\Model.php(145): CodeIgniter\Database\BaseBuilder->get()
#5 C:\laragon\www\ci4dev\system\BaseModel.php(523): CodeIgniter\Model->doFind(false, NULL)
#6 C:\laragon\www\ci4dev\app\Controllers\UP3.php(414): CodeIgniter\BaseModel->find()
#7 C:\laragon\www\ci4dev\system\CodeIgniter.php(832): App\Controllers\UP3->datakwh()
#8 C:\laragon\www\ci4dev\system\CodeIgniter.php(419): CodeIgniter\CodeIgniter->runController(Object(App\Controllers\UP3))
#9 C:\laragon\www\ci4dev\system\CodeIgniter.php(326): CodeIgniter\CodeIgniter->handleRequest(NULL, Object(Config\Cache), false)
#10 C:\laragon\www\ci4dev\public\index.php(37): CodeIgniter\CodeIgniter->run()
#11 C:\laragon\www\ci4dev\system\Commands\Server\rewrite.php(43): require_once('C:\\laragon\\www\\...')
#12 {main}
ERROR - 2024-01-11 18:40:56 --> Column 'klasifikasi_id' in field list is ambiguous
CRITICAL - 2024-01-11 18:40:56 --> Column 'klasifikasi_id' in field list is ambiguous
#0 C:\laragon\www\ci4dev\system\Database\MySQLi\Connection.php(292): mysqli->query('SELECT `bulan`,...', 0)
#1 C:\laragon\www\ci4dev\system\Database\BaseConnection.php(670): CodeIgniter\Database\MySQLi\Connection->execute('SELECT `bulan`,...')
#2 C:\laragon\www\ci4dev\system\Database\BaseConnection.php(598): CodeIgniter\Database\BaseConnection->simpleQuery('SELECT `bulan`,...')
#3 C:\laragon\www\ci4dev\system\Database\BaseBuilder.php(1455): CodeIgniter\Database\BaseConnection->query('SELECT `bulan`,...', Array, false)
#4 C:\laragon\www\ci4dev\system\Model.php(145): CodeIgniter\Database\BaseBuilder->get()
#5 C:\laragon\www\ci4dev\system\BaseModel.php(523): CodeIgniter\Model->doFind(false, NULL)
#6 C:\laragon\www\ci4dev\app\Controllers\UP3.php(414): CodeIgniter\BaseModel->find()
#7 C:\laragon\www\ci4dev\system\CodeIgniter.php(832): App\Controllers\UP3->datakwh()
#8 C:\laragon\www\ci4dev\system\CodeIgniter.php(419): CodeIgniter\CodeIgniter->runController(Object(App\Controllers\UP3))
#9 C:\laragon\www\ci4dev\system\CodeIgniter.php(326): CodeIgniter\CodeIgniter->handleRequest(NULL, Object(Config\Cache), false)
#10 C:\laragon\www\ci4dev\public\index.php(37): CodeIgniter\CodeIgniter->run()
#11 C:\laragon\www\ci4dev\system\Commands\Server\rewrite.php(43): require_once('C:\\laragon\\www\\...')
#12 {main}
ERROR - 2024-01-11 18:40:57 --> Column 'klasifikasi_id' in field list is ambiguous
CRITICAL - 2024-01-11 18:40:57 --> Column 'klasifikasi_id' in field list is ambiguous
#0 C:\laragon\www\ci4dev\system\Database\MySQLi\Connection.php(292): mysqli->query('SELECT `bulan`,...', 0)
#1 C:\laragon\www\ci4dev\system\Database\BaseConnection.php(670): CodeIgniter\Database\MySQLi\Connection->execute('SELECT `bulan`,...')
#2 C:\laragon\www\ci4dev\system\Database\BaseConnection.php(598): CodeIgniter\Database\BaseConnection->simpleQuery('SELECT `bulan`,...')
#3 C:\laragon\www\ci4dev\system\Database\BaseBuilder.php(1455): CodeIgniter\Database\BaseConnection->query('SELECT `bulan`,...', Array, false)
#4 C:\laragon\www\ci4dev\system\Model.php(145): CodeIgniter\Database\BaseBuilder->get()
#5 C:\laragon\www\ci4dev\system\BaseModel.php(523): CodeIgniter\Model->doFind(false, NULL)
#6 C:\laragon\www\ci4dev\app\Controllers\UP3.php(414): CodeIgniter\BaseModel->find()
#7 C:\laragon\www\ci4dev\system\CodeIgniter.php(832): App\Controllers\UP3->datakwh()
#8 C:\laragon\www\ci4dev\system\CodeIgniter.php(419): CodeIgniter\CodeIgniter->runController(Object(App\Controllers\UP3))
#9 C:\laragon\www\ci4dev\system\CodeIgniter.php(326): CodeIgniter\CodeIgniter->handleRequest(NULL, Object(Config\Cache), false)
#10 C:\laragon\www\ci4dev\public\index.php(37): CodeIgniter\CodeIgniter->run()
#11 C:\laragon\www\ci4dev\system\Commands\Server\rewrite.php(43): require_once('C:\\laragon\\www\\...')
#12 {main}
ERROR - 2024-01-11 18:41:06 --> Column 'klasifikasi_id' in field list is ambiguous
CRITICAL - 2024-01-11 18:41:06 --> Column 'klasifikasi_id' in field list is ambiguous
#0 C:\laragon\www\ci4dev\system\Database\MySQLi\Connection.php(292): mysqli->query('SELECT `bulan`,...', 0)
#1 C:\laragon\www\ci4dev\system\Database\BaseConnection.php(670): CodeIgniter\Database\MySQLi\Connection->execute('SELECT `bulan`,...')
#2 C:\laragon\www\ci4dev\system\Database\BaseConnection.php(598): CodeIgniter\Database\BaseConnection->simpleQuery('SELECT `bulan`,...')
#3 C:\laragon\www\ci4dev\system\Database\BaseBuilder.php(1455): CodeIgniter\Database\BaseConnection->query('SELECT `bulan`,...', Array, false)
#4 C:\laragon\www\ci4dev\system\Model.php(145): CodeIgniter\Database\BaseBuilder->get()
#5 C:\laragon\www\ci4dev\system\BaseModel.php(523): CodeIgniter\Model->doFind(false, NULL)
#6 C:\laragon\www\ci4dev\app\Controllers\UP3.php(414): CodeIgniter\BaseModel->find()
#7 C:\laragon\www\ci4dev\system\CodeIgniter.php(832): App\Controllers\UP3->datakwh()
#8 C:\laragon\www\ci4dev\system\CodeIgniter.php(419): CodeIgniter\CodeIgniter->runController(Object(App\Controllers\UP3))
#9 C:\laragon\www\ci4dev\system\CodeIgniter.php(326): CodeIgniter\CodeIgniter->handleRequest(NULL, Object(Config\Cache), false)
#10 C:\laragon\www\ci4dev\public\index.php(37): CodeIgniter\CodeIgniter->run()
#11 C:\laragon\www\ci4dev\system\Commands\Server\rewrite.php(43): require_once('C:\\laragon\\www\\...')
#12 {main}
CRITICAL - 2024-01-11 18:47:00 --> Undefined variable $uniqueYears
#0 C:\laragon\www\ci4dev\app\Views\up3\datakwh.php(14): CodeIgniter\Debug\Exceptions->errorHandler(2, 'Undefined varia...', 'C:\\laragon\\www\\...', 14)
#1 C:\laragon\www\ci4dev\system\View\View.php(210): include('C:\\laragon\\www\\...')
#2 C:\laragon\www\ci4dev\system\View\View.php(213): CodeIgniter\View\View->CodeIgniter\View\{closure}()
#3 C:\laragon\www\ci4dev\system\Common.php(1089): CodeIgniter\View\View->render('up3/datakwh', Array, true)
#4 C:\laragon\www\ci4dev\app\Controllers\UP3.php(449): view('up3/datakwh', Array)
#5 C:\laragon\www\ci4dev\system\CodeIgniter.php(832): App\Controllers\UP3->datakwh()
#6 C:\laragon\www\ci4dev\system\CodeIgniter.php(419): CodeIgniter\CodeIgniter->runController(Object(App\Controllers\UP3))
#7 C:\laragon\www\ci4dev\system\CodeIgniter.php(326): CodeIgniter\CodeIgniter->handleRequest(NULL, Object(Config\Cache), false)
#8 C:\laragon\www\ci4dev\public\index.php(37): CodeIgniter\CodeIgniter->run()
#9 C:\laragon\www\ci4dev\system\Commands\Server\rewrite.php(43): require_once('C:\\laragon\\www\\...')
#10 {main}
CRITICAL - 2024-01-11 18:47:36 --> Undefined variable $uniqueMonths
#0 C:\laragon\www\ci4dev\app\Views\up3\datakwh.php(18): CodeIgniter\Debug\Exceptions->errorHandler(2, 'Undefined varia...', 'C:\\laragon\\www\\...', 18)
#1 C:\laragon\www\ci4dev\system\View\View.php(210): include('C:\\laragon\\www\\...')
#2 C:\laragon\www\ci4dev\system\View\View.php(213): CodeIgniter\View\View->CodeIgniter\View\{closure}()
#3 C:\laragon\www\ci4dev\system\Common.php(1089): CodeIgniter\View\View->render('up3/datakwh', Array, true)
#4 C:\laragon\www\ci4dev\app\Controllers\UP3.php(449): view('up3/datakwh', Array)
#5 C:\laragon\www\ci4dev\system\CodeIgniter.php(832): App\Controllers\UP3->datakwh()
#6 C:\laragon\www\ci4dev\system\CodeIgniter.php(419): CodeIgniter\CodeIgniter->runController(Object(App\Controllers\UP3))
#7 C:\laragon\www\ci4dev\system\CodeIgniter.php(326): CodeIgniter\CodeIgniter->handleRequest(NULL, Object(Config\Cache), false)
#8 C:\laragon\www\ci4dev\public\index.php(37): CodeIgniter\CodeIgniter->run()
#9 C:\laragon\www\ci4dev\system\Commands\Server\rewrite.php(43): require_once('C:\\laragon\\www\\...')
#10 {main}
CRITICAL - 2024-01-11 18:47:38 --> Undefined variable $uniqueMonths
#0 C:\laragon\www\ci4dev\app\Views\up3\datakwh.php(18): CodeIgniter\Debug\Exceptions->errorHandler(2, 'Undefined varia...', 'C:\\laragon\\www\\...', 18)
#1 C:\laragon\www\ci4dev\system\View\View.php(210): include('C:\\laragon\\www\\...')
#2 C:\laragon\www\ci4dev\system\View\View.php(213): CodeIgniter\View\View->CodeIgniter\View\{closure}()
#3 C:\laragon\www\ci4dev\system\Common.php(1089): CodeIgniter\View\View->render('up3/datakwh', Array, true)
#4 C:\laragon\www\ci4dev\app\Controllers\UP3.php(449): view('up3/datakwh', Array)
#5 C:\laragon\www\ci4dev\system\CodeIgniter.php(832): App\Controllers\UP3->datakwh()
#6 C:\laragon\www\ci4dev\system\CodeIgniter.php(419): CodeIgniter\CodeIgniter->runController(Object(App\Controllers\UP3))
#7 C:\laragon\www\ci4dev\system\CodeIgniter.php(326): CodeIgniter\CodeIgniter->handleRequest(NULL, Object(Config\Cache), false)
#8 C:\laragon\www\ci4dev\public\index.php(37): CodeIgniter\CodeIgniter->run()
#9 C:\laragon\www\ci4dev\system\Commands\Server\rewrite.php(43): require_once('C:\\laragon\\www\\...')
#10 {main}
CRITICAL - 2024-01-11 18:47:53 --> Undefined variable $selectedMonth
#0 C:\laragon\www\ci4dev\app\Views\up3\datakwh.php(87): CodeIgniter\Debug\Exceptions->errorHandler(2, 'Undefined varia...', 'C:\\laragon\\www\\...', 87)
#1 C:\laragon\www\ci4dev\system\View\View.php(210): include('C:\\laragon\\www\\...')
#2 C:\laragon\www\ci4dev\system\View\View.php(213): CodeIgniter\View\View->CodeIgniter\View\{closure}()
#3 C:\laragon\www\ci4dev\system\Common.php(1089): CodeIgniter\View\View->render('up3/datakwh', Array, true)
#4 C:\laragon\www\ci4dev\app\Controllers\UP3.php(449): view('up3/datakwh', Array)
#5 C:\laragon\www\ci4dev\system\CodeIgniter.php(832): App\Controllers\UP3->datakwh()
#6 C:\laragon\www\ci4dev\system\CodeIgniter.php(419): CodeIgniter\CodeIgniter->runController(Object(App\Controllers\UP3))
#7 C:\laragon\www\ci4dev\system\CodeIgniter.php(326): CodeIgniter\CodeIgniter->handleRequest(NULL, Object(Config\Cache), false)
#8 C:\laragon\www\ci4dev\public\index.php(37): CodeIgniter\CodeIgniter->run()
#9 C:\laragon\www\ci4dev\system\Commands\Server\rewrite.php(43): require_once('C:\\laragon\\www\\...')
#10 {main}
CRITICAL - 2024-01-11 18:48:45 --> Undefined variable $selectedMonth
#0 C:\laragon\www\ci4dev\app\Views\up3\datakwh.php(87): CodeIgniter\Debug\Exceptions->errorHandler(2, 'Undefined varia...', 'C:\\laragon\\www\\...', 87)
#1 C:\laragon\www\ci4dev\system\View\View.php(210): include('C:\\laragon\\www\\...')
#2 C:\laragon\www\ci4dev\system\View\View.php(213): CodeIgniter\View\View->CodeIgniter\View\{closure}()
#3 C:\laragon\www\ci4dev\system\Common.php(1089): CodeIgniter\View\View->render('up3/datakwh', Array, true)
#4 C:\laragon\www\ci4dev\app\Controllers\UP3.php(450): view('up3/datakwh', Array)
#5 C:\laragon\www\ci4dev\system\CodeIgniter.php(832): App\Controllers\UP3->datakwh()
#6 C:\laragon\www\ci4dev\system\CodeIgniter.php(419): CodeIgniter\CodeIgniter->runController(Object(App\Controllers\UP3))
#7 C:\laragon\www\ci4dev\system\CodeIgniter.php(326): CodeIgniter\CodeIgniter->handleRequest(NULL, Object(Config\Cache), false)
#8 C:\laragon\www\ci4dev\public\index.php(37): CodeIgniter\CodeIgniter->run()
#9 C:\laragon\www\ci4dev\system\Commands\Server\rewrite.php(43): require_once('C:\\laragon\\www\\...')
#10 {main}
CRITICAL - 2024-01-11 19:07:04 --> Undefined variable $row
#0 C:\laragon\www\ci4dev\app\Views\up3\datakwh.php(117): CodeIgniter\Debug\Exceptions->errorHandler(2, 'Undefined varia...', 'C:\\laragon\\www\\...', 117)
#1 C:\laragon\www\ci4dev\system\View\View.php(210): include('C:\\laragon\\www\\...')
#2 C:\laragon\www\ci4dev\system\View\View.php(213): CodeIgniter\View\View->CodeIgniter\View\{closure}()
#3 C:\laragon\www\ci4dev\system\Common.php(1089): CodeIgniter\View\View->render('up3/datakwh', Array, true)
#4 C:\laragon\www\ci4dev\app\Controllers\UP3.php(460): view('up3/datakwh', Array)
#5 C:\laragon\www\ci4dev\system\CodeIgniter.php(832): App\Controllers\UP3->datakwh()
#6 C:\laragon\www\ci4dev\system\CodeIgniter.php(419): CodeIgniter\CodeIgniter->runController(Object(App\Controllers\UP3))
#7 C:\laragon\www\ci4dev\system\CodeIgniter.php(326): CodeIgniter\CodeIgniter->handleRequest(NULL, Object(Config\Cache), false)
#8 C:\laragon\www\ci4dev\public\index.php(37): CodeIgniter\CodeIgniter->run()
#9 C:\laragon\www\ci4dev\system\Commands\Server\rewrite.php(43): require_once('C:\\laragon\\www\\...')
#10 {main}
CRITICAL - 2024-01-11 19:08:41 --> Undefined array key "tarif_s"
#0 C:\laragon\www\ci4dev\app\Views\up3\datakwh.php(125): CodeIgniter\Debug\Exceptions->errorHandler(2, 'Undefined array...', 'C:\\laragon\\www\\...', 125)
#1 C:\laragon\www\ci4dev\system\View\View.php(210): include('C:\\laragon\\www\\...')
#2 C:\laragon\www\ci4dev\system\View\View.php(213): CodeIgniter\View\View->CodeIgniter\View\{closure}()
#3 C:\laragon\www\ci4dev\system\Common.php(1089): CodeIgniter\View\View->render('up3/datakwh', Array, true)
#4 C:\laragon\www\ci4dev\app\Controllers\UP3.php(461): view('up3/datakwh', Array)
#5 C:\laragon\www\ci4dev\system\CodeIgniter.php(832): App\Controllers\UP3->datakwh()
#6 C:\laragon\www\ci4dev\system\CodeIgniter.php(419): CodeIgniter\CodeIgniter->runController(Object(App\Controllers\UP3))
#7 C:\laragon\www\ci4dev\system\CodeIgniter.php(326): CodeIgniter\CodeIgniter->handleRequest(NULL, Object(Config\Cache), false)
#8 C:\laragon\www\ci4dev\public\index.php(37): CodeIgniter\CodeIgniter->run()
#9 C:\laragon\www\ci4dev\system\Commands\Server\rewrite.php(43): require_once('C:\\laragon\\www\\...')
#10 {main}
CRITICAL - 2024-01-11 19:09:01 --> Undefined array key "total_s"
#0 C:\laragon\www\ci4dev\app\Views\up3\datakwh.php(125): CodeIgniter\Debug\Exceptions->errorHandler(2, 'Undefined array...', 'C:\\laragon\\www\\...', 125)
#1 C:\laragon\www\ci4dev\system\View\View.php(210): include('C:\\laragon\\www\\...')
#2 C:\laragon\www\ci4dev\system\View\View.php(213): CodeIgniter\View\View->CodeIgniter\View\{closure}()
#3 C:\laragon\www\ci4dev\system\Common.php(1089): CodeIgniter\View\View->render('up3/datakwh', Array, true)
#4 C:\laragon\www\ci4dev\app\Controllers\UP3.php(461): view('up3/datakwh', Array)
#5 C:\laragon\www\ci4dev\system\CodeIgniter.php(832): App\Controllers\UP3->datakwh()
#6 C:\laragon\www\ci4dev\system\CodeIgniter.php(419): CodeIgniter\CodeIgniter->runController(Object(App\Controllers\UP3))
#7 C:\laragon\www\ci4dev\system\CodeIgniter.php(326): CodeIgniter\CodeIgniter->handleRequest(NULL, Object(Config\Cache), false)
#8 C:\laragon\www\ci4dev\public\index.php(37): CodeIgniter\CodeIgniter->run()
#9 C:\laragon\www\ci4dev\system\Commands\Server\rewrite.php(43): require_once('C:\\laragon\\www\\...')
#10 {main}
ERROR - 2024-01-11 19:15:02 --> Column 'klasifikasi_id' in group statement is ambiguous
CRITICAL - 2024-01-11 19:15:02 --> Column 'klasifikasi_id' in group statement is ambiguous
#0 C:\laragon\www\ci4dev\system\Database\MySQLi\Connection.php(292): mysqli->query('SELECT *\nFROM `...', 0)
#1 C:\laragon\www\ci4dev\system\Database\BaseConnection.php(670): CodeIgniter\Database\MySQLi\Connection->execute('SELECT *\nFROM `...')
#2 C:\laragon\www\ci4dev\system\Database\BaseConnection.php(598): CodeIgniter\Database\BaseConnection->simpleQuery('SELECT *\nFROM `...')
#3 C:\laragon\www\ci4dev\system\Database\BaseBuilder.php(1455): CodeIgniter\Database\BaseConnection->query('SELECT *\nFROM `...', Array, false)
#4 C:\laragon\www\ci4dev\system\Model.php(183): CodeIgniter\Database\BaseBuilder->get()
#5 C:\laragon\www\ci4dev\system\BaseModel.php(584): CodeIgniter\Model->doFindAll(0, 0)
#6 C:\laragon\www\ci4dev\app\Controllers\UP3.php(47): CodeIgniter\BaseModel->findAll()
#7 C:\laragon\www\ci4dev\system\CodeIgniter.php(832): App\Controllers\UP3->dataplg()
#8 C:\laragon\www\ci4dev\system\CodeIgniter.php(419): CodeIgniter\CodeIgniter->runController(Object(App\Controllers\UP3))
#9 C:\laragon\www\ci4dev\system\CodeIgniter.php(326): CodeIgniter\CodeIgniter->handleRequest(NULL, Object(Config\Cache), false)
#10 C:\laragon\www\ci4dev\public\index.php(37): CodeIgniter\CodeIgniter->run()
#11 C:\laragon\www\ci4dev\system\Commands\Server\rewrite.php(43): require_once('C:\\laragon\\www\\...')
#12 {main}
ERROR - 2024-01-11 19:15:32 --> Expression #1 of SELECT list is not in GROUP BY clause and contains nonaggregated column 'simpel.kategori.kategori_id' which is not functionally dependent on columns in GROUP BY clause; this is incompatible with sql_mode=only_full_group_by
CRITICAL - 2024-01-11 19:15:32 --> Expression #1 of SELECT list is not in GROUP BY clause and contains nonaggregated column 'simpel.kategori.kategori_id' which is not functionally dependent on columns in GROUP BY clause; this is incompatible with sql_mode=only_full_group_by
#0 C:\laragon\www\ci4dev\system\Database\MySQLi\Connection.php(292): mysqli->query('SELECT *\nFROM `...', 0)
#1 C:\laragon\www\ci4dev\system\Database\BaseConnection.php(670): CodeIgniter\Database\MySQLi\Connection->execute('SELECT *\nFROM `...')
#2 C:\laragon\www\ci4dev\system\Database\BaseConnection.php(598): CodeIgniter\Database\BaseConnection->simpleQuery('SELECT *\nFROM `...')
#3 C:\laragon\www\ci4dev\system\Database\BaseBuilder.php(1455): CodeIgniter\Database\BaseConnection->query('SELECT *\nFROM `...', Array, false)
#4 C:\laragon\www\ci4dev\system\Model.php(183): CodeIgniter\Database\BaseBuilder->get()
#5 C:\laragon\www\ci4dev\system\BaseModel.php(584): CodeIgniter\Model->doFindAll(0, 0)
#6 C:\laragon\www\ci4dev\app\Controllers\UP3.php(47): CodeIgniter\BaseModel->findAll()
#7 C:\laragon\www\ci4dev\system\CodeIgniter.php(832): App\Controllers\UP3->dataplg()
#8 C:\laragon\www\ci4dev\system\CodeIgniter.php(419): CodeIgniter\CodeIgniter->runController(Object(App\Controllers\UP3))
#9 C:\laragon\www\ci4dev\system\CodeIgniter.php(326): CodeIgniter\CodeIgniter->handleRequest(NULL, Object(Config\Cache), false)
#10 C:\laragon\www\ci4dev\public\index.php(37): CodeIgniter\CodeIgniter->run()
#11 C:\laragon\www\ci4dev\system\Commands\Server\rewrite.php(43): require_once('C:\\laragon\\www\\...')
#12 {main}
ERROR - 2024-01-11 19:15:46 --> Column 'klasifikasi_id' in field list is ambiguous
CRITICAL - 2024-01-11 19:15:46 --> Column 'klasifikasi_id' in field list is ambiguous
#0 C:\laragon\www\ci4dev\system\Database\MySQLi\Connection.php(292): mysqli->query('SELECT `bulan`,...', 0)
#1 C:\laragon\www\ci4dev\system\Database\BaseConnection.php(670): CodeIgniter\Database\MySQLi\Connection->execute('SELECT `bulan`,...')
#2 C:\laragon\www\ci4dev\system\Database\BaseConnection.php(598): CodeIgniter\Database\BaseConnection->simpleQuery('SELECT `bulan`,...')
#3 C:\laragon\www\ci4dev\system\Database\BaseBuilder.php(1455): CodeIgniter\Database\BaseConnection->query('SELECT `bulan`,...', Array, false)
#4 C:\laragon\www\ci4dev\system\Model.php(183): CodeIgniter\Database\BaseBuilder->get()
#5 C:\laragon\www\ci4dev\system\BaseModel.php(584): CodeIgniter\Model->doFindAll(0, 0)
#6 C:\laragon\www\ci4dev\app\Controllers\UP3.php(48): CodeIgniter\BaseModel->findAll()
#7 C:\laragon\www\ci4dev\system\CodeIgniter.php(832): App\Controllers\UP3->dataplg()
#8 C:\laragon\www\ci4dev\system\CodeIgniter.php(419): CodeIgniter\CodeIgniter->runController(Object(App\Controllers\UP3))
#9 C:\laragon\www\ci4dev\system\CodeIgniter.php(326): CodeIgniter\CodeIgniter->handleRequest(NULL, Object(Config\Cache), false)
#10 C:\laragon\www\ci4dev\public\index.php(37): CodeIgniter\CodeIgniter->run()
#11 C:\laragon\www\ci4dev\system\Commands\Server\rewrite.php(43): require_once('C:\\laragon\\www\\...')
#12 {main}
CRITICAL - 2024-01-11 19:16:28 --> Undefined array key "tarif_s"
#0 C:\laragon\www\ci4dev\app\Controllers\UP3.php(72): CodeIgniter\Debug\Exceptions->errorHandler(2, 'Undefined array...', 'C:\\laragon\\www\\...', 72)
#1 C:\laragon\www\ci4dev\system\CodeIgniter.php(832): App\Controllers\UP3->dataplg()
#2 C:\laragon\www\ci4dev\system\CodeIgniter.php(419): CodeIgniter\CodeIgniter->runController(Object(App\Controllers\UP3))
#3 C:\laragon\www\ci4dev\system\CodeIgniter.php(326): CodeIgniter\CodeIgniter->handleRequest(NULL, Object(Config\Cache), false)
#4 C:\laragon\www\ci4dev\public\index.php(37): CodeIgniter\CodeIgniter->run()
#5 C:\laragon\www\ci4dev\system\Commands\Server\rewrite.php(43): require_once('C:\\laragon\\www\\...')
#6 {main}
CRITICAL - 2024-01-11 19:31:27 --> Undefined array key "bulan"
#0 C:\laragon\www\ci4dev\app\Controllers\UP3.php(37): CodeIgniter\Debug\Exceptions->errorHandler(2, 'Undefined array...', 'C:\\laragon\\www\\...', 37)
#1 C:\laragon\www\ci4dev\system\CodeIgniter.php(832): App\Controllers\UP3->dataplg()
#2 C:\laragon\www\ci4dev\system\CodeIgniter.php(419): CodeIgniter\CodeIgniter->runController(Object(App\Controllers\UP3))
#3 C:\laragon\www\ci4dev\system\CodeIgniter.php(326): CodeIgniter\CodeIgniter->handleRequest(NULL, Object(Config\Cache), false)
#4 C:\laragon\www\ci4dev\public\index.php(37): CodeIgniter\CodeIgniter->run()
#5 C:\laragon\www\ci4dev\system\Commands\Server\rewrite.php(43): require_once('C:\\laragon\\www\\...')
#6 {main}
CRITICAL - 2024-01-11 19:34:22 --> Call to a member function getResult() on array
#0 C:\laragon\www\ci4dev\system\CodeIgniter.php(832): App\Controllers\UP3->dataplg()
#1 C:\laragon\www\ci4dev\system\CodeIgniter.php(419): CodeIgniter\CodeIgniter->runController(Object(App\Controllers\UP3))
#2 C:\laragon\www\ci4dev\system\CodeIgniter.php(326): CodeIgniter\CodeIgniter->handleRequest(NULL, Object(Config\Cache), false)
#3 C:\laragon\www\ci4dev\public\index.php(37): CodeIgniter\CodeIgniter->run()
#4 C:\laragon\www\ci4dev\system\Commands\Server\rewrite.php(43): require_once('C:\\laragon\\www\\...')
#5 {main}
CRITICAL - 2024-01-11 19:36:08 --> Call to a member function getVar() on array
#0 C:\laragon\www\ci4dev\system\CodeIgniter.php(832): App\Controllers\UP3->dataplg()
#1 C:\laragon\www\ci4dev\system\CodeIgniter.php(419): CodeIgniter\CodeIgniter->runController(Object(App\Controllers\UP3))
#2 C:\laragon\www\ci4dev\system\CodeIgniter.php(326): CodeIgniter\CodeIgniter->handleRequest(NULL, Object(Config\Cache), false)
#3 C:\laragon\www\ci4dev\public\index.php(37): CodeIgniter\CodeIgniter->run()
#4 C:\laragon\www\ci4dev\system\Commands\Server\rewrite.php(43): require_once('C:\\laragon\\www\\...')
#5 {main}
CRITICAL - 2024-01-11 19:36:20 --> Call to a member function getPost() on array
#0 C:\laragon\www\ci4dev\system\CodeIgniter.php(832): App\Controllers\UP3->dataplg()
#1 C:\laragon\www\ci4dev\system\CodeIgniter.php(419): CodeIgniter\CodeIgniter->runController(Object(App\Controllers\UP3))
#2 C:\laragon\www\ci4dev\system\CodeIgniter.php(326): CodeIgniter\CodeIgniter->handleRequest(NULL, Object(Config\Cache), false)
#3 C:\laragon\www\ci4dev\public\index.php(37): CodeIgniter\CodeIgniter->run()
#4 C:\laragon\www\ci4dev\system\Commands\Server\rewrite.php(43): require_once('C:\\laragon\\www\\...')
#5 {main}
CRITICAL - 2024-01-11 19:36:27 --> Call to a member function getpost() on array
#0 C:\laragon\www\ci4dev\system\CodeIgniter.php(832): App\Controllers\UP3->dataplg()
#1 C:\laragon\www\ci4dev\system\CodeIgniter.php(419): CodeIgniter\CodeIgniter->runController(Object(App\Controllers\UP3))
#2 C:\laragon\www\ci4dev\system\CodeIgniter.php(326): CodeIgniter\CodeIgniter->handleRequest(NULL, Object(Config\Cache), false)
#3 C:\laragon\www\ci4dev\public\index.php(37): CodeIgniter\CodeIgniter->run()
#4 C:\laragon\www\ci4dev\system\Commands\Server\rewrite.php(43): require_once('C:\\laragon\\www\\...')
#5 {main}
CRITICAL - 2024-01-11 19:37:05 --> Attempt to read property "request" on array
#0 C:\laragon\www\ci4dev\app\Controllers\UP3.php(37): CodeIgniter\Debug\Exceptions->errorHandler(2, 'Attempt to read...', 'C:\\laragon\\www\\...', 37)
#1 C:\laragon\www\ci4dev\system\CodeIgniter.php(832): App\Controllers\UP3->dataplg()
#2 C:\laragon\www\ci4dev\system\CodeIgniter.php(419): CodeIgniter\CodeIgniter->runController(Object(App\Controllers\UP3))
#3 C:\laragon\www\ci4dev\system\CodeIgniter.php(326): CodeIgniter\CodeIgniter->handleRequest(NULL, Object(Config\Cache), false)
#4 C:\laragon\www\ci4dev\public\index.php(37): CodeIgniter\CodeIgniter->run()
#5 C:\laragon\www\ci4dev\system\Commands\Server\rewrite.php(43): require_once('C:\\laragon\\www\\...')
#6 {main}
CRITICAL - 2024-01-11 19:37:26 --> Object of class App\Controllers\UP3 could not be converted to string
#0 C:\laragon\www\ci4dev\system\CodeIgniter.php(832): App\Controllers\UP3->dataplg()
#1 C:\laragon\www\ci4dev\system\CodeIgniter.php(419): CodeIgniter\CodeIgniter->runController(Object(App\Controllers\UP3))
#2 C:\laragon\www\ci4dev\system\CodeIgniter.php(326): CodeIgniter\CodeIgniter->handleRequest(NULL, Object(Config\Cache), false)
#3 C:\laragon\www\ci4dev\public\index.php(37): CodeIgniter\CodeIgniter->run()
#4 C:\laragon\www\ci4dev\system\Commands\Server\rewrite.php(43): require_once('C:\\laragon\\www\\...')
#5 {main}
CRITICAL - 2024-01-11 19:37:28 --> Object of class App\Controllers\UP3 could not be converted to string
#0 C:\laragon\www\ci4dev\system\CodeIgniter.php(832): App\Controllers\UP3->dataplg()
#1 C:\laragon\www\ci4dev\system\CodeIgniter.php(419): CodeIgniter\CodeIgniter->runController(Object(App\Controllers\UP3))
#2 C:\laragon\www\ci4dev\system\CodeIgniter.php(326): CodeIgniter\CodeIgniter->handleRequest(NULL, Object(Config\Cache), false)
#3 C:\laragon\www\ci4dev\public\index.php(37): CodeIgniter\CodeIgniter->run()
#4 C:\laragon\www\ci4dev\system\Commands\Server\rewrite.php(43): require_once('C:\\laragon\\www\\...')
#5 {main}
CRITICAL - 2024-01-11 19:37:55 --> foreach() argument must be of type array|object, null given
#0 C:\laragon\www\ci4dev\app\Controllers\UP3.php(37): CodeIgniter\Debug\Exceptions->errorHandler(2, 'foreach() argum...', 'C:\\laragon\\www\\...', 37)
#1 C:\laragon\www\ci4dev\system\CodeIgniter.php(832): App\Controllers\UP3->dataplg()
#2 C:\laragon\www\ci4dev\system\CodeIgniter.php(419): CodeIgniter\CodeIgniter->runController(Object(App\Controllers\UP3))
#3 C:\laragon\www\ci4dev\system\CodeIgniter.php(326): CodeIgniter\CodeIgniter->handleRequest(NULL, Object(Config\Cache), false)
#4 C:\laragon\www\ci4dev\public\index.php(37): CodeIgniter\CodeIgniter->run()
#5 C:\laragon\www\ci4dev\system\Commands\Server\rewrite.php(43): require_once('C:\\laragon\\www\\...')
#6 {main}
CRITICAL - 2024-01-11 19:38:11 --> foreach() argument must be of type array|object, null given
#0 C:\laragon\www\ci4dev\app\Controllers\UP3.php(37): CodeIgniter\Debug\Exceptions->errorHandler(2, 'foreach() argum...', 'C:\\laragon\\www\\...', 37)
#1 C:\laragon\www\ci4dev\system\CodeIgniter.php(832): App\Controllers\UP3->dataplg()
#2 C:\laragon\www\ci4dev\system\CodeIgniter.php(419): CodeIgniter\CodeIgniter->runController(Object(App\Controllers\UP3))
#3 C:\laragon\www\ci4dev\system\CodeIgniter.php(326): CodeIgniter\CodeIgniter->handleRequest(NULL, Object(Config\Cache), false)
#4 C:\laragon\www\ci4dev\public\index.php(37): CodeIgniter\CodeIgniter->run()
#5 C:\laragon\www\ci4dev\system\Commands\Server\rewrite.php(43): require_once('C:\\laragon\\www\\...')
#6 {main}
CRITICAL - 2024-01-11 19:38:12 --> foreach() argument must be of type array|object, null given
#0 C:\laragon\www\ci4dev\app\Controllers\UP3.php(37): CodeIgniter\Debug\Exceptions->errorHandler(2, 'foreach() argum...', 'C:\\laragon\\www\\...', 37)
#1 C:\laragon\www\ci4dev\system\CodeIgniter.php(832): App\Controllers\UP3->dataplg()
#2 C:\laragon\www\ci4dev\system\CodeIgniter.php(419): CodeIgniter\CodeIgniter->runController(Object(App\Controllers\UP3))
#3 C:\laragon\www\ci4dev\system\CodeIgniter.php(326): CodeIgniter\CodeIgniter->handleRequest(NULL, Object(Config\Cache), false)
#4 C:\laragon\www\ci4dev\public\index.php(37): CodeIgniter\CodeIgniter->run()
#5 C:\laragon\www\ci4dev\system\Commands\Server\rewrite.php(43): require_once('C:\\laragon\\www\\...')
#6 {main}
CRITICAL - 2024-01-11 19:38:12 --> foreach() argument must be of type array|object, null given
#0 C:\laragon\www\ci4dev\app\Controllers\UP3.php(37): CodeIgniter\Debug\Exceptions->errorHandler(2, 'foreach() argum...', 'C:\\laragon\\www\\...', 37)
#1 C:\laragon\www\ci4dev\system\CodeIgniter.php(832): App\Controllers\UP3->dataplg()
#2 C:\laragon\www\ci4dev\system\CodeIgniter.php(419): CodeIgniter\CodeIgniter->runController(Object(App\Controllers\UP3))
#3 C:\laragon\www\ci4dev\system\CodeIgniter.php(326): CodeIgniter\CodeIgniter->handleRequest(NULL, Object(Config\Cache), false)
#4 C:\laragon\www\ci4dev\public\index.php(37): CodeIgniter\CodeIgniter->run()
#5 C:\laragon\www\ci4dev\system\Commands\Server\rewrite.php(43): require_once('C:\\laragon\\www\\...')
#6 {main}
CRITICAL - 2024-01-11 19:38:13 --> foreach() argument must be of type array|object, null given
#0 C:\laragon\www\ci4dev\app\Controllers\UP3.php(37): CodeIgniter\Debug\Exceptions->errorHandler(2, 'foreach() argum...', 'C:\\laragon\\www\\...', 37)
#1 C:\laragon\www\ci4dev\system\CodeIgniter.php(832): App\Controllers\UP3->dataplg()
#2 C:\laragon\www\ci4dev\system\CodeIgniter.php(419): CodeIgniter\CodeIgniter->runController(Object(App\Controllers\UP3))
#3 C:\laragon\www\ci4dev\system\CodeIgniter.php(326): CodeIgniter\CodeIgniter->handleRequest(NULL, Object(Config\Cache), false)
#4 C:\laragon\www\ci4dev\public\index.php(37): CodeIgniter\CodeIgniter->run()
#5 C:\laragon\www\ci4dev\system\Commands\Server\rewrite.php(43): require_once('C:\\laragon\\www\\...')
#6 {main}
CRITICAL - 2024-01-11 19:38:13 --> foreach() argument must be of type array|object, null given
#0 C:\laragon\www\ci4dev\app\Controllers\UP3.php(37): CodeIgniter\Debug\Exceptions->errorHandler(2, 'foreach() argum...', 'C:\\laragon\\www\\...', 37)
#1 C:\laragon\www\ci4dev\system\CodeIgniter.php(832): App\Controllers\UP3->dataplg()
#2 C:\laragon\www\ci4dev\system\CodeIgniter.php(419): CodeIgniter\CodeIgniter->runController(Object(App\Controllers\UP3))
#3 C:\laragon\www\ci4dev\system\CodeIgniter.php(326): CodeIgniter\CodeIgniter->handleRequest(NULL, Object(Config\Cache), false)
#4 C:\laragon\www\ci4dev\public\index.php(37): CodeIgniter\CodeIgniter->run()
#5 C:\laragon\www\ci4dev\system\Commands\Server\rewrite.php(43): require_once('C:\\laragon\\www\\...')
#6 {main}
CRITICAL - 2024-01-11 20:15:56 --> Undefined array key "tarif_s"
#0 C:\laragon\www\ci4dev\app\Controllers\UP3.php(255): CodeIgniter\Debug\Exceptions->errorHandler(2, 'Undefined array...', 'C:\\laragon\\www\\...', 255)
#1 C:\laragon\www\ci4dev\system\CodeIgniter.php(832): App\Controllers\UP3->datava()
#2 C:\laragon\www\ci4dev\system\CodeIgniter.php(419): CodeIgniter\CodeIgniter->runController(Object(App\Controllers\UP3))
#3 C:\laragon\www\ci4dev\system\CodeIgniter.php(326): CodeIgniter\CodeIgniter->handleRequest(NULL, Object(Config\Cache), false)
#4 C:\laragon\www\ci4dev\public\index.php(37): CodeIgniter\CodeIgniter->run()
#5 C:\laragon\www\ci4dev\system\Commands\Server\rewrite.php(43): require_once('C:\\laragon\\www\\...')
#6 {main}
