CRITICAL - 2024-01-08 18:28:47 --> Trying to access array offset on value of type null
#0 C:\laragon\www\ci4dev\app\Views\pages\dataplg.php(66): CodeIgniter\Debug\Exceptions->errorHandler(2, 'Trying to acces...', 'C:\\laragon\\www\\...', 66)
#1 C:\laragon\www\ci4dev\system\View\View.php(210): include('C:\\laragon\\www\\...')
#2 C:\laragon\www\ci4dev\system\View\View.php(213): CodeIgniter\View\View->CodeIgniter\View\{closure}()
#3 C:\laragon\www\ci4dev\system\Common.php(1089): CodeIgniter\View\View->render('pages/dataplg', Array, true)
#4 C:\laragon\www\ci4dev\app\Controllers\Pages.php(54): view('pages/dataplg', Array)
#5 C:\laragon\www\ci4dev\system\CodeIgniter.php(832): App\Controllers\Pages->dataplg()
#6 C:\laragon\www\ci4dev\system\CodeIgniter.php(419): CodeIgniter\CodeIgniter->runController(Object(App\Controllers\Pages))
#7 C:\laragon\www\ci4dev\system\CodeIgniter.php(326): CodeIgniter\CodeIgniter->handleRequest(NULL, Object(Config\Cache), false)
#8 C:\laragon\www\ci4dev\public\index.php(37): CodeIgniter\CodeIgniter->run()
#9 C:\laragon\www\ci4dev\system\Commands\Server\rewrite.php(43): require_once('C:\\laragon\\www\\...')
#10 {main}
CRITICAL - 2024-01-08 18:31:49 --> Trying to access array offset on value of type null
#0 C:\laragon\www\ci4dev\app\Views\pages\dataplg.php(66): CodeIgniter\Debug\Exceptions->errorHandler(2, 'Trying to acces...', 'C:\\laragon\\www\\...', 66)
#1 C:\laragon\www\ci4dev\system\View\View.php(210): include('C:\\laragon\\www\\...')
#2 C:\laragon\www\ci4dev\system\View\View.php(213): CodeIgniter\View\View->CodeIgniter\View\{closure}()
#3 C:\laragon\www\ci4dev\system\Common.php(1089): CodeIgniter\View\View->render('pages/dataplg', Array, true)
#4 C:\laragon\www\ci4dev\app\Controllers\Pages.php(55): view('pages/dataplg', Array)
#5 C:\laragon\www\ci4dev\system\CodeIgniter.php(832): App\Controllers\Pages->dataplg()
#6 C:\laragon\www\ci4dev\system\CodeIgniter.php(419): CodeIgniter\CodeIgniter->runController(Object(App\Controllers\Pages))
#7 C:\laragon\www\ci4dev\system\CodeIgniter.php(326): CodeIgniter\CodeIgniter->handleRequest(NULL, Object(Config\Cache), false)
#8 C:\laragon\www\ci4dev\public\index.php(37): CodeIgniter\CodeIgniter->run()
#9 C:\laragon\www\ci4dev\system\Commands\Server\rewrite.php(43): require_once('C:\\laragon\\www\\...')
#10 {main}
CRITICAL - 2024-01-08 18:50:17 --> Undefined variable $plg
#0 C:\laragon\www\ci4dev\app\Views\pages\datava.php(33): CodeIgniter\Debug\Exceptions->errorHandler(2, 'Undefined varia...', 'C:\\laragon\\www\\...', 33)
#1 C:\laragon\www\ci4dev\system\View\View.php(210): include('C:\\laragon\\www\\...')
#2 C:\laragon\www\ci4dev\system\View\View.php(213): CodeIgniter\View\View->CodeIgniter\View\{closure}()
#3 C:\laragon\www\ci4dev\system\Common.php(1089): CodeIgniter\View\View->render('pages/datava', Array, true)
#4 C:\laragon\www\ci4dev\app\Controllers\Pages.php(72): view('pages/datava', Array)
#5 C:\laragon\www\ci4dev\system\CodeIgniter.php(832): App\Controllers\Pages->datava()
#6 C:\laragon\www\ci4dev\system\CodeIgniter.php(419): CodeIgniter\CodeIgniter->runController(Object(App\Controllers\Pages))
#7 C:\laragon\www\ci4dev\system\CodeIgniter.php(326): CodeIgniter\CodeIgniter->handleRequest(NULL, Object(Config\Cache), false)
#8 C:\laragon\www\ci4dev\public\index.php(37): CodeIgniter\CodeIgniter->run()
#9 C:\laragon\www\ci4dev\system\Commands\Server\rewrite.php(43): require_once('C:\\laragon\\www\\...')
#10 {main}
CRITICAL - 2024-01-08 18:50:27 --> Undefined array key "bulan"
#0 C:\laragon\www\ci4dev\app\Views\pages\datava.php(34): CodeIgniter\Debug\Exceptions->errorHandler(2, 'Undefined array...', 'C:\\laragon\\www\\...', 34)
#1 C:\laragon\www\ci4dev\system\View\View.php(210): include('C:\\laragon\\www\\...')
#2 C:\laragon\www\ci4dev\system\View\View.php(213): CodeIgniter\View\View->CodeIgniter\View\{closure}()
#3 C:\laragon\www\ci4dev\system\Common.php(1089): CodeIgniter\View\View->render('pages/datava', Array, true)
#4 C:\laragon\www\ci4dev\app\Controllers\Pages.php(72): view('pages/datava', Array)
#5 C:\laragon\www\ci4dev\system\CodeIgniter.php(832): App\Controllers\Pages->datava()
#6 C:\laragon\www\ci4dev\system\CodeIgniter.php(419): CodeIgniter\CodeIgniter->runController(Object(App\Controllers\Pages))
#7 C:\laragon\www\ci4dev\system\CodeIgniter.php(326): CodeIgniter\CodeIgniter->handleRequest(NULL, Object(Config\Cache), false)
#8 C:\laragon\www\ci4dev\public\index.php(37): CodeIgniter\CodeIgniter->run()
#9 C:\laragon\www\ci4dev\system\Commands\Server\rewrite.php(43): require_once('C:\\laragon\\www\\...')
#10 {main}
CRITICAL - 2024-01-08 18:50:48 --> Undefined array key "tarif_s"
#0 C:\laragon\www\ci4dev\app\Views\pages\datava.php(37): CodeIgniter\Debug\Exceptions->errorHandler(2, 'Undefined array...', 'C:\\laragon\\www\\...', 37)
#1 C:\laragon\www\ci4dev\system\View\View.php(210): include('C:\\laragon\\www\\...')
#2 C:\laragon\www\ci4dev\system\View\View.php(213): CodeIgniter\View\View->CodeIgniter\View\{closure}()
#3 C:\laragon\www\ci4dev\system\Common.php(1089): CodeIgniter\View\View->render('pages/datava', Array, true)
#4 C:\laragon\www\ci4dev\app\Controllers\Pages.php(72): view('pages/datava', Array)
#5 C:\laragon\www\ci4dev\system\CodeIgniter.php(832): App\Controllers\Pages->datava()
#6 C:\laragon\www\ci4dev\system\CodeIgniter.php(419): CodeIgniter\CodeIgniter->runController(Object(App\Controllers\Pages))
#7 C:\laragon\www\ci4dev\system\CodeIgniter.php(326): CodeIgniter\CodeIgniter->handleRequest(NULL, Object(Config\Cache), false)
#8 C:\laragon\www\ci4dev\public\index.php(37): CodeIgniter\CodeIgniter->run()
#9 C:\laragon\www\ci4dev\system\Commands\Server\rewrite.php(43): require_once('C:\\laragon\\www\\...')
#10 {main}
CRITICAL - 2024-01-08 18:51:16 --> Undefined array key "bulan"
#0 C:\laragon\www\ci4dev\app\Views\pages\datava.php(34): CodeIgniter\Debug\Exceptions->errorHandler(2, 'Undefined array...', 'C:\\laragon\\www\\...', 34)
#1 C:\laragon\www\ci4dev\system\View\View.php(210): include('C:\\laragon\\www\\...')
#2 C:\laragon\www\ci4dev\system\View\View.php(213): CodeIgniter\View\View->CodeIgniter\View\{closure}()
#3 C:\laragon\www\ci4dev\system\Common.php(1089): CodeIgniter\View\View->render('pages/datava', Array, true)
#4 C:\laragon\www\ci4dev\app\Controllers\Pages.php(72): view('pages/datava', Array)
#5 C:\laragon\www\ci4dev\system\CodeIgniter.php(832): App\Controllers\Pages->datava()
#6 C:\laragon\www\ci4dev\system\CodeIgniter.php(419): CodeIgniter\CodeIgniter->runController(Object(App\Controllers\Pages))
#7 C:\laragon\www\ci4dev\system\CodeIgniter.php(326): CodeIgniter\CodeIgniter->handleRequest(NULL, Object(Config\Cache), false)
#8 C:\laragon\www\ci4dev\public\index.php(37): CodeIgniter\CodeIgniter->run()
#9 C:\laragon\www\ci4dev\system\Commands\Server\rewrite.php(43): require_once('C:\\laragon\\www\\...')
#10 {main}
CRITICAL - 2024-01-08 18:51:40 --> Undefined array key "tarif_s"
#0 C:\laragon\www\ci4dev\app\Views\pages\datava.php(40): CodeIgniter\Debug\Exceptions->errorHandler(2, 'Undefined array...', 'C:\\laragon\\www\\...', 40)
#1 C:\laragon\www\ci4dev\system\View\View.php(210): include('C:\\laragon\\www\\...')
#2 C:\laragon\www\ci4dev\system\View\View.php(213): CodeIgniter\View\View->CodeIgniter\View\{closure}()
#3 C:\laragon\www\ci4dev\system\Common.php(1089): CodeIgniter\View\View->render('pages/datava', Array, true)
#4 C:\laragon\www\ci4dev\app\Controllers\Pages.php(72): view('pages/datava', Array)
#5 C:\laragon\www\ci4dev\system\CodeIgniter.php(832): App\Controllers\Pages->datava()
#6 C:\laragon\www\ci4dev\system\CodeIgniter.php(419): CodeIgniter\CodeIgniter->runController(Object(App\Controllers\Pages))
#7 C:\laragon\www\ci4dev\system\CodeIgniter.php(326): CodeIgniter\CodeIgniter->handleRequest(NULL, Object(Config\Cache), false)
#8 C:\laragon\www\ci4dev\public\index.php(37): CodeIgniter\CodeIgniter->run()
#9 C:\laragon\www\ci4dev\system\Commands\Server\rewrite.php(43): require_once('C:\\laragon\\www\\...')
#10 {main}
CRITICAL - 2024-01-08 18:55:36 --> mktime(): Argument #4 ($month) must be of type ?int, string given
#0 C:\laragon\www\ci4dev\app\Views\pages\datava.php(33): mktime(0, 0, 0, 'February', 1)
#1 C:\laragon\www\ci4dev\system\View\View.php(210): include('C:\\laragon\\www\\...')
#2 C:\laragon\www\ci4dev\system\View\View.php(213): CodeIgniter\View\View->CodeIgniter\View\{closure}()
#3 C:\laragon\www\ci4dev\system\Common.php(1089): CodeIgniter\View\View->render('pages/datava', Array, true)
#4 C:\laragon\www\ci4dev\app\Controllers\Pages.php(72): view('pages/datava', Array)
#5 C:\laragon\www\ci4dev\system\CodeIgniter.php(832): App\Controllers\Pages->datava()
#6 C:\laragon\www\ci4dev\system\CodeIgniter.php(419): CodeIgniter\CodeIgniter->runController(Object(App\Controllers\Pages))
#7 C:\laragon\www\ci4dev\system\CodeIgniter.php(326): CodeIgniter\CodeIgniter->handleRequest(NULL, Object(Config\Cache), false)
#8 C:\laragon\www\ci4dev\public\index.php(37): CodeIgniter\CodeIgniter->run()
#9 C:\laragon\www\ci4dev\system\Commands\Server\rewrite.php(43): require_once('C:\\laragon\\www\\...')
#10 {main}
CRITICAL - 2024-01-08 18:56:06 --> Undefined array key "tarif_s"
#0 C:\laragon\www\ci4dev\app\Views\pages\datava.php(39): CodeIgniter\Debug\Exceptions->errorHandler(2, 'Undefined array...', 'C:\\laragon\\www\\...', 39)
#1 C:\laragon\www\ci4dev\system\View\View.php(210): include('C:\\laragon\\www\\...')
#2 C:\laragon\www\ci4dev\system\View\View.php(213): CodeIgniter\View\View->CodeIgniter\View\{closure}()
#3 C:\laragon\www\ci4dev\system\Common.php(1089): CodeIgniter\View\View->render('pages/datava', Array, true)
#4 C:\laragon\www\ci4dev\app\Controllers\Pages.php(72): view('pages/datava', Array)
#5 C:\laragon\www\ci4dev\system\CodeIgniter.php(832): App\Controllers\Pages->datava()
#6 C:\laragon\www\ci4dev\system\CodeIgniter.php(419): CodeIgniter\CodeIgniter->runController(Object(App\Controllers\Pages))
#7 C:\laragon\www\ci4dev\system\CodeIgniter.php(326): CodeIgniter\CodeIgniter->handleRequest(NULL, Object(Config\Cache), false)
#8 C:\laragon\www\ci4dev\public\index.php(37): CodeIgniter\CodeIgniter->run()
#9 C:\laragon\www\ci4dev\system\Commands\Server\rewrite.php(43): require_once('C:\\laragon\\www\\...')
#10 {main}
CRITICAL - 2024-01-08 18:56:13 --> Undefined array key "bulan"
#0 C:\laragon\www\ci4dev\app\Views\pages\datava.php(34): CodeIgniter\Debug\Exceptions->errorHandler(2, 'Undefined array...', 'C:\\laragon\\www\\...', 34)
#1 C:\laragon\www\ci4dev\system\View\View.php(210): include('C:\\laragon\\www\\...')
#2 C:\laragon\www\ci4dev\system\View\View.php(213): CodeIgniter\View\View->CodeIgniter\View\{closure}()
#3 C:\laragon\www\ci4dev\system\Common.php(1089): CodeIgniter\View\View->render('pages/datava', Array, true)
#4 C:\laragon\www\ci4dev\app\Controllers\Pages.php(72): view('pages/datava', Array)
#5 C:\laragon\www\ci4dev\system\CodeIgniter.php(832): App\Controllers\Pages->datava()
#6 C:\laragon\www\ci4dev\system\CodeIgniter.php(419): CodeIgniter\CodeIgniter->runController(Object(App\Controllers\Pages))
#7 C:\laragon\www\ci4dev\system\CodeIgniter.php(326): CodeIgniter\CodeIgniter->handleRequest(NULL, Object(Config\Cache), false)
#8 C:\laragon\www\ci4dev\public\index.php(37): CodeIgniter\CodeIgniter->run()
#9 C:\laragon\www\ci4dev\system\Commands\Server\rewrite.php(43): require_once('C:\\laragon\\www\\...')
#10 {main}
CRITICAL - 2024-01-08 18:56:15 --> Undefined array key "bulan"
#0 C:\laragon\www\ci4dev\app\Views\pages\datava.php(34): CodeIgniter\Debug\Exceptions->errorHandler(2, 'Undefined array...', 'C:\\laragon\\www\\...', 34)
#1 C:\laragon\www\ci4dev\system\View\View.php(210): include('C:\\laragon\\www\\...')
#2 C:\laragon\www\ci4dev\system\View\View.php(213): CodeIgniter\View\View->CodeIgniter\View\{closure}()
#3 C:\laragon\www\ci4dev\system\Common.php(1089): CodeIgniter\View\View->render('pages/datava', Array, true)
#4 C:\laragon\www\ci4dev\app\Controllers\Pages.php(72): view('pages/datava', Array)
#5 C:\laragon\www\ci4dev\system\CodeIgniter.php(832): App\Controllers\Pages->datava()
#6 C:\laragon\www\ci4dev\system\CodeIgniter.php(419): CodeIgniter\CodeIgniter->runController(Object(App\Controllers\Pages))
#7 C:\laragon\www\ci4dev\system\CodeIgniter.php(326): CodeIgniter\CodeIgniter->handleRequest(NULL, Object(Config\Cache), false)
#8 C:\laragon\www\ci4dev\public\index.php(37): CodeIgniter\CodeIgniter->run()
#9 C:\laragon\www\ci4dev\system\Commands\Server\rewrite.php(43): require_once('C:\\laragon\\www\\...')
#10 {main}
CRITICAL - 2024-01-08 19:02:03 --> Undefined array key "klasfikasi_id"
#0 C:\laragon\www\ci4dev\app\Views\pages\datava.php(37): CodeIgniter\Debug\Exceptions->errorHandler(2, 'Undefined array...', 'C:\\laragon\\www\\...', 37)
#1 C:\laragon\www\ci4dev\system\View\View.php(210): include('C:\\laragon\\www\\...')
#2 C:\laragon\www\ci4dev\system\View\View.php(213): CodeIgniter\View\View->CodeIgniter\View\{closure}()
#3 C:\laragon\www\ci4dev\system\Common.php(1089): CodeIgniter\View\View->render('pages/datava', Array, true)
#4 C:\laragon\www\ci4dev\app\Controllers\Pages.php(71): view('pages/datava', Array)
#5 C:\laragon\www\ci4dev\system\CodeIgniter.php(832): App\Controllers\Pages->datava()
#6 C:\laragon\www\ci4dev\system\CodeIgniter.php(419): CodeIgniter\CodeIgniter->runController(Object(App\Controllers\Pages))
#7 C:\laragon\www\ci4dev\system\CodeIgniter.php(326): CodeIgniter\CodeIgniter->handleRequest(NULL, Object(Config\Cache), false)
#8 C:\laragon\www\ci4dev\public\index.php(37): CodeIgniter\CodeIgniter->run()
#9 C:\laragon\www\ci4dev\system\Commands\Server\rewrite.php(43): require_once('C:\\laragon\\www\\...')
#10 {main}
CRITICAL - 2024-01-08 19:14:25 --> Undefined variable $plgUP3
#0 C:\laragon\www\ci4dev\app\Views\pages\datakwh.php(33): CodeIgniter\Debug\Exceptions->errorHandler(2, 'Undefined varia...', 'C:\\laragon\\www\\...', 33)
#1 C:\laragon\www\ci4dev\system\View\View.php(210): include('C:\\laragon\\www\\...')
#2 C:\laragon\www\ci4dev\system\View\View.php(213): CodeIgniter\View\View->CodeIgniter\View\{closure}()
#3 C:\laragon\www\ci4dev\system\Common.php(1089): CodeIgniter\View\View->render('pages/datakwh', Array, true)
#4 C:\laragon\www\ci4dev\app\Controllers\Pages.php(87): view('pages/datakwh', Array)
#5 C:\laragon\www\ci4dev\system\CodeIgniter.php(832): App\Controllers\Pages->datakwh()
#6 C:\laragon\www\ci4dev\system\CodeIgniter.php(419): CodeIgniter\CodeIgniter->runController(Object(App\Controllers\Pages))
#7 C:\laragon\www\ci4dev\system\CodeIgniter.php(326): CodeIgniter\CodeIgniter->handleRequest(NULL, Object(Config\Cache), false)
#8 C:\laragon\www\ci4dev\public\index.php(37): CodeIgniter\CodeIgniter->run()
#9 C:\laragon\www\ci4dev\system\Commands\Server\rewrite.php(43): require_once('C:\\laragon\\www\\...')
#10 {main}
CRITICAL - 2024-01-08 19:28:17 --> Undefined variable $d
#0 C:\laragon\www\ci4dev\app\Views\pages\datakwh.php(37): CodeIgniter\Debug\Exceptions->errorHandler(2, 'Undefined varia...', 'C:\\laragon\\www\\...', 37)
#1 C:\laragon\www\ci4dev\system\View\View.php(210): include('C:\\laragon\\www\\...')
#2 C:\laragon\www\ci4dev\system\View\View.php(213): CodeIgniter\View\View->CodeIgniter\View\{closure}()
#3 C:\laragon\www\ci4dev\system\Common.php(1089): CodeIgniter\View\View->render('pages/datakwh', Array, true)
#4 C:\laragon\www\ci4dev\app\Controllers\Pages.php(87): view('pages/datakwh', Array)
#5 C:\laragon\www\ci4dev\system\CodeIgniter.php(832): App\Controllers\Pages->datakwh()
#6 C:\laragon\www\ci4dev\system\CodeIgniter.php(419): CodeIgniter\CodeIgniter->runController(Object(App\Controllers\Pages))
#7 C:\laragon\www\ci4dev\system\CodeIgniter.php(326): CodeIgniter\CodeIgniter->handleRequest(NULL, Object(Config\Cache), false)
#8 C:\laragon\www\ci4dev\public\index.php(37): CodeIgniter\CodeIgniter->run()
#9 C:\laragon\www\ci4dev\system\Commands\Server\rewrite.php(43): require_once('C:\\laragon\\www\\...')
#10 {main}
CRITICAL - 2024-01-08 19:29:26 --> Undefined variable $judul
#0 C:\laragon\www\ci4dev\app\Views\layout\default.php(7): CodeIgniter\Debug\Exceptions->errorHandler(2, 'Undefined varia...', 'C:\\laragon\\www\\...', 7)
#1 C:\laragon\www\ci4dev\system\View\View.php(210): include('C:\\laragon\\www\\...')
#2 C:\laragon\www\ci4dev\system\View\View.php(213): CodeIgniter\View\View->CodeIgniter\View\{closure}()
#3 C:\laragon\www\ci4dev\system\View\View.php(226): CodeIgniter\View\View->render('layout/default', Array, true)
#4 C:\laragon\www\ci4dev\system\Common.php(1089): CodeIgniter\View\View->render('beranda', Array, true)
#5 C:\laragon\www\ci4dev\app\Controllers\Home.php(9): view('beranda')
#6 C:\laragon\www\ci4dev\system\CodeIgniter.php(832): App\Controllers\Home->index()
#7 C:\laragon\www\ci4dev\system\CodeIgniter.php(419): CodeIgniter\CodeIgniter->runController(Object(App\Controllers\Home))
#8 C:\laragon\www\ci4dev\system\CodeIgniter.php(326): CodeIgniter\CodeIgniter->handleRequest(NULL, Object(Config\Cache), false)
#9 C:\laragon\www\ci4dev\public\index.php(37): CodeIgniter\CodeIgniter->run()
#10 C:\laragon\www\ci4dev\system\Commands\Server\rewrite.php(43): require_once('C:\\laragon\\www\\...')
#11 {main}
