CRITICAL - 2024-01-09 20:27:04 --> Undefined variable $plgUP3
#0 C:\laragon\www\ci4dev\app\Views\up3\tambahplg.php(32): CodeIgniter\Debug\Exceptions->errorHandler(2, 'Undefined varia...', 'C:\\laragon\\www\\...', 32)
#1 C:\laragon\www\ci4dev\system\View\View.php(210): include('C:\\laragon\\www\\...')
#2 C:\laragon\www\ci4dev\system\View\View.php(213): CodeIgniter\View\View->CodeIgniter\View\{closure}()
#3 C:\laragon\www\ci4dev\system\Common.php(1089): CodeIgniter\View\View->render('up3/tambahplg', Array, true)
#4 C:\laragon\www\ci4dev\app\Controllers\UP3.php(17): view('up3/tambahplg', Array)
#5 C:\laragon\www\ci4dev\system\CodeIgniter.php(832): App\Controllers\UP3->tambahplg()
#6 C:\laragon\www\ci4dev\system\CodeIgniter.php(419): CodeIgniter\CodeIgniter->runController(Object(App\Controllers\UP3))
#7 C:\laragon\www\ci4dev\system\CodeIgniter.php(326): CodeIgniter\CodeIgniter->handleRequest(NULL, Object(Config\Cache), false)
#8 C:\laragon\www\ci4dev\public\index.php(37): CodeIgniter\CodeIgniter->run()
#9 C:\laragon\www\ci4dev\system\Commands\Server\rewrite.php(43): require_once('C:\\laragon\\www\\...')
#10 {main}
CRITICAL - 2024-01-09 20:27:20 --> Undefined variable $judul
#0 C:\laragon\www\ci4dev\app\Views\layout\default.php(7): CodeIgniter\Debug\Exceptions->errorHandler(2, 'Undefined varia...', 'C:\\laragon\\www\\...', 7)
#1 C:\laragon\www\ci4dev\system\View\View.php(210): include('C:\\laragon\\www\\...')
#2 C:\laragon\www\ci4dev\system\View\View.php(213): CodeIgniter\View\View->CodeIgniter\View\{closure}()
#3 C:\laragon\www\ci4dev\system\View\View.php(226): CodeIgniter\View\View->render('layout/default', Array, true)
#4 C:\laragon\www\ci4dev\system\Common.php(1089): CodeIgniter\View\View->render('up3/tambahplg', Array, true)
#5 C:\laragon\www\ci4dev\app\Controllers\UP3.php(17): view('up3/tambahplg', Array)
#6 C:\laragon\www\ci4dev\system\CodeIgniter.php(832): App\Controllers\UP3->tambahplg()
#7 C:\laragon\www\ci4dev\system\CodeIgniter.php(419): CodeIgniter\CodeIgniter->runController(Object(App\Controllers\UP3))
#8 C:\laragon\www\ci4dev\system\CodeIgniter.php(326): CodeIgniter\CodeIgniter->handleRequest(NULL, Object(Config\Cache), false)
#9 C:\laragon\www\ci4dev\public\index.php(37): CodeIgniter\CodeIgniter->run()
#10 C:\laragon\www\ci4dev\system\Commands\Server\rewrite.php(43): require_once('C:\\laragon\\www\\...')
#11 {main}
CRITICAL - 2024-01-09 20:55:55 --> Undefined variable $csrf_field
#0 C:\laragon\www\ci4dev\app\Views\up3\tambahplg.php(18): CodeIgniter\Debug\Exceptions->errorHandler(2, 'Undefined varia...', 'C:\\laragon\\www\\...', 18)
#1 C:\laragon\www\ci4dev\system\View\View.php(210): include('C:\\laragon\\www\\...')
#2 C:\laragon\www\ci4dev\system\View\View.php(213): CodeIgniter\View\View->CodeIgniter\View\{closure}()
#3 C:\laragon\www\ci4dev\system\Common.php(1089): CodeIgniter\View\View->render('up3/tambahplg', Array, true)
#4 C:\laragon\www\ci4dev\app\Controllers\UP3.php(17): view('up3/tambahplg', Array)
#5 C:\laragon\www\ci4dev\system\CodeIgniter.php(832): App\Controllers\UP3->tambahplg()
#6 C:\laragon\www\ci4dev\system\CodeIgniter.php(419): CodeIgniter\CodeIgniter->runController(Object(App\Controllers\UP3))
#7 C:\laragon\www\ci4dev\system\CodeIgniter.php(326): CodeIgniter\CodeIgniter->handleRequest(NULL, Object(Config\Cache), false)
#8 C:\laragon\www\ci4dev\public\index.php(37): CodeIgniter\CodeIgniter->run()
#9 C:\laragon\www\ci4dev\system\Commands\Server\rewrite.php(43): require_once('C:\\laragon\\www\\...')
#10 {main}
CRITICAL - 2024-01-09 20:56:56 --> Undefined variable $csrf_field
#0 C:\laragon\www\ci4dev\app\Views\up3\tambahplg.php(18): CodeIgniter\Debug\Exceptions->errorHandler(2, 'Undefined varia...', 'C:\\laragon\\www\\...', 18)
#1 C:\laragon\www\ci4dev\system\View\View.php(210): include('C:\\laragon\\www\\...')
#2 C:\laragon\www\ci4dev\system\View\View.php(213): CodeIgniter\View\View->CodeIgniter\View\{closure}()
#3 C:\laragon\www\ci4dev\system\Common.php(1089): CodeIgniter\View\View->render('up3/tambahplg', Array, true)
#4 C:\laragon\www\ci4dev\app\Controllers\UP3.php(17): view('up3/tambahplg', Array)
#5 C:\laragon\www\ci4dev\system\CodeIgniter.php(832): App\Controllers\UP3->tambahplg()
#6 C:\laragon\www\ci4dev\system\CodeIgniter.php(419): CodeIgniter\CodeIgniter->runController(Object(App\Controllers\UP3))
#7 C:\laragon\www\ci4dev\system\CodeIgniter.php(326): CodeIgniter\CodeIgniter->handleRequest(NULL, Object(Config\Cache), false)
#8 C:\laragon\www\ci4dev\public\index.php(37): CodeIgniter\CodeIgniter->run()
#9 C:\laragon\www\ci4dev\system\Commands\Server\rewrite.php(43): require_once('C:\\laragon\\www\\...')
#10 {main}
CRITICAL - 2024-01-09 21:18:03 --> syntax error, unexpected token "protected", expecting end of file
#0 C:\laragon\www\ci4dev\system\Router\Router.php(175): CodeIgniter\Router\Router->autoRoute('up3/tambahplg')
#1 C:\laragon\www\ci4dev\system\CodeIgniter.php(726): CodeIgniter\Router\Router->handle('up3/tambahplg')
#2 C:\laragon\www\ci4dev\system\CodeIgniter.php(368): CodeIgniter\CodeIgniter->tryToRouteIt(Object(CodeIgniter\Router\RouteCollection))
#3 C:\laragon\www\ci4dev\system\CodeIgniter.php(326): CodeIgniter\CodeIgniter->handleRequest(NULL, Object(Config\Cache), false)
#4 C:\laragon\www\ci4dev\public\index.php(37): CodeIgniter\CodeIgniter->run()
#5 C:\laragon\www\ci4dev\system\Commands\Server\rewrite.php(43): require_once('C:\\laragon\\www\\...')
#6 {main}
CRITICAL - 2024-01-09 21:19:05 --> Undefined property: App\Controllers\UP3::$KategoriData
#0 C:\laragon\www\ci4dev\app\Controllers\UP3.php(51): CodeIgniter\Debug\Exceptions->errorHandler(2, 'Undefined prope...', 'C:\\laragon\\www\\...', 51)
#1 C:\laragon\www\ci4dev\system\CodeIgniter.php(832): App\Controllers\UP3->saveplg()
#2 C:\laragon\www\ci4dev\system\CodeIgniter.php(419): CodeIgniter\CodeIgniter->runController(Object(App\Controllers\UP3))
#3 C:\laragon\www\ci4dev\system\CodeIgniter.php(326): CodeIgniter\CodeIgniter->handleRequest(NULL, Object(Config\Cache), false)
#4 C:\laragon\www\ci4dev\public\index.php(37): CodeIgniter\CodeIgniter->run()
#5 C:\laragon\www\ci4dev\system\Commands\Server\rewrite.php(43): require_once('C:\\laragon\\www\\...')
#6 {main}
CRITICAL - 2024-01-09 21:21:03 --> Undefined property: App\Controllers\UP3::$KategoriData
#0 C:\laragon\www\ci4dev\app\Controllers\UP3.php(37): CodeIgniter\Debug\Exceptions->errorHandler(2, 'Undefined prope...', 'C:\\laragon\\www\\...', 37)
#1 C:\laragon\www\ci4dev\system\CodeIgniter.php(832): App\Controllers\UP3->saveplg()
#2 C:\laragon\www\ci4dev\system\CodeIgniter.php(419): CodeIgniter\CodeIgniter->runController(Object(App\Controllers\UP3))
#3 C:\laragon\www\ci4dev\system\CodeIgniter.php(326): CodeIgniter\CodeIgniter->handleRequest(NULL, Object(Config\Cache), false)
#4 C:\laragon\www\ci4dev\public\index.php(37): CodeIgniter\CodeIgniter->run()
#5 C:\laragon\www\ci4dev\system\Commands\Server\rewrite.php(43): require_once('C:\\laragon\\www\\...')
#6 {main}
CRITICAL - 2024-01-09 21:21:24 --> Undefined property: App\Controllers\UP3::$KategoriData
#0 C:\laragon\www\ci4dev\app\Controllers\UP3.php(37): CodeIgniter\Debug\Exceptions->errorHandler(2, 'Undefined prope...', 'C:\\laragon\\www\\...', 37)
#1 C:\laragon\www\ci4dev\system\CodeIgniter.php(832): App\Controllers\UP3->saveplg()
#2 C:\laragon\www\ci4dev\system\CodeIgniter.php(419): CodeIgniter\CodeIgniter->runController(Object(App\Controllers\UP3))
#3 C:\laragon\www\ci4dev\system\CodeIgniter.php(326): CodeIgniter\CodeIgniter->handleRequest(NULL, Object(Config\Cache), false)
#4 C:\laragon\www\ci4dev\public\index.php(37): CodeIgniter\CodeIgniter->run()
#5 C:\laragon\www\ci4dev\system\Commands\Server\rewrite.php(43): require_once('C:\\laragon\\www\\...')
#6 {main}
CRITICAL - 2024-01-09 21:30:22 --> Allowed fields must be specified for model: App\Models\KategoriData
#0 C:\laragon\www\ci4dev\system\BaseModel.php(1138): CodeIgniter\Database\Exceptions\DataException::forInvalidAllowedFields('App\\Models\\Kate...')
#1 C:\laragon\www\ci4dev\system\BaseModel.php(713): CodeIgniter\BaseModel->doProtectFields(Array)
#2 C:\laragon\www\ci4dev\system\Model.php(625): CodeIgniter\BaseModel->insert(Array, true)
#3 C:\laragon\www\ci4dev\app\Controllers\UP3.php(61): CodeIgniter\Model->insert(Array)
#4 C:\laragon\www\ci4dev\system\CodeIgniter.php(832): App\Controllers\UP3->saveplg()
#5 C:\laragon\www\ci4dev\system\CodeIgniter.php(419): CodeIgniter\CodeIgniter->runController(Object(App\Controllers\UP3))
#6 C:\laragon\www\ci4dev\system\CodeIgniter.php(326): CodeIgniter\CodeIgniter->handleRequest(NULL, Object(Config\Cache), false)
#7 C:\laragon\www\ci4dev\public\index.php(37): CodeIgniter\CodeIgniter->run()
#8 C:\laragon\www\ci4dev\system\Commands\Server\rewrite.php(43): require_once('C:\\laragon\\www\\...')
#9 {main}
CRITICAL - 2024-01-09 21:32:55 --> Call to undefined method App\Models\KategoriData::saveplg
#0 C:\laragon\www\ci4dev\app\Controllers\UP3.php(61): CodeIgniter\Model->__call('saveplg', Array)
#1 C:\laragon\www\ci4dev\system\CodeIgniter.php(832): App\Controllers\UP3->saveplg()
#2 C:\laragon\www\ci4dev\system\CodeIgniter.php(419): CodeIgniter\CodeIgniter->runController(Object(App\Controllers\UP3))
#3 C:\laragon\www\ci4dev\system\CodeIgniter.php(326): CodeIgniter\CodeIgniter->handleRequest(NULL, Object(Config\Cache), false)
#4 C:\laragon\www\ci4dev\public\index.php(37): CodeIgniter\CodeIgniter->run()
#5 C:\laragon\www\ci4dev\system\Commands\Server\rewrite.php(43): require_once('C:\\laragon\\www\\...')
#6 {main}
CRITICAL - 2024-01-09 21:41:05 --> Allowed fields must be specified for model: App\Models\KategoriData
#0 C:\laragon\www\ci4dev\system\BaseModel.php(1138): CodeIgniter\Database\Exceptions\DataException::forInvalidAllowedFields('App\\Models\\Kate...')
#1 C:\laragon\www\ci4dev\system\BaseModel.php(713): CodeIgniter\BaseModel->doProtectFields(Array)
#2 C:\laragon\www\ci4dev\system\Model.php(625): CodeIgniter\BaseModel->insert(Array, true)
#3 C:\laragon\www\ci4dev\app\Controllers\UP3.php(61): CodeIgniter\Model->insert(Array)
#4 C:\laragon\www\ci4dev\system\CodeIgniter.php(832): App\Controllers\UP3->saveplg()
#5 C:\laragon\www\ci4dev\system\CodeIgniter.php(419): CodeIgniter\CodeIgniter->runController(Object(App\Controllers\UP3))
#6 C:\laragon\www\ci4dev\system\CodeIgniter.php(326): CodeIgniter\CodeIgniter->handleRequest(NULL, Object(Config\Cache), false)
#7 C:\laragon\www\ci4dev\public\index.php(37): CodeIgniter\CodeIgniter->run()
#8 C:\laragon\www\ci4dev\system\Commands\Server\rewrite.php(43): require_once('C:\\laragon\\www\\...')
#9 {main}
CRITICAL - 2024-01-09 21:42:25 --> Allowed fields must be specified for model: App\Models\KategoriData
#0 C:\laragon\www\ci4dev\system\BaseModel.php(1138): CodeIgniter\Database\Exceptions\DataException::forInvalidAllowedFields('App\\Models\\Kate...')
#1 C:\laragon\www\ci4dev\system\BaseModel.php(713): CodeIgniter\BaseModel->doProtectFields(Array)
#2 C:\laragon\www\ci4dev\system\Model.php(625): CodeIgniter\BaseModel->insert(Array, true)
#3 C:\laragon\www\ci4dev\app\Controllers\UP3.php(61): CodeIgniter\Model->insert(Array)
#4 C:\laragon\www\ci4dev\system\CodeIgniter.php(832): App\Controllers\UP3->saveplg()
#5 C:\laragon\www\ci4dev\system\CodeIgniter.php(419): CodeIgniter\CodeIgniter->runController(Object(App\Controllers\UP3))
#6 C:\laragon\www\ci4dev\system\CodeIgniter.php(326): CodeIgniter\CodeIgniter->handleRequest(NULL, Object(Config\Cache), false)
#7 C:\laragon\www\ci4dev\public\index.php(37): CodeIgniter\CodeIgniter->run()
#8 C:\laragon\www\ci4dev\system\Commands\Server\rewrite.php(43): require_once('C:\\laragon\\www\\...')
#9 {main}
CRITICAL - 2024-01-09 21:57:42 --> Allowed fields must be specified for model: App\Models\KategoriData
#0 C:\laragon\www\ci4dev\system\BaseModel.php(1138): CodeIgniter\Database\Exceptions\DataException::forInvalidAllowedFields('App\\Models\\Kate...')
#1 C:\laragon\www\ci4dev\system\BaseModel.php(713): CodeIgniter\BaseModel->doProtectFields(Array)
#2 C:\laragon\www\ci4dev\system\Model.php(625): CodeIgniter\BaseModel->insert(Array, true)
#3 C:\laragon\www\ci4dev\app\Controllers\UP3.php(61): CodeIgniter\Model->insert(Array)
#4 C:\laragon\www\ci4dev\system\CodeIgniter.php(832): App\Controllers\UP3->saveplg()
#5 C:\laragon\www\ci4dev\system\CodeIgniter.php(419): CodeIgniter\CodeIgniter->runController(Object(App\Controllers\UP3))
#6 C:\laragon\www\ci4dev\system\CodeIgniter.php(326): CodeIgniter\CodeIgniter->handleRequest(NULL, Object(Config\Cache), false)
#7 C:\laragon\www\ci4dev\public\index.php(37): CodeIgniter\CodeIgniter->run()
#8 C:\laragon\www\ci4dev\system\Commands\Server\rewrite.php(43): require_once('C:\\laragon\\www\\...')
#9 {main}
CRITICAL - 2024-01-09 22:06:54 --> Allowed fields must be specified for model: App\Models\KategoriData
#0 C:\laragon\www\ci4dev\system\BaseModel.php(1138): CodeIgniter\Database\Exceptions\DataException::forInvalidAllowedFields('App\\Models\\Kate...')
#1 C:\laragon\www\ci4dev\system\BaseModel.php(713): CodeIgniter\BaseModel->doProtectFields(Array)
#2 C:\laragon\www\ci4dev\system\Model.php(625): CodeIgniter\BaseModel->insert(Array, false)
#3 C:\laragon\www\ci4dev\system\BaseModel.php(658): CodeIgniter\Model->insert(Array, false)
#4 C:\laragon\www\ci4dev\app\Controllers\UP3.php(61): CodeIgniter\BaseModel->save(Array)
#5 C:\laragon\www\ci4dev\system\CodeIgniter.php(832): App\Controllers\UP3->saveplg()
#6 C:\laragon\www\ci4dev\system\CodeIgniter.php(419): CodeIgniter\CodeIgniter->runController(Object(App\Controllers\UP3))
#7 C:\laragon\www\ci4dev\system\CodeIgniter.php(326): CodeIgniter\CodeIgniter->handleRequest(NULL, Object(Config\Cache), false)
#8 C:\laragon\www\ci4dev\public\index.php(37): CodeIgniter\CodeIgniter->run()
#9 C:\laragon\www\ci4dev\system\Commands\Server\rewrite.php(43): require_once('C:\\laragon\\www\\...')
#10 {main}
CRITICAL - 2024-01-09 22:07:17 --> Allowed fields must be specified for model: App\Models\KategoriData
#0 C:\laragon\www\ci4dev\system\BaseModel.php(1138): CodeIgniter\Database\Exceptions\DataException::forInvalidAllowedFields('App\\Models\\Kate...')
#1 C:\laragon\www\ci4dev\system\BaseModel.php(713): CodeIgniter\BaseModel->doProtectFields(Array)
#2 C:\laragon\www\ci4dev\system\Model.php(625): CodeIgniter\BaseModel->insert(Array, false)
#3 C:\laragon\www\ci4dev\system\BaseModel.php(658): CodeIgniter\Model->insert(Array, false)
#4 C:\laragon\www\ci4dev\app\Controllers\UP3.php(61): CodeIgniter\BaseModel->save(Array)
#5 C:\laragon\www\ci4dev\system\CodeIgniter.php(832): App\Controllers\UP3->saveplg()
#6 C:\laragon\www\ci4dev\system\CodeIgniter.php(419): CodeIgniter\CodeIgniter->runController(Object(App\Controllers\UP3))
#7 C:\laragon\www\ci4dev\system\CodeIgniter.php(326): CodeIgniter\CodeIgniter->handleRequest(NULL, Object(Config\Cache), false)
#8 C:\laragon\www\ci4dev\public\index.php(37): CodeIgniter\CodeIgniter->run()
#9 C:\laragon\www\ci4dev\system\Commands\Server\rewrite.php(43): require_once('C:\\laragon\\www\\...')
#10 {main}
ERROR - 2024-01-09 22:11:19 --> Unknown column 'jenis_klasifikasi' in 'field list'
CRITICAL - 2024-01-09 22:11:19 --> Unknown column 'jenis_klasifikasi' in 'field list'
#0 C:\laragon\www\ci4dev\system\Database\MySQLi\Connection.php(292): mysqli->query('INSERT INTO `ka...', 0)
#1 C:\laragon\www\ci4dev\system\Database\BaseConnection.php(670): CodeIgniter\Database\MySQLi\Connection->execute('INSERT INTO `ka...')
#2 C:\laragon\www\ci4dev\system\Database\BaseConnection.php(598): CodeIgniter\Database\BaseConnection->simpleQuery('INSERT INTO `ka...')
#3 C:\laragon\www\ci4dev\system\Database\BaseBuilder.php(1771): CodeIgniter\Database\BaseConnection->query('INSERT INTO `ka...', Array, false)
#4 C:\laragon\www\ci4dev\system\Model.php(239): CodeIgniter\Database\BaseBuilder->insert()
#5 C:\laragon\www\ci4dev\system\BaseModel.php(738): CodeIgniter\Model->doInsert(Array)
#6 C:\laragon\www\ci4dev\system\Model.php(625): CodeIgniter\BaseModel->insert(Array, false)
#7 C:\laragon\www\ci4dev\system\BaseModel.php(658): CodeIgniter\Model->insert(Array, false)
#8 C:\laragon\www\ci4dev\app\Controllers\UP3.php(66): CodeIgniter\BaseModel->save(Array)
#9 C:\laragon\www\ci4dev\system\CodeIgniter.php(832): App\Controllers\UP3->saveplg()
#10 C:\laragon\www\ci4dev\system\CodeIgniter.php(419): CodeIgniter\CodeIgniter->runController(Object(App\Controllers\UP3))
#11 C:\laragon\www\ci4dev\system\CodeIgniter.php(326): CodeIgniter\CodeIgniter->handleRequest(NULL, Object(Config\Cache), false)
#12 C:\laragon\www\ci4dev\public\index.php(37): CodeIgniter\CodeIgniter->run()
#13 C:\laragon\www\ci4dev\system\Commands\Server\rewrite.php(43): require_once('C:\\laragon\\www\\...')
#14 {main}
ERROR - 2024-01-09 22:12:10 --> Unknown column 'created_at' in 'field list'
CRITICAL - 2024-01-09 22:12:10 --> Unknown column 'created_at' in 'field list'
#0 C:\laragon\www\ci4dev\system\Database\MySQLi\Connection.php(292): mysqli->query('INSERT INTO `ka...', 0)
#1 C:\laragon\www\ci4dev\system\Database\BaseConnection.php(670): CodeIgniter\Database\MySQLi\Connection->execute('INSERT INTO `ka...')
#2 C:\laragon\www\ci4dev\system\Database\BaseConnection.php(598): CodeIgniter\Database\BaseConnection->simpleQuery('INSERT INTO `ka...')
#3 C:\laragon\www\ci4dev\system\Database\BaseBuilder.php(1771): CodeIgniter\Database\BaseConnection->query('INSERT INTO `ka...', Array, false)
#4 C:\laragon\www\ci4dev\system\Model.php(239): CodeIgniter\Database\BaseBuilder->insert()
#5 C:\laragon\www\ci4dev\system\BaseModel.php(738): CodeIgniter\Model->doInsert(Array)
#6 C:\laragon\www\ci4dev\system\Model.php(625): CodeIgniter\BaseModel->insert(Array, false)
#7 C:\laragon\www\ci4dev\system\BaseModel.php(658): CodeIgniter\Model->insert(Array, false)
#8 C:\laragon\www\ci4dev\app\Controllers\UP3.php(66): CodeIgniter\BaseModel->save(Array)
#9 C:\laragon\www\ci4dev\system\CodeIgniter.php(832): App\Controllers\UP3->saveplg()
#10 C:\laragon\www\ci4dev\system\CodeIgniter.php(419): CodeIgniter\CodeIgniter->runController(Object(App\Controllers\UP3))
#11 C:\laragon\www\ci4dev\system\CodeIgniter.php(326): CodeIgniter\CodeIgniter->handleRequest(NULL, Object(Config\Cache), false)
#12 C:\laragon\www\ci4dev\public\index.php(37): CodeIgniter\CodeIgniter->run()
#13 C:\laragon\www\ci4dev\system\Commands\Server\rewrite.php(43): require_once('C:\\laragon\\www\\...')
#14 {main}
CRITICAL - 2024-01-09 22:19:34 --> Undefined variable $plgUP3
#0 C:\laragon\www\ci4dev\app\Views\up3\tambahplg.php(31): CodeIgniter\Debug\Exceptions->errorHandler(2, 'Undefined varia...', 'C:\\laragon\\www\\...', 31)
#1 C:\laragon\www\ci4dev\system\View\View.php(210): include('C:\\laragon\\www\\...')
#2 C:\laragon\www\ci4dev\system\View\View.php(213): CodeIgniter\View\View->CodeIgniter\View\{closure}()
#3 C:\laragon\www\ci4dev\system\Common.php(1089): CodeIgniter\View\View->render('up3/tambahplg', Array, true)
#4 C:\laragon\www\ci4dev\app\Controllers\UP3.php(51): view('up3/tambahplg', Array)
#5 C:\laragon\www\ci4dev\system\CodeIgniter.php(832): App\Controllers\UP3->tambahplg()
#6 C:\laragon\www\ci4dev\system\CodeIgniter.php(419): CodeIgniter\CodeIgniter->runController(Object(App\Controllers\UP3))
#7 C:\laragon\www\ci4dev\system\CodeIgniter.php(326): CodeIgniter\CodeIgniter->handleRequest(NULL, Object(Config\Cache), false)
#8 C:\laragon\www\ci4dev\public\index.php(37): CodeIgniter\CodeIgniter->run()
#9 C:\laragon\www\ci4dev\system\Commands\Server\rewrite.php(43): require_once('C:\\laragon\\www\\...')
#10 {main}
CRITICAL - 2024-01-09 22:19:45 --> Undefined variable $jenisKlasifikasiOptions
#0 C:\laragon\www\ci4dev\app\Views\up3\tambahplg.php(31): CodeIgniter\Debug\Exceptions->errorHandler(2, 'Undefined varia...', 'C:\\laragon\\www\\...', 31)
#1 C:\laragon\www\ci4dev\system\View\View.php(210): include('C:\\laragon\\www\\...')
#2 C:\laragon\www\ci4dev\system\View\View.php(213): CodeIgniter\View\View->CodeIgniter\View\{closure}()
#3 C:\laragon\www\ci4dev\system\Common.php(1089): CodeIgniter\View\View->render('up3/tambahplg', Array, true)
#4 C:\laragon\www\ci4dev\app\Controllers\UP3.php(51): view('up3/tambahplg', Array)
#5 C:\laragon\www\ci4dev\system\CodeIgniter.php(832): App\Controllers\UP3->tambahplg()
#6 C:\laragon\www\ci4dev\system\CodeIgniter.php(419): CodeIgniter\CodeIgniter->runController(Object(App\Controllers\UP3))
#7 C:\laragon\www\ci4dev\system\CodeIgniter.php(326): CodeIgniter\CodeIgniter->handleRequest(NULL, Object(Config\Cache), false)
#8 C:\laragon\www\ci4dev\public\index.php(37): CodeIgniter\CodeIgniter->run()
#9 C:\laragon\www\ci4dev\system\Commands\Server\rewrite.php(43): require_once('C:\\laragon\\www\\...')
#10 {main}
CRITICAL - 2024-01-09 22:32:04 --> Undefined variable $plgUP3
#0 C:\laragon\www\ci4dev\app\Views\up3\tambahplg.php(31): CodeIgniter\Debug\Exceptions->errorHandler(2, 'Undefined varia...', 'C:\\laragon\\www\\...', 31)
#1 C:\laragon\www\ci4dev\system\View\View.php(210): include('C:\\laragon\\www\\...')
#2 C:\laragon\www\ci4dev\system\View\View.php(213): CodeIgniter\View\View->CodeIgniter\View\{closure}()
#3 C:\laragon\www\ci4dev\system\Common.php(1089): CodeIgniter\View\View->render('up3/tambahplg', Array, true)
#4 C:\laragon\www\ci4dev\app\Controllers\UP3.php(51): view('up3/tambahplg', Array)
#5 C:\laragon\www\ci4dev\system\CodeIgniter.php(832): App\Controllers\UP3->tambahplg()
#6 C:\laragon\www\ci4dev\system\CodeIgniter.php(419): CodeIgniter\CodeIgniter->runController(Object(App\Controllers\UP3))
#7 C:\laragon\www\ci4dev\system\CodeIgniter.php(326): CodeIgniter\CodeIgniter->handleRequest(NULL, Object(Config\Cache), false)
#8 C:\laragon\www\ci4dev\public\index.php(37): CodeIgniter\CodeIgniter->run()
#9 C:\laragon\www\ci4dev\system\Commands\Server\rewrite.php(43): require_once('C:\\laragon\\www\\...')
#10 {main}
CRITICAL - 2024-01-09 22:50:14 --> Undefined array key "klasfikasi_id"
#0 C:\laragon\www\ci4dev\app\Views\up3\tambahplg.php(31): CodeIgniter\Debug\Exceptions->errorHandler(2, 'Undefined array...', 'C:\\laragon\\www\\...', 31)
#1 C:\laragon\www\ci4dev\system\View\View.php(210): include('C:\\laragon\\www\\...')
#2 C:\laragon\www\ci4dev\system\View\View.php(213): CodeIgniter\View\View->CodeIgniter\View\{closure}()
#3 C:\laragon\www\ci4dev\system\Common.php(1089): CodeIgniter\View\View->render('up3/tambahplg', Array, true)
#4 C:\laragon\www\ci4dev\app\Controllers\UP3.php(58): view('up3/tambahplg', Array)
#5 C:\laragon\www\ci4dev\system\CodeIgniter.php(832): App\Controllers\UP3->tambahplg()
#6 C:\laragon\www\ci4dev\system\CodeIgniter.php(419): CodeIgniter\CodeIgniter->runController(Object(App\Controllers\UP3))
#7 C:\laragon\www\ci4dev\system\CodeIgniter.php(326): CodeIgniter\CodeIgniter->handleRequest(NULL, Object(Config\Cache), false)
#8 C:\laragon\www\ci4dev\public\index.php(37): CodeIgniter\CodeIgniter->run()
#9 C:\laragon\www\ci4dev\system\Commands\Server\rewrite.php(43): require_once('C:\\laragon\\www\\...')
#10 {main}
CRITICAL - 2024-01-09 22:52:16 --> Undefined variable $option
#0 C:\laragon\www\ci4dev\app\Views\up3\tambahplg.php(33): CodeIgniter\Debug\Exceptions->errorHandler(2, 'Undefined varia...', 'C:\\laragon\\www\\...', 33)
#1 C:\laragon\www\ci4dev\system\View\View.php(210): include('C:\\laragon\\www\\...')
#2 C:\laragon\www\ci4dev\system\View\View.php(213): CodeIgniter\View\View->CodeIgniter\View\{closure}()
#3 C:\laragon\www\ci4dev\system\Common.php(1089): CodeIgniter\View\View->render('up3/tambahplg', Array, true)
#4 C:\laragon\www\ci4dev\app\Controllers\UP3.php(58): view('up3/tambahplg', Array)
#5 C:\laragon\www\ci4dev\system\CodeIgniter.php(832): App\Controllers\UP3->tambahplg()
#6 C:\laragon\www\ci4dev\system\CodeIgniter.php(419): CodeIgniter\CodeIgniter->runController(Object(App\Controllers\UP3))
#7 C:\laragon\www\ci4dev\system\CodeIgniter.php(326): CodeIgniter\CodeIgniter->handleRequest(NULL, Object(Config\Cache), false)
#8 C:\laragon\www\ci4dev\public\index.php(37): CodeIgniter\CodeIgniter->run()
#9 C:\laragon\www\ci4dev\system\Commands\Server\rewrite.php(43): require_once('C:\\laragon\\www\\...')
#10 {main}
CRITICAL - 2024-01-09 23:33:40 --> Undefined array key "id_klasifikasi"
#0 C:\laragon\www\ci4dev\app\Views\up3\tambahplg.php(32): CodeIgniter\Debug\Exceptions->errorHandler(2, 'Undefined array...', 'C:\\laragon\\www\\...', 32)
#1 C:\laragon\www\ci4dev\system\View\View.php(210): include('C:\\laragon\\www\\...')
#2 C:\laragon\www\ci4dev\system\View\View.php(213): CodeIgniter\View\View->CodeIgniter\View\{closure}()
#3 C:\laragon\www\ci4dev\system\Common.php(1089): CodeIgniter\View\View->render('up3/tambahplg', Array, true)
#4 C:\laragon\www\ci4dev\app\Controllers\UP3.php(58): view('up3/tambahplg', Array)
#5 C:\laragon\www\ci4dev\system\CodeIgniter.php(832): App\Controllers\UP3->tambahplg()
#6 C:\laragon\www\ci4dev\system\CodeIgniter.php(419): CodeIgniter\CodeIgniter->runController(Object(App\Controllers\UP3))
#7 C:\laragon\www\ci4dev\system\CodeIgniter.php(326): CodeIgniter\CodeIgniter->handleRequest(NULL, Object(Config\Cache), false)
#8 C:\laragon\www\ci4dev\public\index.php(37): CodeIgniter\CodeIgniter->run()
#9 C:\laragon\www\ci4dev\system\Commands\Server\rewrite.php(43): require_once('C:\\laragon\\www\\...')
#10 {main}
