CRITICAL - 2024-01-13 00:39:08 --> Undefined variable $judul
#0 C:\laragon\www\ci4dev\app\Views\layout\default.php(7): CodeIgniter\Debug\Exceptions->errorHandler(2, 'Undefined varia...', 'C:\\laragon\\www\\...', 7)
#1 C:\laragon\www\ci4dev\system\View\View.php(210): include('C:\\laragon\\www\\...')
#2 C:\laragon\www\ci4dev\system\View\View.php(213): CodeIgniter\View\View->CodeIgniter\View\{closure}()
#3 C:\laragon\www\ci4dev\system\View\View.php(226): CodeIgniter\View\View->render('layout/default', Array, true)
#4 C:\laragon\www\ci4dev\system\Common.php(1089): CodeIgniter\View\View->render('user/index', Array, true)
#5 C:\laragon\www\ci4dev\app\Controllers\Pengguna.php(15): view('user/index')
#6 C:\laragon\www\ci4dev\system\CodeIgniter.php(832): App\Controllers\Pengguna->index()
#7 C:\laragon\www\ci4dev\system\CodeIgniter.php(419): CodeIgniter\CodeIgniter->runController(Object(App\Controllers\Pengguna))
#8 C:\laragon\www\ci4dev\system\CodeIgniter.php(326): CodeIgniter\CodeIgniter->handleRequest(NULL, Object(Config\Cache), false)
#9 C:\laragon\www\ci4dev\public\index.php(37): CodeIgniter\CodeIgniter->run()
#10 C:\laragon\www\ci4dev\system\Commands\Server\rewrite.php(43): require_once('C:\\laragon\\www\\...')
#11 {main}
CRITICAL - 2024-01-13 00:43:24 --> Invalid file: user/.php
#0 C:\laragon\www\ci4dev\system\View\View.php(198): CodeIgniter\Exceptions\FrameworkException::forInvalidFile('user/.php')
#1 C:\laragon\www\ci4dev\system\Common.php(1089): CodeIgniter\View\View->render('user/', Array, true)
#2 C:\laragon\www\ci4dev\app\Controllers\Pengguna.php(20): view('user/', Array)
#3 C:\laragon\www\ci4dev\system\CodeIgniter.php(832): App\Controllers\Pengguna->index()
#4 C:\laragon\www\ci4dev\system\CodeIgniter.php(419): CodeIgniter\CodeIgniter->runController(Object(App\Controllers\Pengguna))
#5 C:\laragon\www\ci4dev\system\CodeIgniter.php(326): CodeIgniter\CodeIgniter->handleRequest(NULL, Object(Config\Cache), false)
#6 C:\laragon\www\ci4dev\public\index.php(37): CodeIgniter\CodeIgniter->run()
#7 C:\laragon\www\ci4dev\system\Commands\Server\rewrite.php(43): require_once('C:\\laragon\\www\\...')
#8 {main}
CRITICAL - 2024-01-13 00:43:37 --> Invalid file: user.php
#0 C:\laragon\www\ci4dev\system\View\View.php(198): CodeIgniter\Exceptions\FrameworkException::forInvalidFile('user.php')
#1 C:\laragon\www\ci4dev\system\Common.php(1089): CodeIgniter\View\View->render('user', Array, true)
#2 C:\laragon\www\ci4dev\app\Controllers\Pengguna.php(20): view('user', Array)
#3 C:\laragon\www\ci4dev\system\CodeIgniter.php(832): App\Controllers\Pengguna->index()
#4 C:\laragon\www\ci4dev\system\CodeIgniter.php(419): CodeIgniter\CodeIgniter->runController(Object(App\Controllers\Pengguna))
#5 C:\laragon\www\ci4dev\system\CodeIgniter.php(326): CodeIgniter\CodeIgniter->handleRequest(NULL, Object(Config\Cache), false)
#6 C:\laragon\www\ci4dev\public\index.php(37): CodeIgniter\CodeIgniter->run()
#7 C:\laragon\www\ci4dev\system\Commands\Server\rewrite.php(43): require_once('C:\\laragon\\www\\...')
#8 {main}
CRITICAL - 2024-01-13 00:43:43 --> Invalid file: .php
#0 C:\laragon\www\ci4dev\system\View\View.php(198): CodeIgniter\Exceptions\FrameworkException::forInvalidFile('.php')
#1 C:\laragon\www\ci4dev\system\Common.php(1089): CodeIgniter\View\View->render('', Array, true)
#2 C:\laragon\www\ci4dev\app\Controllers\Pengguna.php(20): view('', Array)
#3 C:\laragon\www\ci4dev\system\CodeIgniter.php(832): App\Controllers\Pengguna->index()
#4 C:\laragon\www\ci4dev\system\CodeIgniter.php(419): CodeIgniter\CodeIgniter->runController(Object(App\Controllers\Pengguna))
#5 C:\laragon\www\ci4dev\system\CodeIgniter.php(326): CodeIgniter\CodeIgniter->handleRequest(NULL, Object(Config\Cache), false)
#6 C:\laragon\www\ci4dev\public\index.php(37): CodeIgniter\CodeIgniter->run()
#7 C:\laragon\www\ci4dev\system\Commands\Server\rewrite.php(43): require_once('C:\\laragon\\www\\...')
#8 {main}
CRITICAL - 2024-01-13 00:44:08 --> Cannot use object of type stdClass as array
#0 C:\laragon\www\ci4dev\system\View\View.php(210): include()
#1 C:\laragon\www\ci4dev\system\View\View.php(213): CodeIgniter\View\View->CodeIgniter\View\{closure}()
#2 C:\laragon\www\ci4dev\system\Common.php(1089): CodeIgniter\View\View->render('user/index', Array, true)
#3 C:\laragon\www\ci4dev\app\Controllers\Pengguna.php(20): view('user/index', Array)
#4 C:\laragon\www\ci4dev\system\CodeIgniter.php(832): App\Controllers\Pengguna->index()
#5 C:\laragon\www\ci4dev\system\CodeIgniter.php(419): CodeIgniter\CodeIgniter->runController(Object(App\Controllers\Pengguna))
#6 C:\laragon\www\ci4dev\system\CodeIgniter.php(326): CodeIgniter\CodeIgniter->handleRequest(NULL, Object(Config\Cache), false)
#7 C:\laragon\www\ci4dev\public\index.php(37): CodeIgniter\CodeIgniter->run()
#8 C:\laragon\www\ci4dev\system\Commands\Server\rewrite.php(43): require_once('C:\\laragon\\www\\...')
#9 {main}
CRITICAL - 2024-01-13 00:45:41 --> Cannot use object of type stdClass as array
#0 C:\laragon\www\ci4dev\system\View\View.php(210): include()
#1 C:\laragon\www\ci4dev\system\View\View.php(213): CodeIgniter\View\View->CodeIgniter\View\{closure}()
#2 C:\laragon\www\ci4dev\system\Common.php(1089): CodeIgniter\View\View->render('user/index', Array, true)
#3 C:\laragon\www\ci4dev\app\Controllers\Pengguna.php(20): view('user/index', Array)
#4 C:\laragon\www\ci4dev\system\CodeIgniter.php(832): App\Controllers\Pengguna->index()
#5 C:\laragon\www\ci4dev\system\CodeIgniter.php(419): CodeIgniter\CodeIgniter->runController(Object(App\Controllers\Pengguna))
#6 C:\laragon\www\ci4dev\system\CodeIgniter.php(326): CodeIgniter\CodeIgniter->handleRequest(NULL, Object(Config\Cache), false)
#7 C:\laragon\www\ci4dev\public\index.php(37): CodeIgniter\CodeIgniter->run()
#8 C:\laragon\www\ci4dev\system\Commands\Server\rewrite.php(43): require_once('C:\\laragon\\www\\...')
#9 {main}
CRITICAL - 2024-01-13 00:46:44 --> Cannot use object of type stdClass as array
#0 C:\laragon\www\ci4dev\system\View\View.php(210): include()
#1 C:\laragon\www\ci4dev\system\View\View.php(213): CodeIgniter\View\View->CodeIgniter\View\{closure}()
#2 C:\laragon\www\ci4dev\system\Common.php(1089): CodeIgniter\View\View->render('user/index', Array, true)
#3 C:\laragon\www\ci4dev\app\Controllers\Pengguna.php(20): view('user/index', Array)
#4 C:\laragon\www\ci4dev\system\CodeIgniter.php(832): App\Controllers\Pengguna->index()
#5 C:\laragon\www\ci4dev\system\CodeIgniter.php(419): CodeIgniter\CodeIgniter->runController(Object(App\Controllers\Pengguna))
#6 C:\laragon\www\ci4dev\system\CodeIgniter.php(326): CodeIgniter\CodeIgniter->handleRequest(NULL, Object(Config\Cache), false)
#7 C:\laragon\www\ci4dev\public\index.php(37): CodeIgniter\CodeIgniter->run()
#8 C:\laragon\www\ci4dev\system\Commands\Server\rewrite.php(43): require_once('C:\\laragon\\www\\...')
#9 {main}
CRITICAL - 2024-01-13 00:47:20 --> Call to a member function getRow() on array
#0 C:\laragon\www\ci4dev\system\View\View.php(210): include()
#1 C:\laragon\www\ci4dev\system\View\View.php(213): CodeIgniter\View\View->CodeIgniter\View\{closure}()
#2 C:\laragon\www\ci4dev\system\Common.php(1089): CodeIgniter\View\View->render('user/index', Array, true)
#3 C:\laragon\www\ci4dev\app\Controllers\Pengguna.php(20): view('user/index', Array)
#4 C:\laragon\www\ci4dev\system\CodeIgniter.php(832): App\Controllers\Pengguna->index()
#5 C:\laragon\www\ci4dev\system\CodeIgniter.php(419): CodeIgniter\CodeIgniter->runController(Object(App\Controllers\Pengguna))
#6 C:\laragon\www\ci4dev\system\CodeIgniter.php(326): CodeIgniter\CodeIgniter->handleRequest(NULL, Object(Config\Cache), false)
#7 C:\laragon\www\ci4dev\public\index.php(37): CodeIgniter\CodeIgniter->run()
#8 C:\laragon\www\ci4dev\system\Commands\Server\rewrite.php(43): require_once('C:\\laragon\\www\\...')
#9 {main}
CRITICAL - 2024-01-13 00:47:21 --> Call to a member function getRow() on array
#0 C:\laragon\www\ci4dev\system\View\View.php(210): include()
#1 C:\laragon\www\ci4dev\system\View\View.php(213): CodeIgniter\View\View->CodeIgniter\View\{closure}()
#2 C:\laragon\www\ci4dev\system\Common.php(1089): CodeIgniter\View\View->render('user/index', Array, true)
#3 C:\laragon\www\ci4dev\app\Controllers\Pengguna.php(20): view('user/index', Array)
#4 C:\laragon\www\ci4dev\system\CodeIgniter.php(832): App\Controllers\Pengguna->index()
#5 C:\laragon\www\ci4dev\system\CodeIgniter.php(419): CodeIgniter\CodeIgniter->runController(Object(App\Controllers\Pengguna))
#6 C:\laragon\www\ci4dev\system\CodeIgniter.php(326): CodeIgniter\CodeIgniter->handleRequest(NULL, Object(Config\Cache), false)
#7 C:\laragon\www\ci4dev\public\index.php(37): CodeIgniter\CodeIgniter->run()
#8 C:\laragon\www\ci4dev\system\Commands\Server\rewrite.php(43): require_once('C:\\laragon\\www\\...')
#9 {main}
CRITICAL - 2024-01-13 00:47:26 --> Call to a member function getRows() on array
#0 C:\laragon\www\ci4dev\system\View\View.php(210): include()
#1 C:\laragon\www\ci4dev\system\View\View.php(213): CodeIgniter\View\View->CodeIgniter\View\{closure}()
#2 C:\laragon\www\ci4dev\system\Common.php(1089): CodeIgniter\View\View->render('user/index', Array, true)
#3 C:\laragon\www\ci4dev\app\Controllers\Pengguna.php(20): view('user/index', Array)
#4 C:\laragon\www\ci4dev\system\CodeIgniter.php(832): App\Controllers\Pengguna->index()
#5 C:\laragon\www\ci4dev\system\CodeIgniter.php(419): CodeIgniter\CodeIgniter->runController(Object(App\Controllers\Pengguna))
#6 C:\laragon\www\ci4dev\system\CodeIgniter.php(326): CodeIgniter\CodeIgniter->handleRequest(NULL, Object(Config\Cache), false)
#7 C:\laragon\www\ci4dev\public\index.php(37): CodeIgniter\CodeIgniter->run()
#8 C:\laragon\www\ci4dev\system\Commands\Server\rewrite.php(43): require_once('C:\\laragon\\www\\...')
#9 {main}
CRITICAL - 2024-01-13 00:50:23 --> Call to a member function getRows() on array
#0 C:\laragon\www\ci4dev\system\View\View.php(210): include()
#1 C:\laragon\www\ci4dev\system\View\View.php(213): CodeIgniter\View\View->CodeIgniter\View\{closure}()
#2 C:\laragon\www\ci4dev\system\Common.php(1089): CodeIgniter\View\View->render('user/index', Array, true)
#3 C:\laragon\www\ci4dev\app\Controllers\Pengguna.php(20): view('user/index', Array)
#4 C:\laragon\www\ci4dev\system\CodeIgniter.php(832): App\Controllers\Pengguna->index()
#5 C:\laragon\www\ci4dev\system\CodeIgniter.php(419): CodeIgniter\CodeIgniter->runController(Object(App\Controllers\Pengguna))
#6 C:\laragon\www\ci4dev\system\CodeIgniter.php(326): CodeIgniter\CodeIgniter->handleRequest(NULL, Object(Config\Cache), false)
#7 C:\laragon\www\ci4dev\public\index.php(37): CodeIgniter\CodeIgniter->run()
#8 C:\laragon\www\ci4dev\system\Commands\Server\rewrite.php(43): require_once('C:\\laragon\\www\\...')
#9 {main}
CRITICAL - 2024-01-13 00:51:28 --> Call to undefined method CodeIgniter\Database\MySQLi\Result::getResultRows()
#0 C:\laragon\www\ci4dev\system\CodeIgniter.php(832): App\Controllers\Pengguna->index()
#1 C:\laragon\www\ci4dev\system\CodeIgniter.php(419): CodeIgniter\CodeIgniter->runController(Object(App\Controllers\Pengguna))
#2 C:\laragon\www\ci4dev\system\CodeIgniter.php(326): CodeIgniter\CodeIgniter->handleRequest(NULL, Object(Config\Cache), false)
#3 C:\laragon\www\ci4dev\public\index.php(37): CodeIgniter\CodeIgniter->run()
#4 C:\laragon\www\ci4dev\system\Commands\Server\rewrite.php(43): require_once('C:\\laragon\\www\\...')
#5 {main}
CRITICAL - 2024-01-13 00:51:33 --> Call to a member function getRows() on array
#0 C:\laragon\www\ci4dev\system\View\View.php(210): include()
#1 C:\laragon\www\ci4dev\system\View\View.php(213): CodeIgniter\View\View->CodeIgniter\View\{closure}()
#2 C:\laragon\www\ci4dev\system\Common.php(1089): CodeIgniter\View\View->render('user/index', Array, true)
#3 C:\laragon\www\ci4dev\app\Controllers\Pengguna.php(20): view('user/index', Array)
#4 C:\laragon\www\ci4dev\system\CodeIgniter.php(832): App\Controllers\Pengguna->index()
#5 C:\laragon\www\ci4dev\system\CodeIgniter.php(419): CodeIgniter\CodeIgniter->runController(Object(App\Controllers\Pengguna))
#6 C:\laragon\www\ci4dev\system\CodeIgniter.php(326): CodeIgniter\CodeIgniter->handleRequest(NULL, Object(Config\Cache), false)
#7 C:\laragon\www\ci4dev\public\index.php(37): CodeIgniter\CodeIgniter->run()
#8 C:\laragon\www\ci4dev\system\Commands\Server\rewrite.php(43): require_once('C:\\laragon\\www\\...')
#9 {main}
CRITICAL - 2024-01-13 00:54:00 --> Call to a member function getResultArray() on array
#0 C:\laragon\www\ci4dev\system\View\View.php(210): include()
#1 C:\laragon\www\ci4dev\system\View\View.php(213): CodeIgniter\View\View->CodeIgniter\View\{closure}()
#2 C:\laragon\www\ci4dev\system\Common.php(1089): CodeIgniter\View\View->render('user/index', Array, true)
#3 C:\laragon\www\ci4dev\app\Controllers\Pengguna.php(20): view('user/index', Array)
#4 C:\laragon\www\ci4dev\system\CodeIgniter.php(832): App\Controllers\Pengguna->index()
#5 C:\laragon\www\ci4dev\system\CodeIgniter.php(419): CodeIgniter\CodeIgniter->runController(Object(App\Controllers\Pengguna))
#6 C:\laragon\www\ci4dev\system\CodeIgniter.php(326): CodeIgniter\CodeIgniter->handleRequest(NULL, Object(Config\Cache), false)
#7 C:\laragon\www\ci4dev\public\index.php(37): CodeIgniter\CodeIgniter->run()
#8 C:\laragon\www\ci4dev\system\Commands\Server\rewrite.php(43): require_once('C:\\laragon\\www\\...')
#9 {main}
CRITICAL - 2024-01-13 00:54:22 --> Call to a member function getResult() on array
#0 C:\laragon\www\ci4dev\system\View\View.php(210): include()
#1 C:\laragon\www\ci4dev\system\View\View.php(213): CodeIgniter\View\View->CodeIgniter\View\{closure}()
#2 C:\laragon\www\ci4dev\system\Common.php(1089): CodeIgniter\View\View->render('user/index', Array, true)
#3 C:\laragon\www\ci4dev\app\Controllers\Pengguna.php(20): view('user/index', Array)
#4 C:\laragon\www\ci4dev\system\CodeIgniter.php(832): App\Controllers\Pengguna->index()
#5 C:\laragon\www\ci4dev\system\CodeIgniter.php(419): CodeIgniter\CodeIgniter->runController(Object(App\Controllers\Pengguna))
#6 C:\laragon\www\ci4dev\system\CodeIgniter.php(326): CodeIgniter\CodeIgniter->handleRequest(NULL, Object(Config\Cache), false)
#7 C:\laragon\www\ci4dev\public\index.php(37): CodeIgniter\CodeIgniter->run()
#8 C:\laragon\www\ci4dev\system\Commands\Server\rewrite.php(43): require_once('C:\\laragon\\www\\...')
#9 {main}
CRITICAL - 2024-01-13 00:54:24 --> Call to a member function getResult() on array
#0 C:\laragon\www\ci4dev\system\View\View.php(210): include()
#1 C:\laragon\www\ci4dev\system\View\View.php(213): CodeIgniter\View\View->CodeIgniter\View\{closure}()
#2 C:\laragon\www\ci4dev\system\Common.php(1089): CodeIgniter\View\View->render('user/index', Array, true)
#3 C:\laragon\www\ci4dev\app\Controllers\Pengguna.php(20): view('user/index', Array)
#4 C:\laragon\www\ci4dev\system\CodeIgniter.php(832): App\Controllers\Pengguna->index()
#5 C:\laragon\www\ci4dev\system\CodeIgniter.php(419): CodeIgniter\CodeIgniter->runController(Object(App\Controllers\Pengguna))
#6 C:\laragon\www\ci4dev\system\CodeIgniter.php(326): CodeIgniter\CodeIgniter->handleRequest(NULL, Object(Config\Cache), false)
#7 C:\laragon\www\ci4dev\public\index.php(37): CodeIgniter\CodeIgniter->run()
#8 C:\laragon\www\ci4dev\system\Commands\Server\rewrite.php(43): require_once('C:\\laragon\\www\\...')
#9 {main}
CRITICAL - 2024-01-13 00:54:25 --> Call to a member function getResult() on array
#0 C:\laragon\www\ci4dev\system\View\View.php(210): include()
#1 C:\laragon\www\ci4dev\system\View\View.php(213): CodeIgniter\View\View->CodeIgniter\View\{closure}()
#2 C:\laragon\www\ci4dev\system\Common.php(1089): CodeIgniter\View\View->render('user/index', Array, true)
#3 C:\laragon\www\ci4dev\app\Controllers\Pengguna.php(20): view('user/index', Array)
#4 C:\laragon\www\ci4dev\system\CodeIgniter.php(832): App\Controllers\Pengguna->index()
#5 C:\laragon\www\ci4dev\system\CodeIgniter.php(419): CodeIgniter\CodeIgniter->runController(Object(App\Controllers\Pengguna))
#6 C:\laragon\www\ci4dev\system\CodeIgniter.php(326): CodeIgniter\CodeIgniter->handleRequest(NULL, Object(Config\Cache), false)
#7 C:\laragon\www\ci4dev\public\index.php(37): CodeIgniter\CodeIgniter->run()
#8 C:\laragon\www\ci4dev\system\Commands\Server\rewrite.php(43): require_once('C:\\laragon\\www\\...')
#9 {main}
CRITICAL - 2024-01-13 01:10:07 --> Too few arguments to function App\Controllers\Pengguna::edit(), 0 passed in C:\laragon\www\ci4dev\system\CodeIgniter.php on line 832 and exactly 1 expected
#0 C:\laragon\www\ci4dev\system\CodeIgniter.php(832): App\Controllers\Pengguna->edit()
#1 C:\laragon\www\ci4dev\system\CodeIgniter.php(419): CodeIgniter\CodeIgniter->runController(Object(App\Controllers\Pengguna))
#2 C:\laragon\www\ci4dev\system\CodeIgniter.php(326): CodeIgniter\CodeIgniter->handleRequest(NULL, Object(Config\Cache), false)
#3 C:\laragon\www\ci4dev\public\index.php(37): CodeIgniter\CodeIgniter->run()
#4 C:\laragon\www\ci4dev\system\Commands\Server\rewrite.php(43): require_once('C:\\laragon\\www\\...')
#5 {main}
