CRITICAL - 2023-12-25 19:45:48 --> Too few arguments to function CodeIgniter\CLI\Console::__construct(), 0 passed in C:\laragon\www\ci4dev\spark on line 86 and exactly 1 expected
#0 C:\laragon\www\ci4dev\spark(86): CodeIgniter\CLI\Console->__construct()
#1 {main}
CRITICAL - 2023-12-25 21:37:22 --> Too few arguments to function App\Controllers\Home::coba(), 0 passed in C:\laragon\www\ci4dev\system\CodeIgniter.php on line 832 and exactly 1 expected
#0 C:\laragon\www\ci4dev\system\CodeIgniter.php(832): App\Controllers\Home->coba()
#1 C:\laragon\www\ci4dev\system\CodeIgniter.php(419): CodeIgniter\CodeIgniter->runController(Object(App\Controllers\Home))
#2 C:\laragon\www\ci4dev\system\CodeIgniter.php(326): CodeIgniter\CodeIgniter->handleRequest(NULL, Object(Config\Cache), false)
#3 C:\laragon\www\ci4dev\public\index.php(37): CodeIgniter\CodeIgniter->run()
#4 C:\laragon\www\ci4dev\system\Commands\Server\rewrite.php(43): require_once('C:\\laragon\\www\\...')
#5 {main}
CRITICAL - 2023-12-25 21:38:23 --> syntax error, unexpected token "}", expecting ";"
#0 C:\laragon\www\ci4dev\system\Router\Router.php(175): CodeIgniter\Router\Router->autoRoute('home/coba')
#1 C:\laragon\www\ci4dev\system\CodeIgniter.php(726): CodeIgniter\Router\Router->handle('home/coba')
#2 C:\laragon\www\ci4dev\system\CodeIgniter.php(368): CodeIgniter\CodeIgniter->tryToRouteIt(Object(CodeIgniter\Router\RouteCollection))
#3 C:\laragon\www\ci4dev\system\CodeIgniter.php(326): CodeIgniter\CodeIgniter->handleRequest(NULL, Object(Config\Cache), false)
#4 C:\laragon\www\ci4dev\public\index.php(37): CodeIgniter\CodeIgniter->run()
#5 C:\laragon\www\ci4dev\system\Commands\Server\rewrite.php(43): require_once('C:\\laragon\\www\\...')
#6 {main}
CRITICAL - 2023-12-25 21:38:30 --> syntax error, unexpected token "}", expecting ";"
#0 C:\laragon\www\ci4dev\system\Router\Router.php(175): CodeIgniter\Router\Router->autoRoute('home/main')
#1 C:\laragon\www\ci4dev\system\CodeIgniter.php(726): CodeIgniter\Router\Router->handle('home/main')
#2 C:\laragon\www\ci4dev\system\CodeIgniter.php(368): CodeIgniter\CodeIgniter->tryToRouteIt(Object(CodeIgniter\Router\RouteCollection))
#3 C:\laragon\www\ci4dev\system\CodeIgniter.php(326): CodeIgniter\CodeIgniter->handleRequest(NULL, Object(Config\Cache), false)
#4 C:\laragon\www\ci4dev\public\index.php(37): CodeIgniter\CodeIgniter->run()
#5 C:\laragon\www\ci4dev\system\Commands\Server\rewrite.php(43): require_once('C:\\laragon\\www\\...')
#6 {main}
CRITICAL - 2023-12-25 22:20:55 --> Undefined property: Config\App::$indexPage
#0 C:\laragon\www\ci4dev\system\Helpers\url_helper.php(51): CodeIgniter\Debug\Exceptions->errorHandler(2, 'Undefined prope...', 'C:\\laragon\\www\\...', 51)
#1 C:\laragon\www\ci4dev\system\Helpers\url_helper.php(133): _get_uri('home/main')
#2 C:\laragon\www\ci4dev\system\Debug\Toolbar.php(78): current_url()
#3 C:\laragon\www\ci4dev\system\Debug\Toolbar.php(368): CodeIgniter\Debug\Toolbar->run(1703564455.1301, 0.1042, Object(CodeIgniter\HTTP\IncomingRequest), Object(CodeIgniter\HTTP\Response))
#4 C:\laragon\www\ci4dev\system\Filters\DebugToolbar.php(40): CodeIgniter\Debug\Toolbar->prepare(Object(CodeIgniter\HTTP\IncomingRequest), Object(CodeIgniter\HTTP\Response))
#5 C:\laragon\www\ci4dev\system\Filters\Filters.php(196): CodeIgniter\Filters\DebugToolbar->after(Object(CodeIgniter\HTTP\IncomingRequest), Object(CodeIgniter\HTTP\Response), NULL)
#6 C:\laragon\www\ci4dev\system\CodeIgniter.php(436): CodeIgniter\Filters\Filters->run('home/main', 'after')
#7 C:\laragon\www\ci4dev\system\CodeIgniter.php(326): CodeIgniter\CodeIgniter->handleRequest(NULL, Object(Config\Cache), false)
#8 C:\laragon\www\ci4dev\public\index.php(37): CodeIgniter\CodeIgniter->run()
#9 C:\laragon\www\ci4dev\system\Commands\Server\rewrite.php(43): require_once('C:\\laragon\\www\\...')
#10 {main}
CRITICAL - 2023-12-25 23:12:18 --> Undefined variable $judul
#0 C:\laragon\www\ci4dev\app\Views\layout\default.php(7): CodeIgniter\Debug\Exceptions->errorHandler(2, 'Undefined varia...', 'C:\\laragon\\www\\...', 7)
#1 C:\laragon\www\ci4dev\system\View\View.php(210): include('C:\\laragon\\www\\...')
#2 C:\laragon\www\ci4dev\system\View\View.php(213): CodeIgniter\View\View->CodeIgniter\View\{closure}()
#3 C:\laragon\www\ci4dev\system\View\View.php(226): CodeIgniter\View\View->render('layout/default', Array, true)
#4 C:\laragon\www\ci4dev\system\Common.php(1089): CodeIgniter\View\View->render('beranda', Array, true)
#5 C:\laragon\www\ci4dev\app\Controllers\Pages.php(13): view('beranda')
#6 C:\laragon\www\ci4dev\system\CodeIgniter.php(832): App\Controllers\Pages->index()
#7 C:\laragon\www\ci4dev\system\CodeIgniter.php(419): CodeIgniter\CodeIgniter->runController(Object(App\Controllers\Pages))
#8 C:\laragon\www\ci4dev\system\CodeIgniter.php(326): CodeIgniter\CodeIgniter->handleRequest(NULL, Object(Config\Cache), false)
#9 C:\laragon\www\ci4dev\public\index.php(37): CodeIgniter\CodeIgniter->run()
#10 C:\laragon\www\ci4dev\system\Commands\Server\rewrite.php(43): require_once('C:\\laragon\\www\\...')
#11 {main}
CRITICAL - 2023-12-25 23:15:06 --> Undefined variable $judul
#0 C:\laragon\www\ci4dev\app\Views\layout\default.php(7): CodeIgniter\Debug\Exceptions->errorHandler(2, 'Undefined varia...', 'C:\\laragon\\www\\...', 7)
#1 C:\laragon\www\ci4dev\system\View\View.php(210): include('C:\\laragon\\www\\...')
#2 C:\laragon\www\ci4dev\system\View\View.php(213): CodeIgniter\View\View->CodeIgniter\View\{closure}()
#3 C:\laragon\www\ci4dev\system\View\View.php(226): CodeIgniter\View\View->render('layout/default', Array, true)
#4 C:\laragon\www\ci4dev\system\Common.php(1089): CodeIgniter\View\View->render('beranda', Array, true)
#5 C:\laragon\www\ci4dev\app\Controllers\Pages.php(13): view('beranda')
#6 C:\laragon\www\ci4dev\system\CodeIgniter.php(832): App\Controllers\Pages->index()
#7 C:\laragon\www\ci4dev\system\CodeIgniter.php(419): CodeIgniter\CodeIgniter->runController(Object(App\Controllers\Pages))
#8 C:\laragon\www\ci4dev\system\CodeIgniter.php(326): CodeIgniter\CodeIgniter->handleRequest(NULL, Object(Config\Cache), false)
#9 C:\laragon\www\ci4dev\public\index.php(37): CodeIgniter\CodeIgniter->run()
#10 C:\laragon\www\ci4dev\system\Commands\Server\rewrite.php(43): require_once('C:\\laragon\\www\\...')
#11 {main}
CRITICAL - 2023-12-25 23:15:10 --> Undefined variable $judul
#0 C:\laragon\www\ci4dev\app\Views\layout\default.php(7): CodeIgniter\Debug\Exceptions->errorHandler(2, 'Undefined varia...', 'C:\\laragon\\www\\...', 7)
#1 C:\laragon\www\ci4dev\system\View\View.php(210): include('C:\\laragon\\www\\...')
#2 C:\laragon\www\ci4dev\system\View\View.php(213): CodeIgniter\View\View->CodeIgniter\View\{closure}()
#3 C:\laragon\www\ci4dev\system\View\View.php(226): CodeIgniter\View\View->render('layout/default', Array, true)
#4 C:\laragon\www\ci4dev\system\Common.php(1089): CodeIgniter\View\View->render('pages/datakwh', Array, true)
#5 C:\laragon\www\ci4dev\app\Controllers\Pages.php(28): view('pages/datakwh')
#6 C:\laragon\www\ci4dev\system\CodeIgniter.php(832): App\Controllers\Pages->datakwh()
#7 C:\laragon\www\ci4dev\system\CodeIgniter.php(419): CodeIgniter\CodeIgniter->runController(Object(App\Controllers\Pages))
#8 C:\laragon\www\ci4dev\system\CodeIgniter.php(326): CodeIgniter\CodeIgniter->handleRequest(NULL, Object(Config\Cache), false)
#9 C:\laragon\www\ci4dev\public\index.php(37): CodeIgniter\CodeIgniter->run()
#10 C:\laragon\www\ci4dev\system\Commands\Server\rewrite.php(43): require_once('C:\\laragon\\www\\...')
#11 {main}
CRITICAL - 2023-12-25 23:15:12 --> Undefined variable $judul
#0 C:\laragon\www\ci4dev\app\Views\layout\default.php(7): CodeIgniter\Debug\Exceptions->errorHandler(2, 'Undefined varia...', 'C:\\laragon\\www\\...', 7)
#1 C:\laragon\www\ci4dev\system\View\View.php(210): include('C:\\laragon\\www\\...')
#2 C:\laragon\www\ci4dev\system\View\View.php(213): CodeIgniter\View\View->CodeIgniter\View\{closure}()
#3 C:\laragon\www\ci4dev\system\View\View.php(226): CodeIgniter\View\View->render('layout/default', Array, true)
#4 C:\laragon\www\ci4dev\system\Common.php(1089): CodeIgniter\View\View->render('pages/datava', Array, true)
#5 C:\laragon\www\ci4dev\app\Controllers\Pages.php(24): view('pages/datava')
#6 C:\laragon\www\ci4dev\system\CodeIgniter.php(832): App\Controllers\Pages->datava()
#7 C:\laragon\www\ci4dev\system\CodeIgniter.php(419): CodeIgniter\CodeIgniter->runController(Object(App\Controllers\Pages))
#8 C:\laragon\www\ci4dev\system\CodeIgniter.php(326): CodeIgniter\CodeIgniter->handleRequest(NULL, Object(Config\Cache), false)
#9 C:\laragon\www\ci4dev\public\index.php(37): CodeIgniter\CodeIgniter->run()
#10 C:\laragon\www\ci4dev\system\Commands\Server\rewrite.php(43): require_once('C:\\laragon\\www\\...')
#11 {main}
CRITICAL - 2023-12-25 23:15:13 --> Undefined variable $judul
#0 C:\laragon\www\ci4dev\app\Views\layout\default.php(7): CodeIgniter\Debug\Exceptions->errorHandler(2, 'Undefined varia...', 'C:\\laragon\\www\\...', 7)
#1 C:\laragon\www\ci4dev\system\View\View.php(210): include('C:\\laragon\\www\\...')
#2 C:\laragon\www\ci4dev\system\View\View.php(213): CodeIgniter\View\View->CodeIgniter\View\{closure}()
#3 C:\laragon\www\ci4dev\system\View\View.php(226): CodeIgniter\View\View->render('layout/default', Array, true)
#4 C:\laragon\www\ci4dev\system\Common.php(1089): CodeIgniter\View\View->render('pages/dataplg', Array, true)
#5 C:\laragon\www\ci4dev\app\Controllers\Pages.php(20): view('pages/dataplg')
#6 C:\laragon\www\ci4dev\system\CodeIgniter.php(832): App\Controllers\Pages->dataplg()
#7 C:\laragon\www\ci4dev\system\CodeIgniter.php(419): CodeIgniter\CodeIgniter->runController(Object(App\Controllers\Pages))
#8 C:\laragon\www\ci4dev\system\CodeIgniter.php(326): CodeIgniter\CodeIgniter->handleRequest(NULL, Object(Config\Cache), false)
#9 C:\laragon\www\ci4dev\public\index.php(37): CodeIgniter\CodeIgniter->run()
#10 C:\laragon\www\ci4dev\system\Commands\Server\rewrite.php(43): require_once('C:\\laragon\\www\\...')
#11 {main}
CRITICAL - 2023-12-25 23:15:15 --> Undefined variable $judul
#0 C:\laragon\www\ci4dev\app\Views\layout\default.php(7): CodeIgniter\Debug\Exceptions->errorHandler(2, 'Undefined varia...', 'C:\\laragon\\www\\...', 7)
#1 C:\laragon\www\ci4dev\system\View\View.php(210): include('C:\\laragon\\www\\...')
#2 C:\laragon\www\ci4dev\system\View\View.php(213): CodeIgniter\View\View->CodeIgniter\View\{closure}()
#3 C:\laragon\www\ci4dev\system\View\View.php(226): CodeIgniter\View\View->render('layout/default', Array, true)
#4 C:\laragon\www\ci4dev\system\Common.php(1089): CodeIgniter\View\View->render('pages/dataplg', Array, true)
#5 C:\laragon\www\ci4dev\app\Controllers\Pages.php(20): view('pages/dataplg')
#6 C:\laragon\www\ci4dev\system\CodeIgniter.php(832): App\Controllers\Pages->dataplg()
#7 C:\laragon\www\ci4dev\system\CodeIgniter.php(419): CodeIgniter\CodeIgniter->runController(Object(App\Controllers\Pages))
#8 C:\laragon\www\ci4dev\system\CodeIgniter.php(326): CodeIgniter\CodeIgniter->handleRequest(NULL, Object(Config\Cache), false)
#9 C:\laragon\www\ci4dev\public\index.php(37): CodeIgniter\CodeIgniter->run()
#10 C:\laragon\www\ci4dev\system\Commands\Server\rewrite.php(43): require_once('C:\\laragon\\www\\...')
#11 {main}
CRITICAL - 2023-12-25 23:16:34 --> Undefined variable $judul
#0 C:\laragon\www\ci4dev\app\Views\layout\default.php(7): CodeIgniter\Debug\Exceptions->errorHandler(2, 'Undefined varia...', 'C:\\laragon\\www\\...', 7)
#1 C:\laragon\www\ci4dev\system\View\View.php(210): include('C:\\laragon\\www\\...')
#2 C:\laragon\www\ci4dev\system\View\View.php(213): CodeIgniter\View\View->CodeIgniter\View\{closure}()
#3 C:\laragon\www\ci4dev\system\View\View.php(226): CodeIgniter\View\View->render('layout/default', Array, true)
#4 C:\laragon\www\ci4dev\system\Common.php(1089): CodeIgniter\View\View->render('beranda', Array, true)
#5 C:\laragon\www\ci4dev\app\Controllers\Pages.php(13): view('beranda')
#6 C:\laragon\www\ci4dev\system\CodeIgniter.php(832): App\Controllers\Pages->index()
#7 C:\laragon\www\ci4dev\system\CodeIgniter.php(419): CodeIgniter\CodeIgniter->runController(Object(App\Controllers\Pages))
#8 C:\laragon\www\ci4dev\system\CodeIgniter.php(326): CodeIgniter\CodeIgniter->handleRequest(NULL, Object(Config\Cache), false)
#9 C:\laragon\www\ci4dev\public\index.php(37): CodeIgniter\CodeIgniter->run()
#10 C:\laragon\www\ci4dev\system\Commands\Server\rewrite.php(43): require_once('C:\\laragon\\www\\...')
#11 {main}
