CRITICAL - 2024-01-10 00:18:13 --> Cannot access offset of type string on string
#0 C:\laragon\www\ci4dev\system\View\View.php(210): include()
#1 C:\laragon\www\ci4dev\system\View\View.php(213): CodeIgniter\View\View->CodeIgniter\View\{closure}()
#2 C:\laragon\www\ci4dev\system\Common.php(1089): CodeIgniter\View\View->render('up3/tambahplg', Array, true)
#3 C:\laragon\www\ci4dev\app\Controllers\UP3.php(58): view('up3/tambahplg', Array)
#4 C:\laragon\www\ci4dev\system\CodeIgniter.php(832): App\Controllers\UP3->tambahplg()
#5 C:\laragon\www\ci4dev\system\CodeIgniter.php(419): CodeIgniter\CodeIgniter->runController(Object(App\Controllers\UP3))
#6 C:\laragon\www\ci4dev\system\CodeIgniter.php(326): CodeIgniter\CodeIgniter->handleRequest(NULL, Object(Config\Cache), false)
#7 C:\laragon\www\ci4dev\public\index.php(37): CodeIgniter\CodeIgniter->run()
#8 C:\laragon\www\ci4dev\system\Commands\Server\rewrite.php(43): require_once('C:\\laragon\\www\\...')
#9 {main}
CRITICAL - 2024-01-10 00:46:28 --> Undefined variable $key
#0 C:\laragon\www\ci4dev\app\Views\up3\tambahplg.php(31): CodeIgniter\Debug\Exceptions->errorHandler(2, 'Undefined varia...', 'C:\\laragon\\www\\...', 31)
#1 C:\laragon\www\ci4dev\system\View\View.php(210): include('C:\\laragon\\www\\...')
#2 C:\laragon\www\ci4dev\system\View\View.php(213): CodeIgniter\View\View->CodeIgniter\View\{closure}()
#3 C:\laragon\www\ci4dev\system\Common.php(1089): CodeIgniter\View\View->render('up3/tambahplg', Array, true)
#4 C:\laragon\www\ci4dev\app\Controllers\UP3.php(59): view('up3/tambahplg', Array)
#5 C:\laragon\www\ci4dev\system\CodeIgniter.php(832): App\Controllers\UP3->tambahplg()
#6 C:\laragon\www\ci4dev\system\CodeIgniter.php(419): CodeIgniter\CodeIgniter->runController(Object(App\Controllers\UP3))
#7 C:\laragon\www\ci4dev\system\CodeIgniter.php(326): CodeIgniter\CodeIgniter->handleRequest(NULL, Object(Config\Cache), false)
#8 C:\laragon\www\ci4dev\public\index.php(37): CodeIgniter\CodeIgniter->run()
#9 C:\laragon\www\ci4dev\system\Commands\Server\rewrite.php(43): require_once('C:\\laragon\\www\\...')
#10 {main}
CRITICAL - 2024-01-10 01:00:46 --> Undefined array key "jenis_klasifikasi"
#0 C:\laragon\www\ci4dev\app\Views\up3\dataplg.php(43): CodeIgniter\Debug\Exceptions->errorHandler(2, 'Undefined array...', 'C:\\laragon\\www\\...', 43)
#1 C:\laragon\www\ci4dev\system\View\View.php(210): include('C:\\laragon\\www\\...')
#2 C:\laragon\www\ci4dev\system\View\View.php(213): CodeIgniter\View\View->CodeIgniter\View\{closure}()
#3 C:\laragon\www\ci4dev\system\Common.php(1089): CodeIgniter\View\View->render('up3/dataplg', Array, true)
#4 C:\laragon\www\ci4dev\app\Controllers\UP3.php(43): view('up3/dataplg', Array)
#5 C:\laragon\www\ci4dev\system\CodeIgniter.php(832): App\Controllers\UP3->dataplg()
#6 C:\laragon\www\ci4dev\system\CodeIgniter.php(419): CodeIgniter\CodeIgniter->runController(Object(App\Controllers\UP3))
#7 C:\laragon\www\ci4dev\system\CodeIgniter.php(326): CodeIgniter\CodeIgniter->handleRequest(NULL, Object(Config\Cache), false)
#8 C:\laragon\www\ci4dev\public\index.php(37): CodeIgniter\CodeIgniter->run()
#9 C:\laragon\www\ci4dev\system\Commands\Server\rewrite.php(43): require_once('C:\\laragon\\www\\...')
#10 {main}
CRITICAL - 2024-01-10 01:01:05 --> Undefined array key "jenis_klasifikasi"
#0 C:\laragon\www\ci4dev\app\Views\up3\dataplg.php(44): CodeIgniter\Debug\Exceptions->errorHandler(2, 'Undefined array...', 'C:\\laragon\\www\\...', 44)
#1 C:\laragon\www\ci4dev\system\View\View.php(210): include('C:\\laragon\\www\\...')
#2 C:\laragon\www\ci4dev\system\View\View.php(213): CodeIgniter\View\View->CodeIgniter\View\{closure}()
#3 C:\laragon\www\ci4dev\system\Common.php(1089): CodeIgniter\View\View->render('up3/dataplg', Array, true)
#4 C:\laragon\www\ci4dev\app\Controllers\UP3.php(43): view('up3/dataplg', Array)
#5 C:\laragon\www\ci4dev\system\CodeIgniter.php(832): App\Controllers\UP3->dataplg()
#6 C:\laragon\www\ci4dev\system\CodeIgniter.php(419): CodeIgniter\CodeIgniter->runController(Object(App\Controllers\UP3))
#7 C:\laragon\www\ci4dev\system\CodeIgniter.php(326): CodeIgniter\CodeIgniter->handleRequest(NULL, Object(Config\Cache), false)
#8 C:\laragon\www\ci4dev\public\index.php(37): CodeIgniter\CodeIgniter->run()
#9 C:\laragon\www\ci4dev\system\Commands\Server\rewrite.php(43): require_once('C:\\laragon\\www\\...')
#10 {main}
CRITICAL - 2024-01-10 02:03:29 --> Undefined variable $plgUP3
#0 C:\laragon\www\ci4dev\app\Views\pages\_kwh.php(89): CodeIgniter\Debug\Exceptions->errorHandler(2, 'Undefined varia...', 'C:\\laragon\\www\\...', 89)
#1 C:\laragon\www\ci4dev\system\View\View.php(210): include('C:\\laragon\\www\\...')
#2 C:\laragon\www\ci4dev\system\View\View.php(213): CodeIgniter\View\View->CodeIgniter\View\{closure}()
#3 C:\laragon\www\ci4dev\system\Common.php(1089): CodeIgniter\View\View->render('pages/_kwh', Array, true)
#4 C:\laragon\www\ci4dev\app\Controllers\Pages.php(86): view('pages/_kwh', Array)
#5 C:\laragon\www\ci4dev\system\CodeIgniter.php(832): App\Controllers\Pages->datakwh()
#6 C:\laragon\www\ci4dev\system\CodeIgniter.php(419): CodeIgniter\CodeIgniter->runController(Object(App\Controllers\Pages))
#7 C:\laragon\www\ci4dev\system\CodeIgniter.php(326): CodeIgniter\CodeIgniter->handleRequest(NULL, Object(Config\Cache), false)
#8 C:\laragon\www\ci4dev\public\index.php(37): CodeIgniter\CodeIgniter->run()
#9 C:\laragon\www\ci4dev\system\Commands\Server\rewrite.php(43): require_once('C:\\laragon\\www\\...')
#10 {main}
CRITICAL - 2024-01-10 02:24:45 --> Invalid file: pages/kwh_UP3/_kwh.php
#0 C:\laragon\www\ci4dev\system\View\View.php(198): CodeIgniter\Exceptions\FrameworkException::forInvalidFile('pages/kwh_UP3/_...')
#1 C:\laragon\www\ci4dev\system\Common.php(1089): CodeIgniter\View\View->render('pages/kwh_UP3/_...', Array, true)
#2 C:\laragon\www\ci4dev\app\Controllers\Pages.php(86): view('pages/kwh_UP3/_...', Array)
#3 C:\laragon\www\ci4dev\system\CodeIgniter.php(832): App\Controllers\Pages->datakwh()
#4 C:\laragon\www\ci4dev\system\CodeIgniter.php(419): CodeIgniter\CodeIgniter->runController(Object(App\Controllers\Pages))
#5 C:\laragon\www\ci4dev\system\CodeIgniter.php(326): CodeIgniter\CodeIgniter->handleRequest(NULL, Object(Config\Cache), false)
#6 C:\laragon\www\ci4dev\public\index.php(37): CodeIgniter\CodeIgniter->run()
#7 C:\laragon\www\ci4dev\system\Commands\Server\rewrite.php(43): require_once('C:\\laragon\\www\\...')
#8 {main}
CRITICAL - 2024-01-10 03:01:26 --> Invalid file: up3/tambahplg.php
#0 C:\laragon\www\ci4dev\system\View\View.php(198): CodeIgniter\Exceptions\FrameworkException::forInvalidFile('up3/tambahplg.p...')
#1 C:\laragon\www\ci4dev\system\Common.php(1089): CodeIgniter\View\View->render('up3/tambahplg', Array, true)
#2 C:\laragon\www\ci4dev\app\Controllers\UP3.php(60): view('up3/tambahplg', Array)
#3 C:\laragon\www\ci4dev\system\CodeIgniter.php(832): App\Controllers\UP3->tambahplg()
#4 C:\laragon\www\ci4dev\system\CodeIgniter.php(419): CodeIgniter\CodeIgniter->runController(Object(App\Controllers\UP3))
#5 C:\laragon\www\ci4dev\system\CodeIgniter.php(326): CodeIgniter\CodeIgniter->handleRequest(NULL, Object(Config\Cache), false)
#6 C:\laragon\www\ci4dev\public\index.php(37): CodeIgniter\CodeIgniter->run()
#7 C:\laragon\www\ci4dev\system\Commands\Server\rewrite.php(43): require_once('C:\\laragon\\www\\...')
#8 {main}
CRITICAL - 2024-01-10 03:01:29 --> Invalid file: up3/tambahplg.php
#0 C:\laragon\www\ci4dev\system\View\View.php(198): CodeIgniter\Exceptions\FrameworkException::forInvalidFile('up3/tambahplg.p...')
#1 C:\laragon\www\ci4dev\system\Common.php(1089): CodeIgniter\View\View->render('up3/tambahplg', Array, true)
#2 C:\laragon\www\ci4dev\app\Controllers\UP3.php(60): view('up3/tambahplg', Array)
#3 C:\laragon\www\ci4dev\system\CodeIgniter.php(832): App\Controllers\UP3->tambahplg()
#4 C:\laragon\www\ci4dev\system\CodeIgniter.php(419): CodeIgniter\CodeIgniter->runController(Object(App\Controllers\UP3))
#5 C:\laragon\www\ci4dev\system\CodeIgniter.php(326): CodeIgniter\CodeIgniter->handleRequest(NULL, Object(Config\Cache), false)
#6 C:\laragon\www\ci4dev\public\index.php(37): CodeIgniter\CodeIgniter->run()
#7 C:\laragon\www\ci4dev\system\Commands\Server\rewrite.php(43): require_once('C:\\laragon\\www\\...')
#8 {main}
CRITICAL - 2024-01-10 03:02:49 --> Invalid file: up3/tambahplg.php
#0 C:\laragon\www\ci4dev\system\View\View.php(198): CodeIgniter\Exceptions\FrameworkException::forInvalidFile('up3/tambahplg.p...')
#1 C:\laragon\www\ci4dev\system\Common.php(1089): CodeIgniter\View\View->render('up3/tambahplg', Array, true)
#2 C:\laragon\www\ci4dev\app\Controllers\UP3.php(60): view('up3/tambahplg', Array)
#3 C:\laragon\www\ci4dev\system\CodeIgniter.php(832): App\Controllers\UP3->tambahplg()
#4 C:\laragon\www\ci4dev\system\CodeIgniter.php(419): CodeIgniter\CodeIgniter->runController(Object(App\Controllers\UP3))
#5 C:\laragon\www\ci4dev\system\CodeIgniter.php(326): CodeIgniter\CodeIgniter->handleRequest(NULL, Object(Config\Cache), false)
#6 C:\laragon\www\ci4dev\public\index.php(37): CodeIgniter\CodeIgniter->run()
#7 C:\laragon\www\ci4dev\system\Commands\Server\rewrite.php(43): require_once('C:\\laragon\\www\\...')
#8 {main}
CRITICAL - 2024-01-10 03:04:44 --> Invalid file: up3/tambahplg.php
#0 C:\laragon\www\ci4dev\system\View\View.php(198): CodeIgniter\Exceptions\FrameworkException::forInvalidFile('up3/tambahplg.p...')
#1 C:\laragon\www\ci4dev\system\Common.php(1089): CodeIgniter\View\View->render('up3/tambahplg', Array, true)
#2 C:\laragon\www\ci4dev\app\Controllers\UP3.php(60): view('up3/tambahplg', Array)
#3 C:\laragon\www\ci4dev\system\CodeIgniter.php(832): App\Controllers\UP3->tambahplg()
#4 C:\laragon\www\ci4dev\system\CodeIgniter.php(419): CodeIgniter\CodeIgniter->runController(Object(App\Controllers\UP3))
#5 C:\laragon\www\ci4dev\system\CodeIgniter.php(326): CodeIgniter\CodeIgniter->handleRequest(NULL, Object(Config\Cache), false)
#6 C:\laragon\www\ci4dev\public\index.php(37): CodeIgniter\CodeIgniter->run()
#7 C:\laragon\www\ci4dev\system\Commands\Server\rewrite.php(43): require_once('C:\\laragon\\www\\...')
#8 {main}
CRITICAL - 2024-01-10 03:24:46 --> Unsupported operand types: string + string
#0 C:\laragon\www\ci4dev\system\CodeIgniter.php(832): App\Controllers\UP3->saveplg()
#1 C:\laragon\www\ci4dev\system\CodeIgniter.php(419): CodeIgniter\CodeIgniter->runController(Object(App\Controllers\UP3))
#2 C:\laragon\www\ci4dev\system\CodeIgniter.php(326): CodeIgniter\CodeIgniter->handleRequest(NULL, Object(Config\Cache), false)
#3 C:\laragon\www\ci4dev\public\index.php(37): CodeIgniter\CodeIgniter->run()
#4 C:\laragon\www\ci4dev\system\Commands\Server\rewrite.php(43): require_once('C:\\laragon\\www\\...')
#5 {main}
CRITICAL - 2024-01-10 03:32:40 --> Unclosed '{' on line 29
#0 C:\laragon\www\ci4dev\system\View\View.php(213): CodeIgniter\View\View->CodeIgniter\View\{closure}()
#1 C:\laragon\www\ci4dev\system\Common.php(1089): CodeIgniter\View\View->render('up3/editplg', Array, true)
#2 C:\laragon\www\ci4dev\app\Controllers\UP3.php(126): view('up3/editplg', Array)
#3 C:\laragon\www\ci4dev\system\CodeIgniter.php(832): App\Controllers\UP3->editplg('2')
#4 C:\laragon\www\ci4dev\system\CodeIgniter.php(419): CodeIgniter\CodeIgniter->runController(Object(App\Controllers\UP3))
#5 C:\laragon\www\ci4dev\system\CodeIgniter.php(326): CodeIgniter\CodeIgniter->handleRequest(NULL, Object(Config\Cache), false)
#6 C:\laragon\www\ci4dev\public\index.php(37): CodeIgniter\CodeIgniter->run()
#7 C:\laragon\www\ci4dev\system\Commands\Server\rewrite.php(43): require_once('C:\\laragon\\www\\...')
#8 {main}
CRITICAL - 2024-01-10 03:35:00 --> Undefined variable $csrf_field
#0 C:\laragon\www\ci4dev\app\Views\up3\editplg.php(28): CodeIgniter\Debug\Exceptions->errorHandler(2, 'Undefined varia...', 'C:\\laragon\\www\\...', 28)
#1 C:\laragon\www\ci4dev\system\View\View.php(210): include('C:\\laragon\\www\\...')
#2 C:\laragon\www\ci4dev\system\View\View.php(213): CodeIgniter\View\View->CodeIgniter\View\{closure}()
#3 C:\laragon\www\ci4dev\system\Common.php(1089): CodeIgniter\View\View->render('up3/editplg', Array, true)
#4 C:\laragon\www\ci4dev\app\Controllers\UP3.php(126): view('up3/editplg', Array)
#5 C:\laragon\www\ci4dev\system\CodeIgniter.php(832): App\Controllers\UP3->editplg('2')
#6 C:\laragon\www\ci4dev\system\CodeIgniter.php(419): CodeIgniter\CodeIgniter->runController(Object(App\Controllers\UP3))
#7 C:\laragon\www\ci4dev\system\CodeIgniter.php(326): CodeIgniter\CodeIgniter->handleRequest(NULL, Object(Config\Cache), false)
#8 C:\laragon\www\ci4dev\public\index.php(37): CodeIgniter\CodeIgniter->run()
#9 C:\laragon\www\ci4dev\system\Commands\Server\rewrite.php(43): require_once('C:\\laragon\\www\\...')
#10 {main}
CRITICAL - 2024-01-10 03:35:16 --> Undefined variable $p
#0 C:\laragon\www\ci4dev\app\Views\up3\editplg.php(35): CodeIgniter\Debug\Exceptions->errorHandler(2, 'Undefined varia...', 'C:\\laragon\\www\\...', 35)
#1 C:\laragon\www\ci4dev\system\View\View.php(210): include('C:\\laragon\\www\\...')
#2 C:\laragon\www\ci4dev\system\View\View.php(213): CodeIgniter\View\View->CodeIgniter\View\{closure}()
#3 C:\laragon\www\ci4dev\system\Common.php(1089): CodeIgniter\View\View->render('up3/editplg', Array, true)
#4 C:\laragon\www\ci4dev\app\Controllers\UP3.php(126): view('up3/editplg', Array)
#5 C:\laragon\www\ci4dev\system\CodeIgniter.php(832): App\Controllers\UP3->editplg('2')
#6 C:\laragon\www\ci4dev\system\CodeIgniter.php(419): CodeIgniter\CodeIgniter->runController(Object(App\Controllers\UP3))
#7 C:\laragon\www\ci4dev\system\CodeIgniter.php(326): CodeIgniter\CodeIgniter->handleRequest(NULL, Object(Config\Cache), false)
#8 C:\laragon\www\ci4dev\public\index.php(37): CodeIgniter\CodeIgniter->run()
#9 C:\laragon\www\ci4dev\system\Commands\Server\rewrite.php(43): require_once('C:\\laragon\\www\\...')
#10 {main}
CRITICAL - 2024-01-10 03:35:43 --> Undefined array key ""
#0 C:\laragon\www\ci4dev\app\Views\up3\editplg.php(42): CodeIgniter\Debug\Exceptions->errorHandler(2, 'Undefined array...', 'C:\\laragon\\www\\...', 42)
#1 C:\laragon\www\ci4dev\system\View\View.php(210): include('C:\\laragon\\www\\...')
#2 C:\laragon\www\ci4dev\system\View\View.php(213): CodeIgniter\View\View->CodeIgniter\View\{closure}()
#3 C:\laragon\www\ci4dev\system\Common.php(1089): CodeIgniter\View\View->render('up3/editplg', Array, true)
#4 C:\laragon\www\ci4dev\app\Controllers\UP3.php(126): view('up3/editplg', Array)
#5 C:\laragon\www\ci4dev\system\CodeIgniter.php(832): App\Controllers\UP3->editplg('2')
#6 C:\laragon\www\ci4dev\system\CodeIgniter.php(419): CodeIgniter\CodeIgniter->runController(Object(App\Controllers\UP3))
#7 C:\laragon\www\ci4dev\system\CodeIgniter.php(326): CodeIgniter\CodeIgniter->handleRequest(NULL, Object(Config\Cache), false)
#8 C:\laragon\www\ci4dev\public\index.php(37): CodeIgniter\CodeIgniter->run()
#9 C:\laragon\www\ci4dev\system\Commands\Server\rewrite.php(43): require_once('C:\\laragon\\www\\...')
#10 {main}
CRITICAL - 2024-01-10 03:36:03 --> Undefined array key ""
#0 C:\laragon\www\ci4dev\app\Views\up3\editplg.php(59): CodeIgniter\Debug\Exceptions->errorHandler(2, 'Undefined array...', 'C:\\laragon\\www\\...', 59)
#1 C:\laragon\www\ci4dev\system\View\View.php(210): include('C:\\laragon\\www\\...')
#2 C:\laragon\www\ci4dev\system\View\View.php(213): CodeIgniter\View\View->CodeIgniter\View\{closure}()
#3 C:\laragon\www\ci4dev\system\Common.php(1089): CodeIgniter\View\View->render('up3/editplg', Array, true)
#4 C:\laragon\www\ci4dev\app\Controllers\UP3.php(126): view('up3/editplg', Array)
#5 C:\laragon\www\ci4dev\system\CodeIgniter.php(832): App\Controllers\UP3->editplg('2')
#6 C:\laragon\www\ci4dev\system\CodeIgniter.php(419): CodeIgniter\CodeIgniter->runController(Object(App\Controllers\UP3))
#7 C:\laragon\www\ci4dev\system\CodeIgniter.php(326): CodeIgniter\CodeIgniter->handleRequest(NULL, Object(Config\Cache), false)
#8 C:\laragon\www\ci4dev\public\index.php(37): CodeIgniter\CodeIgniter->run()
#9 C:\laragon\www\ci4dev\system\Commands\Server\rewrite.php(43): require_once('C:\\laragon\\www\\...')
#10 {main}
CRITICAL - 2024-01-10 03:37:07 --> syntax error, unexpected end of file
#0 C:\laragon\www\ci4dev\system\View\View.php(213): CodeIgniter\View\View->CodeIgniter\View\{closure}()
#1 C:\laragon\www\ci4dev\system\Common.php(1089): CodeIgniter\View\View->render('up3/editplg', Array, true)
#2 C:\laragon\www\ci4dev\app\Controllers\UP3.php(126): view('up3/editplg', Array)
#3 C:\laragon\www\ci4dev\system\CodeIgniter.php(832): App\Controllers\UP3->editplg('2')
#4 C:\laragon\www\ci4dev\system\CodeIgniter.php(419): CodeIgniter\CodeIgniter->runController(Object(App\Controllers\UP3))
#5 C:\laragon\www\ci4dev\system\CodeIgniter.php(326): CodeIgniter\CodeIgniter->handleRequest(NULL, Object(Config\Cache), false)
#6 C:\laragon\www\ci4dev\public\index.php(37): CodeIgniter\CodeIgniter->run()
#7 C:\laragon\www\ci4dev\system\Commands\Server\rewrite.php(43): require_once('C:\\laragon\\www\\...')
#8 {main}
CRITICAL - 2024-01-10 03:39:10 --> Undefined array key "bulan"
#0 C:\laragon\www\ci4dev\app\Views\up3\editplg.php(35): CodeIgniter\Debug\Exceptions->errorHandler(2, 'Undefined array...', 'C:\\laragon\\www\\...', 35)
#1 C:\laragon\www\ci4dev\system\View\View.php(210): include('C:\\laragon\\www\\...')
#2 C:\laragon\www\ci4dev\system\View\View.php(213): CodeIgniter\View\View->CodeIgniter\View\{closure}()
#3 C:\laragon\www\ci4dev\system\Common.php(1089): CodeIgniter\View\View->render('up3/editplg', Array, true)
#4 C:\laragon\www\ci4dev\app\Controllers\UP3.php(126): view('up3/editplg', Array)
#5 C:\laragon\www\ci4dev\system\CodeIgniter.php(832): App\Controllers\UP3->editplg('2')
#6 C:\laragon\www\ci4dev\system\CodeIgniter.php(419): CodeIgniter\CodeIgniter->runController(Object(App\Controllers\UP3))
#7 C:\laragon\www\ci4dev\system\CodeIgniter.php(326): CodeIgniter\CodeIgniter->handleRequest(NULL, Object(Config\Cache), false)
#8 C:\laragon\www\ci4dev\public\index.php(37): CodeIgniter\CodeIgniter->run()
#9 C:\laragon\www\ci4dev\system\Commands\Server\rewrite.php(43): require_once('C:\\laragon\\www\\...')
#10 {main}
CRITICAL - 2024-01-10 03:42:07 --> Undefined variable $p
#0 C:\laragon\www\ci4dev\app\Views\up3\editplg.php(60): CodeIgniter\Debug\Exceptions->errorHandler(2, 'Undefined varia...', 'C:\\laragon\\www\\...', 60)
#1 C:\laragon\www\ci4dev\system\View\View.php(210): include('C:\\laragon\\www\\...')
#2 C:\laragon\www\ci4dev\system\View\View.php(213): CodeIgniter\View\View->CodeIgniter\View\{closure}()
#3 C:\laragon\www\ci4dev\system\Common.php(1089): CodeIgniter\View\View->render('up3/editplg', Array, true)
#4 C:\laragon\www\ci4dev\app\Controllers\UP3.php(126): view('up3/editplg', Array)
#5 C:\laragon\www\ci4dev\system\CodeIgniter.php(832): App\Controllers\UP3->editplg('2')
#6 C:\laragon\www\ci4dev\system\CodeIgniter.php(419): CodeIgniter\CodeIgniter->runController(Object(App\Controllers\UP3))
#7 C:\laragon\www\ci4dev\system\CodeIgniter.php(326): CodeIgniter\CodeIgniter->handleRequest(NULL, Object(Config\Cache), false)
#8 C:\laragon\www\ci4dev\public\index.php(37): CodeIgniter\CodeIgniter->run()
#9 C:\laragon\www\ci4dev\system\Commands\Server\rewrite.php(43): require_once('C:\\laragon\\www\\...')
#10 {main}
CRITICAL - 2024-01-10 03:42:51 --> Undefined array key "bulan"
#0 C:\laragon\www\ci4dev\app\Views\up3\editplg.php(36): CodeIgniter\Debug\Exceptions->errorHandler(2, 'Undefined array...', 'C:\\laragon\\www\\...', 36)
#1 C:\laragon\www\ci4dev\system\View\View.php(210): include('C:\\laragon\\www\\...')
#2 C:\laragon\www\ci4dev\system\View\View.php(213): CodeIgniter\View\View->CodeIgniter\View\{closure}()
#3 C:\laragon\www\ci4dev\system\Common.php(1089): CodeIgniter\View\View->render('up3/editplg', Array, true)
#4 C:\laragon\www\ci4dev\app\Controllers\UP3.php(126): view('up3/editplg', Array)
#5 C:\laragon\www\ci4dev\system\CodeIgniter.php(832): App\Controllers\UP3->editplg('2')
#6 C:\laragon\www\ci4dev\system\CodeIgniter.php(419): CodeIgniter\CodeIgniter->runController(Object(App\Controllers\UP3))
#7 C:\laragon\www\ci4dev\system\CodeIgniter.php(326): CodeIgniter\CodeIgniter->handleRequest(NULL, Object(Config\Cache), false)
#8 C:\laragon\www\ci4dev\public\index.php(37): CodeIgniter\CodeIgniter->run()
#9 C:\laragon\www\ci4dev\system\Commands\Server\rewrite.php(43): require_once('C:\\laragon\\www\\...')
#10 {main}
CRITICAL - 2024-01-10 03:43:12 --> syntax error, unexpected end of file
#0 C:\laragon\www\ci4dev\system\View\View.php(213): CodeIgniter\View\View->CodeIgniter\View\{closure}()
#1 C:\laragon\www\ci4dev\system\Common.php(1089): CodeIgniter\View\View->render('up3/editplg', Array, true)
#2 C:\laragon\www\ci4dev\app\Controllers\UP3.php(126): view('up3/editplg', Array)
#3 C:\laragon\www\ci4dev\system\CodeIgniter.php(832): App\Controllers\UP3->editplg('2')
#4 C:\laragon\www\ci4dev\system\CodeIgniter.php(419): CodeIgniter\CodeIgniter->runController(Object(App\Controllers\UP3))
#5 C:\laragon\www\ci4dev\system\CodeIgniter.php(326): CodeIgniter\CodeIgniter->handleRequest(NULL, Object(Config\Cache), false)
#6 C:\laragon\www\ci4dev\public\index.php(37): CodeIgniter\CodeIgniter->run()
#7 C:\laragon\www\ci4dev\system\Commands\Server\rewrite.php(43): require_once('C:\\laragon\\www\\...')
#8 {main}
CRITICAL - 2024-01-10 03:45:29 --> Call to undefined method App\Models\KategoriData::findById
#0 C:\laragon\www\ci4dev\app\Controllers\UP3.php(121): CodeIgniter\Model->__call('findById', Array)
#1 C:\laragon\www\ci4dev\system\CodeIgniter.php(832): App\Controllers\UP3->editplg('2')
#2 C:\laragon\www\ci4dev\system\CodeIgniter.php(419): CodeIgniter\CodeIgniter->runController(Object(App\Controllers\UP3))
#3 C:\laragon\www\ci4dev\system\CodeIgniter.php(326): CodeIgniter\CodeIgniter->handleRequest(NULL, Object(Config\Cache), false)
#4 C:\laragon\www\ci4dev\public\index.php(37): CodeIgniter\CodeIgniter->run()
#5 C:\laragon\www\ci4dev\system\Commands\Server\rewrite.php(43): require_once('C:\\laragon\\www\\...')
#6 {main}
CRITICAL - 2024-01-10 03:46:06 --> Call to undefined method App\Models\KategoriData::andId
#0 C:\laragon\www\ci4dev\app\Controllers\UP3.php(121): CodeIgniter\Model->__call('andId', Array)
#1 C:\laragon\www\ci4dev\system\CodeIgniter.php(832): App\Controllers\UP3->editplg('2')
#2 C:\laragon\www\ci4dev\system\CodeIgniter.php(419): CodeIgniter\CodeIgniter->runController(Object(App\Controllers\UP3))
#3 C:\laragon\www\ci4dev\system\CodeIgniter.php(326): CodeIgniter\CodeIgniter->handleRequest(NULL, Object(Config\Cache), false)
#4 C:\laragon\www\ci4dev\public\index.php(37): CodeIgniter\CodeIgniter->run()
#5 C:\laragon\www\ci4dev\system\Commands\Server\rewrite.php(43): require_once('C:\\laragon\\www\\...')
#6 {main}
CRITICAL - 2024-01-10 03:46:15 --> Call to undefined method App\Models\KategoriData::and
#0 C:\laragon\www\ci4dev\app\Controllers\UP3.php(121): CodeIgniter\Model->__call('and', Array)
#1 C:\laragon\www\ci4dev\system\CodeIgniter.php(832): App\Controllers\UP3->editplg('2')
#2 C:\laragon\www\ci4dev\system\CodeIgniter.php(419): CodeIgniter\CodeIgniter->runController(Object(App\Controllers\UP3))
#3 C:\laragon\www\ci4dev\system\CodeIgniter.php(326): CodeIgniter\CodeIgniter->handleRequest(NULL, Object(Config\Cache), false)
#4 C:\laragon\www\ci4dev\public\index.php(37): CodeIgniter\CodeIgniter->run()
#5 C:\laragon\www\ci4dev\system\Commands\Server\rewrite.php(43): require_once('C:\\laragon\\www\\...')
#6 {main}
CRITICAL - 2024-01-10 03:58:19 --> Undefined array key "jenis_klasifikasi[1]"
#0 C:\laragon\www\ci4dev\app\Views\up3\editplg.php(44): CodeIgniter\Debug\Exceptions->errorHandler(2, 'Undefined array...', 'C:\\laragon\\www\\...', 44)
#1 C:\laragon\www\ci4dev\system\View\View.php(210): include('C:\\laragon\\www\\...')
#2 C:\laragon\www\ci4dev\system\View\View.php(213): CodeIgniter\View\View->CodeIgniter\View\{closure}()
#3 C:\laragon\www\ci4dev\system\Common.php(1089): CodeIgniter\View\View->render('up3/editplg', Array, true)
#4 C:\laragon\www\ci4dev\app\Controllers\UP3.php(126): view('up3/editplg', Array)
#5 C:\laragon\www\ci4dev\system\CodeIgniter.php(832): App\Controllers\UP3->editplg('10')
#6 C:\laragon\www\ci4dev\system\CodeIgniter.php(419): CodeIgniter\CodeIgniter->runController(Object(App\Controllers\UP3))
#7 C:\laragon\www\ci4dev\system\CodeIgniter.php(326): CodeIgniter\CodeIgniter->handleRequest(NULL, Object(Config\Cache), false)
#8 C:\laragon\www\ci4dev\public\index.php(37): CodeIgniter\CodeIgniter->run()
#9 C:\laragon\www\ci4dev\system\Commands\Server\rewrite.php(43): require_once('C:\\laragon\\www\\...')
#10 {main}
CRITICAL - 2024-01-10 05:52:37 --> Too few arguments to function App\Controllers\UP3::editplg(), 0 passed in C:\laragon\www\ci4dev\system\CodeIgniter.php on line 832 and exactly 1 expected
#0 C:\laragon\www\ci4dev\system\CodeIgniter.php(832): App\Controllers\UP3->editplg()
#1 C:\laragon\www\ci4dev\system\CodeIgniter.php(419): CodeIgniter\CodeIgniter->runController(Object(App\Controllers\UP3))
#2 C:\laragon\www\ci4dev\system\CodeIgniter.php(326): CodeIgniter\CodeIgniter->handleRequest(NULL, Object(Config\Cache), false)
#3 C:\laragon\www\ci4dev\public\index.php(37): CodeIgniter\CodeIgniter->run()
#4 C:\laragon\www\ci4dev\system\Commands\Server\rewrite.php(43): require_once('C:\\laragon\\www\\...')
#5 {main}
CRITICAL - 2024-01-10 06:00:00 --> Too few arguments to function App\Controllers\UP3::editplg(), 0 passed in C:\laragon\www\ci4dev\system\CodeIgniter.php on line 832 and exactly 1 expected
#0 C:\laragon\www\ci4dev\system\CodeIgniter.php(832): App\Controllers\UP3->editplg()
#1 C:\laragon\www\ci4dev\system\CodeIgniter.php(419): CodeIgniter\CodeIgniter->runController(Object(App\Controllers\UP3))
#2 C:\laragon\www\ci4dev\system\CodeIgniter.php(326): CodeIgniter\CodeIgniter->handleRequest(NULL, Object(Config\Cache), false)
#3 C:\laragon\www\ci4dev\public\index.php(37): CodeIgniter\CodeIgniter->run()
#4 C:\laragon\www\ci4dev\system\Commands\Server\rewrite.php(43): require_once('C:\\laragon\\www\\...')
#5 {main}
CRITICAL - 2024-01-10 06:02:58 --> There is no data to update.
#0 C:\laragon\www\ci4dev\system\BaseModel.php(1574): CodeIgniter\Database\Exceptions\DataException::forEmptyDataset('update')
#1 C:\laragon\www\ci4dev\system\BaseModel.php(832): CodeIgniter\BaseModel->transformDataToArray(NULL, 'update')
#2 C:\laragon\www\ci4dev\system\Model.php(651): CodeIgniter\BaseModel->update(Array, NULL)
#3 C:\laragon\www\ci4dev\app\Controllers\UP3.php(154): CodeIgniter\Model->update(Array)
#4 C:\laragon\www\ci4dev\system\CodeIgniter.php(832): App\Controllers\UP3->updateplg()
#5 C:\laragon\www\ci4dev\system\CodeIgniter.php(419): CodeIgniter\CodeIgniter->runController(Object(App\Controllers\UP3))
#6 C:\laragon\www\ci4dev\system\CodeIgniter.php(326): CodeIgniter\CodeIgniter->handleRequest(NULL, Object(Config\Cache), false)
#7 C:\laragon\www\ci4dev\public\index.php(37): CodeIgniter\CodeIgniter->run()
#8 C:\laragon\www\ci4dev\system\Commands\Server\rewrite.php(43): require_once('C:\\laragon\\www\\...')
#9 {main}
CRITICAL - 2024-01-10 06:05:24 --> There is no data to update.
#0 C:\laragon\www\ci4dev\system\BaseModel.php(1574): CodeIgniter\Database\Exceptions\DataException::forEmptyDataset('update')
#1 C:\laragon\www\ci4dev\system\BaseModel.php(832): CodeIgniter\BaseModel->transformDataToArray(NULL, 'update')
#2 C:\laragon\www\ci4dev\system\Model.php(651): CodeIgniter\BaseModel->update(Array, NULL)
#3 C:\laragon\www\ci4dev\app\Controllers\UP3.php(146): CodeIgniter\Model->update(Array)
#4 C:\laragon\www\ci4dev\system\CodeIgniter.php(832): App\Controllers\UP3->updateplg()
#5 C:\laragon\www\ci4dev\system\CodeIgniter.php(419): CodeIgniter\CodeIgniter->runController(Object(App\Controllers\UP3))
#6 C:\laragon\www\ci4dev\system\CodeIgniter.php(326): CodeIgniter\CodeIgniter->handleRequest(NULL, Object(Config\Cache), false)
#7 C:\laragon\www\ci4dev\public\index.php(37): CodeIgniter\CodeIgniter->run()
#8 C:\laragon\www\ci4dev\system\Commands\Server\rewrite.php(43): require_once('C:\\laragon\\www\\...')
#9 {main}
CRITICAL - 2024-01-10 06:10:12 --> There is no data to update.
#0 C:\laragon\www\ci4dev\system\BaseModel.php(1574): CodeIgniter\Database\Exceptions\DataException::forEmptyDataset('update')
#1 C:\laragon\www\ci4dev\system\BaseModel.php(832): CodeIgniter\BaseModel->transformDataToArray(NULL, 'update')
#2 C:\laragon\www\ci4dev\system\Model.php(651): CodeIgniter\BaseModel->update(Array, NULL)
#3 C:\laragon\www\ci4dev\app\Controllers\UP3.php(146): CodeIgniter\Model->update(Array)
#4 C:\laragon\www\ci4dev\system\CodeIgniter.php(832): App\Controllers\UP3->updateplg('9')
#5 C:\laragon\www\ci4dev\system\CodeIgniter.php(419): CodeIgniter\CodeIgniter->runController(Object(App\Controllers\UP3))
#6 C:\laragon\www\ci4dev\system\CodeIgniter.php(326): CodeIgniter\CodeIgniter->handleRequest(NULL, Object(Config\Cache), false)
#7 C:\laragon\www\ci4dev\public\index.php(37): CodeIgniter\CodeIgniter->run()
#8 C:\laragon\www\ci4dev\system\Commands\Server\rewrite.php(43): require_once('C:\\laragon\\www\\...')
#9 {main}
CRITICAL - 2024-01-10 06:10:38 --> There is no data to update.
#0 C:\laragon\www\ci4dev\system\BaseModel.php(1574): CodeIgniter\Database\Exceptions\DataException::forEmptyDataset('update')
#1 C:\laragon\www\ci4dev\system\BaseModel.php(832): CodeIgniter\BaseModel->transformDataToArray(NULL, 'update')
#2 C:\laragon\www\ci4dev\system\Model.php(651): CodeIgniter\BaseModel->update(Array, NULL)
#3 C:\laragon\www\ci4dev\app\Controllers\UP3.php(146): CodeIgniter\Model->update(Array)
#4 C:\laragon\www\ci4dev\system\CodeIgniter.php(832): App\Controllers\UP3->updateplg('9')
#5 C:\laragon\www\ci4dev\system\CodeIgniter.php(419): CodeIgniter\CodeIgniter->runController(Object(App\Controllers\UP3))
#6 C:\laragon\www\ci4dev\system\CodeIgniter.php(326): CodeIgniter\CodeIgniter->handleRequest(NULL, Object(Config\Cache), false)
#7 C:\laragon\www\ci4dev\public\index.php(37): CodeIgniter\CodeIgniter->run()
#8 C:\laragon\www\ci4dev\system\Commands\Server\rewrite.php(43): require_once('C:\\laragon\\www\\...')
#9 {main}
CRITICAL - 2024-01-10 06:13:47 --> Undefined variable $id
#0 C:\laragon\www\ci4dev\app\Controllers\UP3.php(139): CodeIgniter\Debug\Exceptions->errorHandler(2, 'Undefined varia...', 'C:\\laragon\\www\\...', 139)
#1 C:\laragon\www\ci4dev\system\CodeIgniter.php(832): App\Controllers\UP3->updateplg('9')
#2 C:\laragon\www\ci4dev\system\CodeIgniter.php(419): CodeIgniter\CodeIgniter->runController(Object(App\Controllers\UP3))
#3 C:\laragon\www\ci4dev\system\CodeIgniter.php(326): CodeIgniter\CodeIgniter->handleRequest(NULL, Object(Config\Cache), false)
#4 C:\laragon\www\ci4dev\public\index.php(37): CodeIgniter\CodeIgniter->run()
#5 C:\laragon\www\ci4dev\system\Commands\Server\rewrite.php(43): require_once('C:\\laragon\\www\\...')
#6 {main}
CRITICAL - 2024-01-10 06:59:36 --> Undefined variable $plgUP3
#0 C:\laragon\www\ci4dev\app\Views\up3\tambahva.php(48): CodeIgniter\Debug\Exceptions->errorHandler(2, 'Undefined varia...', 'C:\\laragon\\www\\...', 48)
#1 C:\laragon\www\ci4dev\system\View\View.php(210): include('C:\\laragon\\www\\...')
#2 C:\laragon\www\ci4dev\system\View\View.php(213): CodeIgniter\View\View->CodeIgniter\View\{closure}()
#3 C:\laragon\www\ci4dev\system\Common.php(1089): CodeIgniter\View\View->render('up3/tambahva', Array, true)
#4 C:\laragon\www\ci4dev\app\Controllers\UP3.php(189): view('up3/tambahva', Array)
#5 C:\laragon\www\ci4dev\system\CodeIgniter.php(832): App\Controllers\UP3->tambahva()
#6 C:\laragon\www\ci4dev\system\CodeIgniter.php(419): CodeIgniter\CodeIgniter->runController(Object(App\Controllers\UP3))
#7 C:\laragon\www\ci4dev\system\CodeIgniter.php(326): CodeIgniter\CodeIgniter->handleRequest(NULL, Object(Config\Cache), false)
#8 C:\laragon\www\ci4dev\public\index.php(37): CodeIgniter\CodeIgniter->run()
#9 C:\laragon\www\ci4dev\system\Commands\Server\rewrite.php(43): require_once('C:\\laragon\\www\\...')
#10 {main}
ERROR - 2024-01-10 08:15:07 --> Incorrect DATE value: 'SELECT MAX(`bulan`) AS `bulan`
FROM `kategori`'
CRITICAL - 2024-01-10 08:15:07 --> Incorrect DATE value: 'SELECT MAX(`bulan`) AS `bulan`
FROM `kategori`'
#0 C:\laragon\www\ci4dev\system\Database\MySQLi\Connection.php(292): mysqli->query('SELECT *\nFROM `...', 0)
#1 C:\laragon\www\ci4dev\system\Database\BaseConnection.php(670): CodeIgniter\Database\MySQLi\Connection->execute('SELECT *\nFROM `...')
#2 C:\laragon\www\ci4dev\system\Database\BaseConnection.php(598): CodeIgniter\Database\BaseConnection->simpleQuery('SELECT *\nFROM `...')
#3 C:\laragon\www\ci4dev\system\Database\BaseBuilder.php(1455): CodeIgniter\Database\BaseConnection->query('SELECT *\nFROM `...', Array, false)
#4 C:\laragon\www\ci4dev\system\Model.php(183): CodeIgniter\Database\BaseBuilder->get()
#5 C:\laragon\www\ci4dev\system\BaseModel.php(584): CodeIgniter\Model->doFindAll(0, 0)
#6 C:\laragon\www\ci4dev\app\Controllers\UP3.php(170): CodeIgniter\BaseModel->findAll()
#7 C:\laragon\www\ci4dev\system\CodeIgniter.php(832): App\Controllers\UP3->datava()
#8 C:\laragon\www\ci4dev\system\CodeIgniter.php(419): CodeIgniter\CodeIgniter->runController(Object(App\Controllers\UP3))
#9 C:\laragon\www\ci4dev\system\CodeIgniter.php(326): CodeIgniter\CodeIgniter->handleRequest(NULL, Object(Config\Cache), false)
#10 C:\laragon\www\ci4dev\public\index.php(37): CodeIgniter\CodeIgniter->run()
#11 C:\laragon\www\ci4dev\system\Commands\Server\rewrite.php(43): require_once('C:\\laragon\\www\\...')
#12 {main}
ERROR - 2024-01-10 08:17:19 --> Incorrect DATE value: 'SELECT MAX(`bulan`) AS `bulan`
FROM `kategori`'
CRITICAL - 2024-01-10 08:17:19 --> Incorrect DATE value: 'SELECT MAX(`bulan`) AS `bulan`
FROM `kategori`'
#0 C:\laragon\www\ci4dev\system\Database\MySQLi\Connection.php(292): mysqli->query('SELECT *\nFROM `...', 0)
#1 C:\laragon\www\ci4dev\system\Database\BaseConnection.php(670): CodeIgniter\Database\MySQLi\Connection->execute('SELECT *\nFROM `...')
#2 C:\laragon\www\ci4dev\system\Database\BaseConnection.php(598): CodeIgniter\Database\BaseConnection->simpleQuery('SELECT *\nFROM `...')
#3 C:\laragon\www\ci4dev\system\Database\BaseBuilder.php(1455): CodeIgniter\Database\BaseConnection->query('SELECT *\nFROM `...', Array, false)
#4 C:\laragon\www\ci4dev\system\Model.php(728): CodeIgniter\Database\BaseBuilder->get()
#5 C:\laragon\www\ci4dev\app\Controllers\UP3.php(170): CodeIgniter\Model->__call('get', Array)
#6 C:\laragon\www\ci4dev\system\CodeIgniter.php(832): App\Controllers\UP3->datava()
#7 C:\laragon\www\ci4dev\system\CodeIgniter.php(419): CodeIgniter\CodeIgniter->runController(Object(App\Controllers\UP3))
#8 C:\laragon\www\ci4dev\system\CodeIgniter.php(326): CodeIgniter\CodeIgniter->handleRequest(NULL, Object(Config\Cache), false)
#9 C:\laragon\www\ci4dev\public\index.php(37): CodeIgniter\CodeIgniter->run()
#10 C:\laragon\www\ci4dev\system\Commands\Server\rewrite.php(43): require_once('C:\\laragon\\www\\...')
#11 {main}
ERROR - 2024-01-10 08:17:29 --> Incorrect DATE value: 'SELECT MAX(`bulan`) AS `bulan`
FROM `kategori`'
CRITICAL - 2024-01-10 08:17:29 --> Incorrect DATE value: 'SELECT MAX(`bulan`) AS `bulan`
FROM `kategori`'
#0 C:\laragon\www\ci4dev\system\Database\MySQLi\Connection.php(292): mysqli->query('SELECT *\nFROM `...', 0)
#1 C:\laragon\www\ci4dev\system\Database\BaseConnection.php(670): CodeIgniter\Database\MySQLi\Connection->execute('SELECT *\nFROM `...')
#2 C:\laragon\www\ci4dev\system\Database\BaseConnection.php(598): CodeIgniter\Database\BaseConnection->simpleQuery('SELECT *\nFROM `...')
#3 C:\laragon\www\ci4dev\system\Database\BaseBuilder.php(1455): CodeIgniter\Database\BaseConnection->query('SELECT *\nFROM `...', Array, false)
#4 C:\laragon\www\ci4dev\system\Model.php(728): CodeIgniter\Database\BaseBuilder->get()
#5 C:\laragon\www\ci4dev\app\Controllers\UP3.php(170): CodeIgniter\Model->__call('get', Array)
#6 C:\laragon\www\ci4dev\system\CodeIgniter.php(832): App\Controllers\UP3->datava()
#7 C:\laragon\www\ci4dev\system\CodeIgniter.php(419): CodeIgniter\CodeIgniter->runController(Object(App\Controllers\UP3))
#8 C:\laragon\www\ci4dev\system\CodeIgniter.php(326): CodeIgniter\CodeIgniter->handleRequest(NULL, Object(Config\Cache), false)
#9 C:\laragon\www\ci4dev\public\index.php(37): CodeIgniter\CodeIgniter->run()
#10 C:\laragon\www\ci4dev\system\Commands\Server\rewrite.php(43): require_once('C:\\laragon\\www\\...')
#11 {main}
CRITICAL - 2024-01-10 08:40:17 --> Call to undefined method CodeIgniter\Router\RouteCollection::deleteva()
#0 C:\laragon\www\ci4dev\system\CodeIgniter.php(713): require()
#1 C:\laragon\www\ci4dev\system\CodeIgniter.php(368): CodeIgniter\CodeIgniter->tryToRouteIt(Object(CodeIgniter\Router\RouteCollection))
#2 C:\laragon\www\ci4dev\system\CodeIgniter.php(326): CodeIgniter\CodeIgniter->handleRequest(NULL, Object(Config\Cache), false)
#3 C:\laragon\www\ci4dev\public\index.php(37): CodeIgniter\CodeIgniter->run()
#4 C:\laragon\www\ci4dev\system\Commands\Server\rewrite.php(43): require_once('C:\\laragon\\www\\...')
#5 {main}
CRITICAL - 2024-01-10 08:40:34 --> Call to undefined method CodeIgniter\Router\RouteCollection::deleteva()
#0 C:\laragon\www\ci4dev\system\CodeIgniter.php(713): require()
#1 C:\laragon\www\ci4dev\system\CodeIgniter.php(368): CodeIgniter\CodeIgniter->tryToRouteIt(Object(CodeIgniter\Router\RouteCollection))
#2 C:\laragon\www\ci4dev\system\CodeIgniter.php(326): CodeIgniter\CodeIgniter->handleRequest(NULL, Object(Config\Cache), false)
#3 C:\laragon\www\ci4dev\public\index.php(37): CodeIgniter\CodeIgniter->run()
#4 C:\laragon\www\ci4dev\system\Commands\Server\rewrite.php(43): require_once('C:\\laragon\\www\\...')
#5 {main}
CRITICAL - 2024-01-10 08:40:35 --> Call to undefined method CodeIgniter\Router\RouteCollection::deleteva()
#0 C:\laragon\www\ci4dev\system\CodeIgniter.php(713): require()
#1 C:\laragon\www\ci4dev\system\CodeIgniter.php(368): CodeIgniter\CodeIgniter->tryToRouteIt(Object(CodeIgniter\Router\RouteCollection))
#2 C:\laragon\www\ci4dev\system\CodeIgniter.php(326): CodeIgniter\CodeIgniter->handleRequest(NULL, Object(Config\Cache), false)
#3 C:\laragon\www\ci4dev\public\index.php(37): CodeIgniter\CodeIgniter->run()
#4 C:\laragon\www\ci4dev\system\Commands\Server\rewrite.php(43): require_once('C:\\laragon\\www\\...')
#5 {main}
CRITICAL - 2024-01-10 08:40:36 --> Call to undefined method CodeIgniter\Router\RouteCollection::deleteva()
#0 C:\laragon\www\ci4dev\system\CodeIgniter.php(713): require()
#1 C:\laragon\www\ci4dev\system\CodeIgniter.php(368): CodeIgniter\CodeIgniter->tryToRouteIt(Object(CodeIgniter\Router\RouteCollection))
#2 C:\laragon\www\ci4dev\system\CodeIgniter.php(326): CodeIgniter\CodeIgniter->handleRequest(NULL, Object(Config\Cache), false)
#3 C:\laragon\www\ci4dev\public\index.php(37): CodeIgniter\CodeIgniter->run()
#4 C:\laragon\www\ci4dev\system\Commands\Server\rewrite.php(43): require_once('C:\\laragon\\www\\...')
#5 {main}
CRITICAL - 2024-01-10 08:55:18 --> Invalid file: up3/editkwh.php
#0 C:\laragon\www\ci4dev\system\View\View.php(198): CodeIgniter\Exceptions\FrameworkException::forInvalidFile('up3/editkwh.php')
#1 C:\laragon\www\ci4dev\system\Common.php(1089): CodeIgniter\View\View->render('up3/editkwh', Array, true)
#2 C:\laragon\www\ci4dev\app\Controllers\UP3.php(352): view('up3/editkwh', Array)
#3 C:\laragon\www\ci4dev\system\CodeIgniter.php(832): App\Controllers\UP3->editkwh('6')
#4 C:\laragon\www\ci4dev\system\CodeIgniter.php(419): CodeIgniter\CodeIgniter->runController(Object(App\Controllers\UP3))
#5 C:\laragon\www\ci4dev\system\CodeIgniter.php(326): CodeIgniter\CodeIgniter->handleRequest(NULL, Object(Config\Cache), false)
#6 C:\laragon\www\ci4dev\public\index.php(37): CodeIgniter\CodeIgniter->run()
#7 C:\laragon\www\ci4dev\system\Commands\Server\rewrite.php(43): require_once('C:\\laragon\\www\\...')
#8 {main}
CRITICAL - 2024-01-10 09:20:21 --> Undefined variable $uniqueYears
#0 C:\laragon\www\ci4dev\app\Views\up3\datava.php(13): CodeIgniter\Debug\Exceptions->errorHandler(2, 'Undefined varia...', 'C:\\laragon\\www\\...', 13)
#1 C:\laragon\www\ci4dev\system\View\View.php(210): include('C:\\laragon\\www\\...')
#2 C:\laragon\www\ci4dev\system\View\View.php(213): CodeIgniter\View\View->CodeIgniter\View\{closure}()
#3 C:\laragon\www\ci4dev\system\Common.php(1089): CodeIgniter\View\View->render('up3/datava', Array, true)
#4 C:\laragon\www\ci4dev\app\Controllers\UP3.php(173): view('up3/datava', Array)
#5 C:\laragon\www\ci4dev\system\CodeIgniter.php(832): App\Controllers\UP3->datava()
#6 C:\laragon\www\ci4dev\system\CodeIgniter.php(419): CodeIgniter\CodeIgniter->runController(Object(App\Controllers\UP3))
#7 C:\laragon\www\ci4dev\system\CodeIgniter.php(326): CodeIgniter\CodeIgniter->handleRequest(NULL, Object(Config\Cache), false)
#8 C:\laragon\www\ci4dev\public\index.php(37): CodeIgniter\CodeIgniter->run()
#9 C:\laragon\www\ci4dev\system\Commands\Server\rewrite.php(43): require_once('C:\\laragon\\www\\...')
#10 {main}
CRITICAL - 2024-01-10 10:05:04 --> Undefined variable $uniqueMonths
#0 C:\laragon\www\ci4dev\app\Views\up3\datava.php(27): CodeIgniter\Debug\Exceptions->errorHandler(2, 'Undefined varia...', 'C:\\laragon\\www\\...', 27)
#1 C:\laragon\www\ci4dev\system\View\View.php(210): include('C:\\laragon\\www\\...')
#2 C:\laragon\www\ci4dev\system\View\View.php(213): CodeIgniter\View\View->CodeIgniter\View\{closure}()
#3 C:\laragon\www\ci4dev\system\Common.php(1089): CodeIgniter\View\View->render('up3/datava', Array, true)
#4 C:\laragon\www\ci4dev\app\Controllers\UP3.php(176): view('up3/datava', Array)
#5 C:\laragon\www\ci4dev\system\CodeIgniter.php(832): App\Controllers\UP3->datava()
#6 C:\laragon\www\ci4dev\system\CodeIgniter.php(419): CodeIgniter\CodeIgniter->runController(Object(App\Controllers\UP3))
#7 C:\laragon\www\ci4dev\system\CodeIgniter.php(326): CodeIgniter\CodeIgniter->handleRequest(NULL, Object(Config\Cache), false)
#8 C:\laragon\www\ci4dev\public\index.php(37): CodeIgniter\CodeIgniter->run()
#9 C:\laragon\www\ci4dev\system\Commands\Server\rewrite.php(43): require_once('C:\\laragon\\www\\...')
#10 {main}
ERROR - 2024-01-10 20:21:02 --> You have an error in your SQL syntax; check the manual that corresponds to your MySQL server version for the right syntax to use near 'klasifikasi_id IN ('1', '2') ORDER BY bulan DESC' at line 1
CRITICAL - 2024-01-10 20:21:02 --> You have an error in your SQL syntax; check the manual that corresponds to your MySQL server version for the right syntax to use near 'klasifikasi_id IN ('1', '2') ORDER BY bulan DESC' at line 1
#0 C:\laragon\www\ci4dev\system\Database\MySQLi\Connection.php(292): mysqli->query('SELECT * FROM k...', 0)
#1 C:\laragon\www\ci4dev\system\Database\BaseConnection.php(670): CodeIgniter\Database\MySQLi\Connection->execute('SELECT * FROM k...')
#2 C:\laragon\www\ci4dev\system\Database\BaseConnection.php(598): CodeIgniter\Database\BaseConnection->simpleQuery('SELECT * FROM k...')
#3 C:\laragon\www\ci4dev\system\Model.php(726): CodeIgniter\Database\BaseConnection->query('SELECT * FROM k...')
#4 C:\laragon\www\ci4dev\app\Controllers\UP3.php(203): CodeIgniter\Model->__call('query', Array)
#5 C:\laragon\www\ci4dev\app\Controllers\UP3.php(176): App\Controllers\UP3->getUniqueMonths('2024')
#6 C:\laragon\www\ci4dev\system\CodeIgniter.php(832): App\Controllers\UP3->datava()
#7 C:\laragon\www\ci4dev\system\CodeIgniter.php(419): CodeIgniter\CodeIgniter->runController(Object(App\Controllers\UP3))
#8 C:\laragon\www\ci4dev\system\CodeIgniter.php(326): CodeIgniter\CodeIgniter->handleRequest(NULL, Object(Config\Cache), false)
#9 C:\laragon\www\ci4dev\public\index.php(37): CodeIgniter\CodeIgniter->run()
#10 C:\laragon\www\ci4dev\system\Commands\Server\rewrite.php(43): require_once('C:\\laragon\\www\\...')
#11 {main}
ERROR - 2024-01-10 20:26:52 --> Incorrect DATE value: '2024'
CRITICAL - 2024-01-10 20:26:52 --> Incorrect DATE value: '2024'
#0 C:\laragon\www\ci4dev\system\Database\MySQLi\Connection.php(292): mysqli->query('SELECT *\nFROM `...', 0)
#1 C:\laragon\www\ci4dev\system\Database\BaseConnection.php(670): CodeIgniter\Database\MySQLi\Connection->execute('SELECT *\nFROM `...')
#2 C:\laragon\www\ci4dev\system\Database\BaseConnection.php(598): CodeIgniter\Database\BaseConnection->simpleQuery('SELECT *\nFROM `...')
#3 C:\laragon\www\ci4dev\system\Database\BaseBuilder.php(1455): CodeIgniter\Database\BaseConnection->query('SELECT *\nFROM `...', Array, false)
#4 C:\laragon\www\ci4dev\system\Model.php(183): CodeIgniter\Database\BaseBuilder->get()
#5 C:\laragon\www\ci4dev\system\BaseModel.php(584): CodeIgniter\Model->doFindAll(0, 0)
#6 C:\laragon\www\ci4dev\app\Controllers\UP3.php(171): CodeIgniter\BaseModel->findAll()
#7 C:\laragon\www\ci4dev\system\CodeIgniter.php(832): App\Controllers\UP3->datava()
#8 C:\laragon\www\ci4dev\system\CodeIgniter.php(419): CodeIgniter\CodeIgniter->runController(Object(App\Controllers\UP3))
#9 C:\laragon\www\ci4dev\system\CodeIgniter.php(326): CodeIgniter\CodeIgniter->handleRequest(NULL, Object(Config\Cache), false)
#10 C:\laragon\www\ci4dev\public\index.php(37): CodeIgniter\CodeIgniter->run()
#11 C:\laragon\www\ci4dev\system\Commands\Server\rewrite.php(43): require_once('C:\\laragon\\www\\...')
#12 {main}
ERROR - 2024-01-10 20:30:52 --> FUNCTION simpel.YAER does not exist
CRITICAL - 2024-01-10 20:30:52 --> FUNCTION simpel.YAER does not exist
#0 C:\laragon\www\ci4dev\system\Database\MySQLi\Connection.php(292): mysqli->query('SELECT *\nFROM `...', 0)
#1 C:\laragon\www\ci4dev\system\Database\BaseConnection.php(670): CodeIgniter\Database\MySQLi\Connection->execute('SELECT *\nFROM `...')
#2 C:\laragon\www\ci4dev\system\Database\BaseConnection.php(598): CodeIgniter\Database\BaseConnection->simpleQuery('SELECT *\nFROM `...')
#3 C:\laragon\www\ci4dev\system\Database\BaseBuilder.php(1455): CodeIgniter\Database\BaseConnection->query('SELECT *\nFROM `...', Array, false)
#4 C:\laragon\www\ci4dev\system\Model.php(183): CodeIgniter\Database\BaseBuilder->get()
#5 C:\laragon\www\ci4dev\system\BaseModel.php(584): CodeIgniter\Model->doFindAll(0, 0)
#6 C:\laragon\www\ci4dev\app\Controllers\UP3.php(171): CodeIgniter\BaseModel->findAll()
#7 C:\laragon\www\ci4dev\system\CodeIgniter.php(832): App\Controllers\UP3->datava()
#8 C:\laragon\www\ci4dev\system\CodeIgniter.php(419): CodeIgniter\CodeIgniter->runController(Object(App\Controllers\UP3))
#9 C:\laragon\www\ci4dev\system\CodeIgniter.php(326): CodeIgniter\CodeIgniter->handleRequest(NULL, Object(Config\Cache), false)
#10 C:\laragon\www\ci4dev\public\index.php(37): CodeIgniter\CodeIgniter->run()
#11 C:\laragon\www\ci4dev\system\Commands\Server\rewrite.php(43): require_once('C:\\laragon\\www\\...')
#12 {main}
CRITICAL - 2024-01-10 21:49:56 --> Call to undefined function App\Controllers\formatTanggalIDN()
#0 C:\laragon\www\ci4dev\system\CodeIgniter.php(832): App\Controllers\UP3->datava()
#1 C:\laragon\www\ci4dev\system\CodeIgniter.php(419): CodeIgniter\CodeIgniter->runController(Object(App\Controllers\UP3))
#2 C:\laragon\www\ci4dev\system\CodeIgniter.php(326): CodeIgniter\CodeIgniter->handleRequest(NULL, Object(Config\Cache), false)
#3 C:\laragon\www\ci4dev\public\index.php(37): CodeIgniter\CodeIgniter->run()
#4 C:\laragon\www\ci4dev\system\Commands\Server\rewrite.php(43): require_once('C:\\laragon\\www\\...')
#5 {main}
CRITICAL - 2024-01-10 21:50:12 --> Call to undefined function App\Controllers\formatTanggalIDN()
#0 C:\laragon\www\ci4dev\system\CodeIgniter.php(832): App\Controllers\UP3->datava()
#1 C:\laragon\www\ci4dev\system\CodeIgniter.php(419): CodeIgniter\CodeIgniter->runController(Object(App\Controllers\UP3))
#2 C:\laragon\www\ci4dev\system\CodeIgniter.php(326): CodeIgniter\CodeIgniter->handleRequest(NULL, Object(Config\Cache), false)
#3 C:\laragon\www\ci4dev\public\index.php(37): CodeIgniter\CodeIgniter->run()
#4 C:\laragon\www\ci4dev\system\Commands\Server\rewrite.php(43): require_once('C:\\laragon\\www\\...')
#5 {main}
CRITICAL - 2024-01-10 21:50:15 --> Call to undefined function App\Controllers\formatTanggalIDN()
#0 C:\laragon\www\ci4dev\system\CodeIgniter.php(832): App\Controllers\UP3->datava()
#1 C:\laragon\www\ci4dev\system\CodeIgniter.php(419): CodeIgniter\CodeIgniter->runController(Object(App\Controllers\UP3))
#2 C:\laragon\www\ci4dev\system\CodeIgniter.php(326): CodeIgniter\CodeIgniter->handleRequest(NULL, Object(Config\Cache), false)
#3 C:\laragon\www\ci4dev\public\index.php(37): CodeIgniter\CodeIgniter->run()
#4 C:\laragon\www\ci4dev\system\Commands\Server\rewrite.php(43): require_once('C:\\laragon\\www\\...')
#5 {main}
CRITICAL - 2024-01-10 21:50:53 --> Undefined variable $namaBulan
#0 C:\laragon\www\ci4dev\app\Views\up3\datava.php(127): CodeIgniter\Debug\Exceptions->errorHandler(2, 'Undefined varia...', 'C:\\laragon\\www\\...', 127)
#1 C:\laragon\www\ci4dev\system\View\View.php(210): include('C:\\laragon\\www\\...')
#2 C:\laragon\www\ci4dev\system\View\View.php(213): CodeIgniter\View\View->CodeIgniter\View\{closure}()
#3 C:\laragon\www\ci4dev\system\Common.php(1089): CodeIgniter\View\View->render('up3/datava', Array, true)
#4 C:\laragon\www\ci4dev\app\Controllers\UP3.php(204): view('up3/datava', Array)
#5 C:\laragon\www\ci4dev\system\CodeIgniter.php(832): App\Controllers\UP3->datava()
#6 C:\laragon\www\ci4dev\system\CodeIgniter.php(419): CodeIgniter\CodeIgniter->runController(Object(App\Controllers\UP3))
#7 C:\laragon\www\ci4dev\system\CodeIgniter.php(326): CodeIgniter\CodeIgniter->handleRequest(NULL, Object(Config\Cache), false)
#8 C:\laragon\www\ci4dev\public\index.php(37): CodeIgniter\CodeIgniter->run()
#9 C:\laragon\www\ci4dev\system\Commands\Server\rewrite.php(43): require_once('C:\\laragon\\www\\...')
#10 {main}
CRITICAL - 2024-01-10 21:55:22 --> syntax error, unexpected token ";", expecting ")"
#0 C:\laragon\www\ci4dev\system\View\View.php(213): CodeIgniter\View\View->CodeIgniter\View\{closure}()
#1 C:\laragon\www\ci4dev\system\Common.php(1089): CodeIgniter\View\View->render('up3/datava', Array, true)
#2 C:\laragon\www\ci4dev\app\Controllers\UP3.php(204): view('up3/datava', Array)
#3 C:\laragon\www\ci4dev\system\CodeIgniter.php(832): App\Controllers\UP3->datava()
#4 C:\laragon\www\ci4dev\system\CodeIgniter.php(419): CodeIgniter\CodeIgniter->runController(Object(App\Controllers\UP3))
#5 C:\laragon\www\ci4dev\system\CodeIgniter.php(326): CodeIgniter\CodeIgniter->handleRequest(NULL, Object(Config\Cache), false)
#6 C:\laragon\www\ci4dev\public\index.php(37): CodeIgniter\CodeIgniter->run()
#7 C:\laragon\www\ci4dev\system\Commands\Server\rewrite.php(43): require_once('C:\\laragon\\www\\...')
#8 {main}
CRITICAL - 2024-01-10 21:57:48 --> strtotime(): Passing null to parameter #1 ($datetime) of type string is deprecated
#0 [internal function]: CodeIgniter\Debug\Exceptions->errorHandler(8192, 'strtotime(): Pa...', 'C:\\laragon\\www\\...', 127)
#1 C:\laragon\www\ci4dev\app\Views\up3\datava.php(127): strtotime(NULL)
#2 C:\laragon\www\ci4dev\system\View\View.php(210): include('C:\\laragon\\www\\...')
#3 C:\laragon\www\ci4dev\system\View\View.php(213): CodeIgniter\View\View->CodeIgniter\View\{closure}()
#4 C:\laragon\www\ci4dev\system\Common.php(1089): CodeIgniter\View\View->render('up3/datava', Array, true)
#5 C:\laragon\www\ci4dev\app\Controllers\UP3.php(204): view('up3/datava', Array)
#6 C:\laragon\www\ci4dev\system\CodeIgniter.php(832): App\Controllers\UP3->datava()
#7 C:\laragon\www\ci4dev\system\CodeIgniter.php(419): CodeIgniter\CodeIgniter->runController(Object(App\Controllers\UP3))
#8 C:\laragon\www\ci4dev\system\CodeIgniter.php(326): CodeIgniter\CodeIgniter->handleRequest(NULL, Object(Config\Cache), false)
#9 C:\laragon\www\ci4dev\public\index.php(37): CodeIgniter\CodeIgniter->run()
#10 C:\laragon\www\ci4dev\system\Commands\Server\rewrite.php(43): require_once('C:\\laragon\\www\\...')
#11 {main}
CRITICAL - 2024-01-10 21:58:09 --> strtotime(): Passing null to parameter #1 ($datetime) of type string is deprecated
#0 [internal function]: CodeIgniter\Debug\Exceptions->errorHandler(8192, 'strtotime(): Pa...', 'C:\\laragon\\www\\...', 127)
#1 C:\laragon\www\ci4dev\app\Views\up3\datava.php(127): strtotime(NULL)
#2 C:\laragon\www\ci4dev\system\View\View.php(210): include('C:\\laragon\\www\\...')
#3 C:\laragon\www\ci4dev\system\View\View.php(213): CodeIgniter\View\View->CodeIgniter\View\{closure}()
#4 C:\laragon\www\ci4dev\system\Common.php(1089): CodeIgniter\View\View->render('up3/datava', Array, true)
#5 C:\laragon\www\ci4dev\app\Controllers\UP3.php(204): view('up3/datava', Array)
#6 C:\laragon\www\ci4dev\system\CodeIgniter.php(832): App\Controllers\UP3->datava()
#7 C:\laragon\www\ci4dev\system\CodeIgniter.php(419): CodeIgniter\CodeIgniter->runController(Object(App\Controllers\UP3))
#8 C:\laragon\www\ci4dev\system\CodeIgniter.php(326): CodeIgniter\CodeIgniter->handleRequest(NULL, Object(Config\Cache), false)
#9 C:\laragon\www\ci4dev\public\index.php(37): CodeIgniter\CodeIgniter->run()
#10 C:\laragon\www\ci4dev\system\Commands\Server\rewrite.php(43): require_once('C:\\laragon\\www\\...')
#11 {main}
