CRITICAL - 2023-12-26 01:41:22 --> Unknown column 'k.jenis_klasifikasi' in 'field list'
#0 C:\laragon\www\ci4dev\app\Views\pages\dataplg.php(20): mysqli_query(Object(mysqli), 'SELECT k.klasif...')
#1 C:\laragon\www\ci4dev\system\View\View.php(210): include('C:\\laragon\\www\\...')
#2 C:\laragon\www\ci4dev\system\View\View.php(213): CodeIgniter\View\View->CodeIgniter\View\{closure}()
#3 C:\laragon\www\ci4dev\system\Common.php(1089): CodeIgniter\View\View->render('pages/dataplg', Array, true)
#4 C:\laragon\www\ci4dev\app\Controllers\Pages.php(20): view('pages/dataplg', Array)
#5 C:\laragon\www\ci4dev\system\CodeIgniter.php(832): App\Controllers\Pages->dataplg()
#6 C:\laragon\www\ci4dev\system\CodeIgniter.php(419): CodeIgniter\CodeIgniter->runController(Object(App\Controllers\Pages))
#7 C:\laragon\www\ci4dev\system\CodeIgniter.php(326): CodeIgniter\CodeIgniter->handleRequest(NULL, Object(Config\Cache), false)
#8 C:\laragon\www\ci4dev\public\index.php(37): CodeIgniter\CodeIgniter->run()
#9 C:\laragon\www\ci4dev\system\Commands\Server\rewrite.php(43): require_once('C:\\laragon\\www\\...')
#10 {main}
CRITICAL - 2023-12-26 01:55:43 --> Undefined variable $result
#0 C:\laragon\www\ci4dev\app\Views\pages\dataplg.php(22): CodeIgniter\Debug\Exceptions->errorHandler(2, 'Undefined varia...', 'C:\\laragon\\www\\...', 22)
#1 C:\laragon\www\ci4dev\system\View\View.php(210): include('C:\\laragon\\www\\...')
#2 C:\laragon\www\ci4dev\system\View\View.php(213): CodeIgniter\View\View->CodeIgniter\View\{closure}()
#3 C:\laragon\www\ci4dev\system\Common.php(1089): CodeIgniter\View\View->render('pages/dataplg', Array, true)
#4 C:\laragon\www\ci4dev\app\Controllers\Pages.php(20): view('pages/dataplg', Array)
#5 C:\laragon\www\ci4dev\system\CodeIgniter.php(832): App\Controllers\Pages->dataplg()
#6 C:\laragon\www\ci4dev\system\CodeIgniter.php(419): CodeIgniter\CodeIgniter->runController(Object(App\Controllers\Pages))
#7 C:\laragon\www\ci4dev\system\CodeIgniter.php(326): CodeIgniter\CodeIgniter->handleRequest(NULL, Object(Config\Cache), false)
#8 C:\laragon\www\ci4dev\public\index.php(37): CodeIgniter\CodeIgniter->run()
#9 C:\laragon\www\ci4dev\system\Commands\Server\rewrite.php(43): require_once('C:\\laragon\\www\\...')
#10 {main}
CRITICAL - 2023-12-26 01:55:46 --> Undefined variable $result
#0 C:\laragon\www\ci4dev\app\Views\pages\dataplg.php(22): CodeIgniter\Debug\Exceptions->errorHandler(2, 'Undefined varia...', 'C:\\laragon\\www\\...', 22)
#1 C:\laragon\www\ci4dev\system\View\View.php(210): include('C:\\laragon\\www\\...')
#2 C:\laragon\www\ci4dev\system\View\View.php(213): CodeIgniter\View\View->CodeIgniter\View\{closure}()
#3 C:\laragon\www\ci4dev\system\Common.php(1089): CodeIgniter\View\View->render('pages/dataplg', Array, true)
#4 C:\laragon\www\ci4dev\app\Controllers\Pages.php(20): view('pages/dataplg', Array)
#5 C:\laragon\www\ci4dev\system\CodeIgniter.php(832): App\Controllers\Pages->dataplg()
#6 C:\laragon\www\ci4dev\system\CodeIgniter.php(419): CodeIgniter\CodeIgniter->runController(Object(App\Controllers\Pages))
#7 C:\laragon\www\ci4dev\system\CodeIgniter.php(326): CodeIgniter\CodeIgniter->handleRequest(NULL, Object(Config\Cache), false)
#8 C:\laragon\www\ci4dev\public\index.php(37): CodeIgniter\CodeIgniter->run()
#9 C:\laragon\www\ci4dev\system\Commands\Server\rewrite.php(43): require_once('C:\\laragon\\www\\...')
#10 {main}
CRITICAL - 2023-12-26 01:55:46 --> Undefined variable $result
#0 C:\laragon\www\ci4dev\app\Views\pages\dataplg.php(22): CodeIgniter\Debug\Exceptions->errorHandler(2, 'Undefined varia...', 'C:\\laragon\\www\\...', 22)
#1 C:\laragon\www\ci4dev\system\View\View.php(210): include('C:\\laragon\\www\\...')
#2 C:\laragon\www\ci4dev\system\View\View.php(213): CodeIgniter\View\View->CodeIgniter\View\{closure}()
#3 C:\laragon\www\ci4dev\system\Common.php(1089): CodeIgniter\View\View->render('pages/dataplg', Array, true)
#4 C:\laragon\www\ci4dev\app\Controllers\Pages.php(20): view('pages/dataplg', Array)
#5 C:\laragon\www\ci4dev\system\CodeIgniter.php(832): App\Controllers\Pages->dataplg()
#6 C:\laragon\www\ci4dev\system\CodeIgniter.php(419): CodeIgniter\CodeIgniter->runController(Object(App\Controllers\Pages))
#7 C:\laragon\www\ci4dev\system\CodeIgniter.php(326): CodeIgniter\CodeIgniter->handleRequest(NULL, Object(Config\Cache), false)
#8 C:\laragon\www\ci4dev\public\index.php(37): CodeIgniter\CodeIgniter->run()
#9 C:\laragon\www\ci4dev\system\Commands\Server\rewrite.php(43): require_once('C:\\laragon\\www\\...')
#10 {main}
ERROR - 2023-12-26 01:58:43 --> You have an error in your SQL syntax; check the manual that corresponds to your MySQL server version for the right syntax to use near 'SELEC * FROM katgori' at line 1
CRITICAL - 2023-12-26 01:58:43 --> You have an error in your SQL syntax; check the manual that corresponds to your MySQL server version for the right syntax to use near 'SELEC * FROM katgori' at line 1
#0 C:\laragon\www\ci4dev\system\Database\MySQLi\Connection.php(292): mysqli->query('SELEC * FROM ka...', 0)
#1 C:\laragon\www\ci4dev\system\Database\BaseConnection.php(670): CodeIgniter\Database\MySQLi\Connection->execute('SELEC * FROM ka...')
#2 C:\laragon\www\ci4dev\system\Database\BaseConnection.php(598): CodeIgniter\Database\BaseConnection->simpleQuery('SELEC * FROM ka...')
#3 C:\laragon\www\ci4dev\app\Controllers\Pages.php(22): CodeIgniter\Database\BaseConnection->query('SELEC * FROM ka...')
#4 C:\laragon\www\ci4dev\system\CodeIgniter.php(832): App\Controllers\Pages->dataplg()
#5 C:\laragon\www\ci4dev\system\CodeIgniter.php(419): CodeIgniter\CodeIgniter->runController(Object(App\Controllers\Pages))
#6 C:\laragon\www\ci4dev\system\CodeIgniter.php(326): CodeIgniter\CodeIgniter->handleRequest(NULL, Object(Config\Cache), false)
#7 C:\laragon\www\ci4dev\public\index.php(37): CodeIgniter\CodeIgniter->run()
#8 C:\laragon\www\ci4dev\system\Commands\Server\rewrite.php(43): require_once('C:\\laragon\\www\\...')
#9 {main}
ERROR - 2023-12-26 01:59:06 --> Table 'simpel.katgori' doesn't exist
CRITICAL - 2023-12-26 01:59:06 --> Table 'simpel.katgori' doesn't exist
#0 C:\laragon\www\ci4dev\system\Database\MySQLi\Connection.php(292): mysqli->query('SELECT * FROM k...', 0)
#1 C:\laragon\www\ci4dev\system\Database\BaseConnection.php(670): CodeIgniter\Database\MySQLi\Connection->execute('SELECT * FROM k...')
#2 C:\laragon\www\ci4dev\system\Database\BaseConnection.php(598): CodeIgniter\Database\BaseConnection->simpleQuery('SELECT * FROM k...')
#3 C:\laragon\www\ci4dev\app\Controllers\Pages.php(22): CodeIgniter\Database\BaseConnection->query('SELECT * FROM k...')
#4 C:\laragon\www\ci4dev\system\CodeIgniter.php(832): App\Controllers\Pages->dataplg()
#5 C:\laragon\www\ci4dev\system\CodeIgniter.php(419): CodeIgniter\CodeIgniter->runController(Object(App\Controllers\Pages))
#6 C:\laragon\www\ci4dev\system\CodeIgniter.php(326): CodeIgniter\CodeIgniter->handleRequest(NULL, Object(Config\Cache), false)
#7 C:\laragon\www\ci4dev\public\index.php(37): CodeIgniter\CodeIgniter->run()
#8 C:\laragon\www\ci4dev\system\Commands\Server\rewrite.php(43): require_once('C:\\laragon\\www\\...')
#9 {main}
CRITICAL - 2023-12-26 02:18:33 --> Undefined variable $plg
#0 C:\laragon\www\ci4dev\app\Views\pages\dataplg.php(41): CodeIgniter\Debug\Exceptions->errorHandler(2, 'Undefined varia...', 'C:\\laragon\\www\\...', 41)
#1 C:\laragon\www\ci4dev\system\View\View.php(210): include('C:\\laragon\\www\\...')
#2 C:\laragon\www\ci4dev\system\View\View.php(213): CodeIgniter\View\View->CodeIgniter\View\{closure}()
#3 C:\laragon\www\ci4dev\system\Common.php(1089): CodeIgniter\View\View->render('pages/dataplg', Array, true)
#4 C:\laragon\www\ci4dev\app\Controllers\Pages.php(44): view('pages/dataplg', Array)
#5 C:\laragon\www\ci4dev\system\CodeIgniter.php(832): App\Controllers\Pages->dataplg()
#6 C:\laragon\www\ci4dev\system\CodeIgniter.php(419): CodeIgniter\CodeIgniter->runController(Object(App\Controllers\Pages))
#7 C:\laragon\www\ci4dev\system\CodeIgniter.php(326): CodeIgniter\CodeIgniter->handleRequest(NULL, Object(Config\Cache), false)
#8 C:\laragon\www\ci4dev\public\index.php(37): CodeIgniter\CodeIgniter->run()
#9 C:\laragon\www\ci4dev\system\Commands\Server\rewrite.php(43): require_once('C:\\laragon\\www\\...')
#10 {main}
CRITICAL - 2023-12-26 02:19:11 --> Undefined array key "jenis_klasifikasi"
#0 C:\laragon\www\ci4dev\app\Views\pages\dataplg.php(44): CodeIgniter\Debug\Exceptions->errorHandler(2, 'Undefined array...', 'C:\\laragon\\www\\...', 44)
#1 C:\laragon\www\ci4dev\system\View\View.php(210): include('C:\\laragon\\www\\...')
#2 C:\laragon\www\ci4dev\system\View\View.php(213): CodeIgniter\View\View->CodeIgniter\View\{closure}()
#3 C:\laragon\www\ci4dev\system\Common.php(1089): CodeIgniter\View\View->render('pages/dataplg', Array, true)
#4 C:\laragon\www\ci4dev\app\Controllers\Pages.php(44): view('pages/dataplg', Array)
#5 C:\laragon\www\ci4dev\system\CodeIgniter.php(832): App\Controllers\Pages->dataplg()
#6 C:\laragon\www\ci4dev\system\CodeIgniter.php(419): CodeIgniter\CodeIgniter->runController(Object(App\Controllers\Pages))
#7 C:\laragon\www\ci4dev\system\CodeIgniter.php(326): CodeIgniter\CodeIgniter->handleRequest(NULL, Object(Config\Cache), false)
#8 C:\laragon\www\ci4dev\public\index.php(37): CodeIgniter\CodeIgniter->run()
#9 C:\laragon\www\ci4dev\system\Commands\Server\rewrite.php(43): require_once('C:\\laragon\\www\\...')
#10 {main}
CRITICAL - 2023-12-26 02:19:28 --> Undefined array key "jenis_klasifikasi"
#0 C:\laragon\www\ci4dev\app\Views\pages\dataplg.php(44): CodeIgniter\Debug\Exceptions->errorHandler(2, 'Undefined array...', 'C:\\laragon\\www\\...', 44)
#1 C:\laragon\www\ci4dev\system\View\View.php(210): include('C:\\laragon\\www\\...')
#2 C:\laragon\www\ci4dev\system\View\View.php(213): CodeIgniter\View\View->CodeIgniter\View\{closure}()
#3 C:\laragon\www\ci4dev\system\Common.php(1089): CodeIgniter\View\View->render('pages/dataplg', Array, true)
#4 C:\laragon\www\ci4dev\app\Controllers\Pages.php(44): view('pages/dataplg', Array)
#5 C:\laragon\www\ci4dev\system\CodeIgniter.php(832): App\Controllers\Pages->dataplg()
#6 C:\laragon\www\ci4dev\system\CodeIgniter.php(419): CodeIgniter\CodeIgniter->runController(Object(App\Controllers\Pages))
#7 C:\laragon\www\ci4dev\system\CodeIgniter.php(326): CodeIgniter\CodeIgniter->handleRequest(NULL, Object(Config\Cache), false)
#8 C:\laragon\www\ci4dev\public\index.php(37): CodeIgniter\CodeIgniter->run()
#9 C:\laragon\www\ci4dev\system\Commands\Server\rewrite.php(43): require_once('C:\\laragon\\www\\...')
#10 {main}
CRITICAL - 2023-12-26 02:26:06 --> Undefined variable $d
#0 C:\laragon\www\ci4dev\app\Views\pages\datava.php(33): CodeIgniter\Debug\Exceptions->errorHandler(2, 'Undefined varia...', 'C:\\laragon\\www\\...', 33)
#1 C:\laragon\www\ci4dev\system\View\View.php(210): include('C:\\laragon\\www\\...')
#2 C:\laragon\www\ci4dev\system\View\View.php(213): CodeIgniter\View\View->CodeIgniter\View\{closure}()
#3 C:\laragon\www\ci4dev\system\Common.php(1089): CodeIgniter\View\View->render('pages/datava', Array, true)
#4 C:\laragon\www\ci4dev\app\Controllers\Pages.php(55): view('pages/datava', Array)
#5 C:\laragon\www\ci4dev\system\CodeIgniter.php(832): App\Controllers\Pages->datava()
#6 C:\laragon\www\ci4dev\system\CodeIgniter.php(419): CodeIgniter\CodeIgniter->runController(Object(App\Controllers\Pages))
#7 C:\laragon\www\ci4dev\system\CodeIgniter.php(326): CodeIgniter\CodeIgniter->handleRequest(NULL, Object(Config\Cache), false)
#8 C:\laragon\www\ci4dev\public\index.php(37): CodeIgniter\CodeIgniter->run()
#9 C:\laragon\www\ci4dev\system\Commands\Server\rewrite.php(43): require_once('C:\\laragon\\www\\...')
#10 {main}
