ERROR - 2024-01-07 05:01:02 --> Error connecting to the database: No connection could be made because the target machine actively refused it
CRITICAL - 2024-01-07 05:01:02 --> Unable to connect to the database.
Main connection [MySQLi]: No connection could be made because the target machine actively refused it
#0 C:\laragon\www\ci4dev\system\Database\BaseConnection.php(577): CodeIgniter\Database\BaseConnection->initialize()
#1 C:\laragon\www\ci4dev\system\Database\BaseBuilder.php(1455): CodeIgniter\Database\BaseConnection->query('SELECT *\nFROM `...', Array, false)
#2 C:\laragon\www\ci4dev\system\Model.php(183): CodeIgniter\Database\BaseBuilder->get()
#3 C:\laragon\www\ci4dev\system\BaseModel.php(584): CodeIgniter\Model->doFindAll(0, 0)
#4 C:\laragon\www\ci4dev\app\Controllers\Pages.php(27): CodeIgniter\BaseModel->findAll()
#5 C:\laragon\www\ci4dev\system\CodeIgniter.php(832): App\Controllers\Pages->dataplg()
#6 C:\laragon\www\ci4dev\system\CodeIgniter.php(419): CodeIgniter\CodeIgniter->runController(Object(App\Controllers\Pages))
#7 C:\laragon\www\ci4dev\system\CodeIgniter.php(326): CodeIgniter\CodeIgniter->handleRequest(NULL, Object(Config\Cache), false)
#8 C:\laragon\www\ci4dev\public\index.php(37): CodeIgniter\CodeIgniter->run()
#9 C:\laragon\www\ci4dev\system\Commands\Server\rewrite.php(43): require_once('C:\\laragon\\www\\...')
#10 {main}
ERROR - 2024-01-07 05:01:14 --> Error connecting to the database: No connection could be made because the target machine actively refused it
CRITICAL - 2024-01-07 05:01:14 --> Unable to connect to the database.
Main connection [MySQLi]: No connection could be made because the target machine actively refused it
#0 C:\laragon\www\ci4dev\system\Database\BaseConnection.php(577): CodeIgniter\Database\BaseConnection->initialize()
#1 C:\laragon\www\ci4dev\system\Database\BaseBuilder.php(1455): CodeIgniter\Database\BaseConnection->query('SELECT *\nFROM `...', Array, false)
#2 C:\laragon\www\ci4dev\system\Model.php(183): CodeIgniter\Database\BaseBuilder->get()
#3 C:\laragon\www\ci4dev\system\BaseModel.php(584): CodeIgniter\Model->doFindAll(0, 0)
#4 C:\laragon\www\ci4dev\app\Controllers\Pages.php(50): CodeIgniter\BaseModel->findAll()
#5 C:\laragon\www\ci4dev\system\CodeIgniter.php(832): App\Controllers\Pages->datava()
#6 C:\laragon\www\ci4dev\system\CodeIgniter.php(419): CodeIgniter\CodeIgniter->runController(Object(App\Controllers\Pages))
#7 C:\laragon\www\ci4dev\system\CodeIgniter.php(326): CodeIgniter\CodeIgniter->handleRequest(NULL, Object(Config\Cache), false)
#8 C:\laragon\www\ci4dev\public\index.php(37): CodeIgniter\CodeIgniter->run()
#9 C:\laragon\www\ci4dev\system\Commands\Server\rewrite.php(43): require_once('C:\\laragon\\www\\...')
#10 {main}
